	15
normal_mode_# 1 - Freq(cm^-1): 590.8005
  F -0.002190 -0.253627 -0.307263
  F -0.060533 -0.110581  0.022191
  F  0.004440 -0.286266 -0.072937
  F -0.069669 -0.133572 -0.060859
  F -0.088997 -0.022463 -0.010606
  F  0.047221 -0.070116  0.027353
  F  0.072763  0.264592  0.084376
  F -0.144381 -0.236792 -0.120773
  F -0.011300 -0.157802 -0.046909
  F -0.042124 -0.118306  0.019885
 Pb  0.222170  0.087242  0.134336
 Pb -0.135046 -0.077024  0.354591
 Pb  0.089333 -0.057535 -0.367923
 Pb -0.154840  0.221997  0.021613
 Pb  0.067645  0.165986 -0.001708

#--

	15
normal_mode_# 2 - Freq(cm^-1): 579.3128
  F -0.004652 -0.000978 -0.004316
  F  0.293898 -0.121803 -0.258994
  F  0.093967 -0.258435 -0.120208
  F  0.168948 -0.197319 -0.077794
  F  0.142853  0.080462 -0.069009
  F  0.007742 -0.137853  0.114997
  F  0.036604 -0.011407  0.011648
  F  0.155539  0.162097  0.194882
  F  0.189559  0.064024  0.187814
  F  0.132193 -0.037591  0.387790
 Pb -0.033292 -0.200184 -0.002678
 Pb -0.000132 -0.000951  0.003474
 Pb -0.045791  0.017040 -0.017135
 Pb  0.097239  0.178824  0.021971
 Pb -0.386407  0.144163 -0.116699

#--

	15
normal_mode_# 3 - Freq(cm^-1): 554.4569
  F  0.083694 -0.019429  0.022717
  F  0.281699  0.114655  0.043796
  F  0.188575  0.238830  0.172178
  F  0.056487 -0.121609 -0.089806
  F  0.216555 -0.018303  0.026281
  F  0.159445 -0.158770  0.106307
  F  0.118324 -0.071249  0.024360
  F -0.008146 -0.413857 -0.210758
  F  0.065610  0.071343  0.120428
  F  0.161380 -0.345258  0.039400
 Pb  0.063668  0.209519  0.181651
 Pb -0.147668  0.063769 -0.055682
 Pb -0.224768  0.085283 -0.047233
 Pb  0.030173 -0.172321 -0.126275
 Pb -0.122294  0.032862 -0.029641

#--

	15
normal_mode_# 4 - Freq(cm^-1): 553.2946
  F -0.020175 -0.073151  0.015945
  F  0.191607  0.173864  0.224417
  F -0.136142  0.456144  0.294836
  F  0.005642  0.006313  0.016541
  F  0.133131  0.083730 -0.030628
  F  0.021694  0.104753 -0.052110
  F  0.050241  0.161835  0.094290
  F  0.224944  0.235225  0.364567
  F  0.007675  0.028646  0.041184
  F -0.090025  0.219909  0.142606
 Pb  0.000495 -0.216522 -0.076295
 Pb -0.054936 -0.038194  0.058281
 Pb  0.003981 -0.011036 -0.136071
 Pb -0.090661 -0.229544 -0.139206
 Pb  0.023422  0.072212 -0.043274

#--

	15
normal_mode_# 5 - Freq(cm^-1): 525.3303
  F -0.036991  0.008735  0.000999
  F  0.102193  0.010901 -0.029412
  F -0.140076  0.233782  0.159125
  F  0.007216 -0.025504 -0.077208
  F -0.566025 -0.101109 -0.041092
  F -0.312385  0.411728 -0.204798
  F -0.024852  0.007007  0.000725
  F -0.144432 -0.124583 -0.234438
  F -0.018774  0.035588  0.088861
  F  0.045399 -0.069780  0.078731
 Pb  0.064308  0.040950  0.072670
 Pb  0.271665 -0.100223  0.079714
 Pb  0.030677 -0.008983  0.003863
 Pb  0.056691 -0.080087 -0.046673
 Pb -0.093672  0.031269 -0.031326

#--

	15
normal_mode_# 6 - Freq(cm^-1): 522.8729
  F  0.163608  0.028470 -0.513031
  F  0.131869  0.034165 -0.056525
  F  0.138950 -0.060136 -0.067657
  F  0.024435 -0.056647 -0.181051
  F  0.333956  0.135097 -0.181900
  F -0.056354  0.297314 -0.304878
  F  0.097999  0.047326 -0.269661
  F -0.096568  0.017603 -0.148209
  F  0.039029 -0.059254 -0.172173
  F -0.031222  0.090960 -0.100879
 Pb -0.063227 -0.077533  0.121848
 Pb -0.028744 -0.006765  0.118659
 Pb -0.061185 -0.040628  0.152776
 Pb -0.064165 -0.080950  0.118142
 Pb -0.008471  0.062061  0.092936

#--

	15
normal_mode_# 7 - Freq(cm^-1): 516.8025
  F  0.061982 -0.355481 -0.647508
  F  0.056360  0.013258 -0.093528
  F -0.082062  0.102043  0.086256
  F -0.051258  0.215401  0.184251
  F -0.069630 -0.062034  0.016304
  F  0.004559 -0.095403  0.040430
  F  0.002510 -0.064606 -0.088838
  F  0.070600  0.047313  0.133616
  F  0.072049  0.167552  0.219885
  F  0.016300  0.029209 -0.107956
 Pb -0.070664  0.054943 -0.102893
 Pb -0.033887  0.118855  0.249352
 Pb  0.028274  0.074313  0.001792
 Pb  0.126833 -0.017958 -0.042778
 Pb -0.075118 -0.229318 -0.027668

#--

	15
normal_mode_# 8 - Freq(cm^-1): 498.9189
  F  0.025646 -0.010300  0.005651
  F -0.180306 -0.027639  0.055736
  F  0.496593 -0.299938 -0.091614
  F -0.042233  0.026861  0.005377
  F -0.178383 -0.013478 -0.093153
  F -0.148213  0.128330  0.001157
  F  0.014065 -0.006357  0.004037
  F  0.447584 -0.051024  0.375269
  F -0.042876  0.003198 -0.030564
  F -0.071152  0.123381 -0.132762
 Pb -0.028189 -0.048234 -0.002014
 Pb  0.127552 -0.046498  0.038660
 Pb -0.304207  0.113548 -0.090738
 Pb  0.011173  0.055718 -0.005806
 Pb  0.096550 -0.036105  0.029887

#--

	15
normal_mode_# 9 - Freq(cm^-1): 493.1334
  F  0.110967  0.020051 -0.345483
  F -0.484871 -0.057483  0.210087
  F  0.074173  0.031392  0.032096
  F  0.047542 -0.198963  0.029117
  F -0.164358 -0.063282  0.065906
  F  0.032844 -0.139053  0.127231
  F  0.025020 -0.046806 -0.142217
  F -0.044645  0.075165 -0.004916
  F -0.166548 -0.120031 -0.033680
  F  0.167286 -0.299178  0.404042
 Pb  0.010356  0.006751 -0.069341
 Pb  0.002743  0.052040  0.055011
 Pb -0.037341  0.014416  0.144268
 Pb  0.032323 -0.000460 -0.064152
 Pb  0.113736  0.168969 -0.169446

#--

	15
normal_mode_# 10 - Freq(cm^-1): 492.0393
  F -0.077821 -0.063030  0.181101
  F -0.396411 -0.106729  0.000410
  F -0.122153  0.030545  0.006291
  F -0.017590  0.093892  0.093809
  F  0.426704  0.152231 -0.164609
  F -0.097625  0.345201 -0.316465
  F  0.006970  0.067667  0.057336
  F  0.097032 -0.048574  0.074912
  F  0.023032  0.078427  0.104956
  F  0.184925 -0.324927  0.171084
 Pb -0.130697  0.037287  0.062117
 Pb -0.018912 -0.059355 -0.004990
 Pb  0.036988  0.022092 -0.100283
 Pb  0.072422 -0.037329  0.121558
 Pb  0.032051 -0.030751 -0.141600

#--

	15
normal_mode_# 11 - Freq(cm^-1): 482.7059
  F  0.021287 -0.006483  0.005676
  F  0.031065 -0.042057 -0.117035
  F  0.106146 -0.103466 -0.082217
  F  0.013289 -0.114863  0.082999
  F -0.381031 -0.223693  0.389541
  F  0.087118  0.336293 -0.478719
  F  0.093433 -0.034167  0.026840
  F  0.085621  0.028153  0.136532
  F  0.131844  0.073082 -0.036190
  F -0.009480  0.033428  0.133342
 Pb  0.172539  0.056547 -0.188773
 Pb -0.098186  0.035838 -0.029404
 Pb -0.048302  0.017938 -0.013538
 Pb -0.021127 -0.114279  0.235911
 Pb -0.059319  0.020240 -0.022597

#--

	15
normal_mode_# 12 - Freq(cm^-1): 469.0729
  F -0.010677 -0.000346 -0.004272
  F  0.464321  0.221651  0.172441
  F  0.082132 -0.199837 -0.103458
  F  0.103020 -0.177230  0.191236
  F -0.040012 -0.001703 -0.054371
  F -0.044977  0.025892  0.030012
  F -0.072495  0.022895 -0.017361
  F  0.128093  0.127177  0.171022
  F  0.253533  0.033612 -0.091116
  F  0.242505 -0.487930  0.033816
 Pb -0.164298  0.142090 -0.101216
 Pb  0.071951 -0.022500  0.021193
 Pb  0.025398 -0.008803  0.006140
 Pb -0.235837  0.006525 -0.019344
 Pb -0.031870  0.014675 -0.006137

#--

	15
normal_mode_# 13 - Freq(cm^-1): 474.2742
  F  0.070278  0.185724 -0.005070
  F  0.049087  0.124657  0.219221
  F  0.150372 -0.194037 -0.088591
  F -0.249189  0.443641  0.043318
  F  0.047761  0.027520  0.069475
  F -0.051371  0.055491  0.053958
  F  0.077552  0.095085 -0.150323
  F -0.165675 -0.072375 -0.181010
  F  0.411769  0.199883  0.236915
  F -0.054445  0.150276  0.180669
 Pb  0.108299 -0.051632  0.036568
 Pb -0.038672 -0.117593 -0.006680
 Pb -0.034450 -0.021085  0.091482
 Pb -0.125435  0.035300 -0.037374
 Pb  0.003660 -0.152559 -0.198617

#--

	15
normal_mode_# 14 - Freq(cm^-1): 448.7071
  F -0.038958 -0.185127 -0.100139
  F -0.041385  0.107710  0.132640
  F -0.030904 -0.125173 -0.086769
  F -0.046492  0.217410 -0.165104
  F -0.309779 -0.009433 -0.228735
  F  0.299684 -0.238511 -0.041606
  F -0.203508 -0.253697  0.363535
  F -0.016573 -0.133910 -0.085023
  F  0.239513  0.109730 -0.077486
  F  0.023856  0.088422  0.150704
 Pb -0.020906 -0.087937  0.129902
 Pb  0.116444  0.280830 -0.038239
 Pb  0.019082 -0.004829 -0.070127
 Pb -0.100920 -0.056533  0.103280
 Pb  0.023866 -0.003636 -0.082976

#--

	15
normal_mode_# 15 - Freq(cm^-1): 372.5886
  F -0.290565 -0.480860  0.371784
  F  0.066463  0.133101  0.147522
  F  0.102728 -0.151558 -0.075915
  F  0.066956 -0.087583 -0.047724
  F  0.052479 -0.029949  0.031774
  F -0.066722  0.014061 -0.003564
  F  0.098301 -0.141118 -0.502211
  F -0.119516 -0.069485 -0.143100
  F -0.071660 -0.034305 -0.089696
  F -0.032735  0.170492  0.118215
 Pb  0.002594 -0.026604  0.009909
 Pb -0.005202  0.006576  0.025517
 Pb  0.077396  0.224053  0.020410
 Pb -0.022594 -0.017303  0.002270
 Pb  0.006570  0.018271  0.000406

#--

	15
normal_mode_# 16 - Freq(cm^-1): 328.0612
  F  0.056420  0.052336 -0.124203
  F  0.084692  0.154360  0.200767
  F  0.145543 -0.185664 -0.076960
  F  0.224163 -0.132846  0.031209
  F  0.242711  0.090350  0.011634
  F -0.102583  0.219967 -0.094761
  F -0.274008 -0.338108  0.490602
  F -0.164651 -0.071304 -0.167694
  F -0.249694  0.030069 -0.112469
  F -0.052866  0.199772  0.163432
 Pb  0.013151  0.010216 -0.043526
 Pb -0.009836 -0.018824  0.008614
 Pb  0.009336  0.018061 -0.007834
 Pb  0.019548  0.008211 -0.041427
 Pb -0.004877 -0.023493 -0.013070

#--

	15
normal_mode_# 17 - Freq(cm^-1): 325.2173
  F  0.019171 -0.005676  0.003858
  F -0.330857 -0.045769  0.090262
  F -0.142208 -0.035664  0.024376
  F  0.212600 -0.555353 -0.020151
  F  0.029577  0.008646 -0.049660
  F -0.013946 -0.009800  0.052710
  F  0.064122 -0.030748  0.027080
  F -0.060288  0.109211 -0.087739
  F  0.453069  0.304501  0.219003
  F -0.138021  0.224515 -0.227291
 Pb -0.008853  0.019809  0.000245
 Pb  0.008698 -0.003616  0.002806
 Pb -0.010290  0.004169 -0.003276
 Pb -0.016667 -0.009626 -0.009297
 Pb -0.001143  0.000240 -0.000345

#--

	15
normal_mode_# 18 - Freq(cm^-1): 309.4232
  F -0.124175 -0.379583 -0.057438
  F  0.090723 -0.055937 -0.028886
  F  0.196079 -0.125880 -0.160464
  F -0.002645 -0.063159  0.230253
  F -0.016436  0.048680  0.019996
  F  0.031368  0.031698  0.032948
  F  0.150266  0.645699  0.294467
  F -0.120479 -0.007474 -0.255608
  F -0.148899 -0.008322  0.190277
  F -0.076470  0.007309 -0.077593
 Pb -0.022131 -0.015251 -0.017010
 Pb  0.017555  0.018567 -0.035529
 Pb -0.012107 -0.017050  0.019430
 Pb  0.012527 -0.028363 -0.006651
 Pb  0.010477  0.013803 -0.017209

#--

	15
normal_mode_# 19 - Freq(cm^-1): 303.6429
  F  0.048010  0.248711  0.146712
  F  0.089302 -0.122293 -0.164354
  F  0.344094 -0.010367  0.139861
  F -0.062591 -0.065213  0.381533
  F -0.078961  0.068700 -0.245559
  F  0.213692 -0.038865 -0.160431
  F -0.055886 -0.247227 -0.133674
  F -0.288477  0.224473 -0.051224
  F -0.188052 -0.020183  0.348944
  F -0.049957 -0.069819 -0.203401
 Pb -0.000403 -0.020443  0.005094
 Pb -0.000700  0.018618  0.025668
 Pb  0.011933  0.012643 -0.023403
 Pb -0.015125 -0.015008  0.000658
 Pb  0.013097  0.013897 -0.025654

#--

	15
normal_mode_# 20 - Freq(cm^-1): 295.1113
  F  0.056087 -0.020270  0.017370
  F -0.023646  0.196156  0.228330
  F -0.161063 -0.085415 -0.168220
  F -0.141810  0.050372  0.315297
  F -0.072774  0.074453 -0.187628
  F -0.180121  0.020064  0.109149
  F  0.535867 -0.198321  0.159562
  F -0.134408  0.196274  0.078161
  F  0.029439 -0.010111 -0.341554
  F -0.024168 -0.179291 -0.244680
 Pb  0.038802 -0.019508  0.018325
 Pb -0.012794  0.005103 -0.003879
 Pb -0.007629  0.002714 -0.002473
 Pb  0.044985 -0.012095  0.006951
 Pb -0.028267  0.010612 -0.008760

#--

	15
normal_mode_# 21 - Freq(cm^-1): 274.0755
  F -0.022215  0.005472 -0.004923
  F -0.185866  0.007386  0.193004
  F  0.142099  0.246550  0.221413
  F  0.058849  0.072270  0.466174
  F  0.087273 -0.021821  0.137890
  F  0.137712 -0.061768 -0.069903
  F -0.258181  0.096902 -0.074671
  F  0.041006 -0.306727 -0.166379
  F  0.223780 -0.176284 -0.389445
  F -0.026218  0.067891 -0.256084
 Pb -0.011594 -0.025904 -0.020840
 Pb  0.022994 -0.009123  0.007240
 Pb -0.007079  0.002499 -0.002080
 Pb -0.001217  0.030761  0.016811
 Pb -0.063167  0.022984 -0.018527

#--

	15
normal_mode_# 22 - Freq(cm^-1): 270.5128
  F -0.099126 -0.172849  0.118450
  F -0.166073 -0.046306  0.008816
  F  0.449931  0.191357  0.145657
  F -0.085321  0.019794 -0.371369
  F -0.087530  0.041448 -0.038046
  F  0.093698 -0.027119  0.021421
  F -0.047552  0.026179  0.207599
  F -0.239100  0.454379 -0.057710
  F  0.241781 -0.099392 -0.266415
  F  0.072644 -0.135392  0.088227
 Pb -0.008205  0.010605 -0.006715
 Pb -0.020861 -0.036645  0.023171
 Pb -0.002599 -0.006058  0.001216
 Pb  0.015065  0.001210 -0.000075
 Pb -0.023663 -0.045381  0.025783

#--

	15
normal_mode_# 23 - Freq(cm^-1): 262.1920
  F  0.126815 -0.045150  0.037088
  F  0.047972 -0.249160 -0.412235
  F  0.040979  0.266238  0.039918
  F -0.084912 -0.077436  0.208677
  F  0.032950  0.125628 -0.273568
  F -0.190138 -0.067588  0.227084
  F  0.218685 -0.081363  0.065886
  F -0.116679 -0.240588 -0.063212
  F  0.091760  0.074486 -0.203210
  F -0.019032  0.239559  0.419925
 Pb -0.015551  0.023485 -0.047651
 Pb  0.012595 -0.004560  0.003722
 Pb -0.020834  0.007864 -0.006396
 Pb -0.047134 -0.000362  0.028620
 Pb  0.025909 -0.009588  0.007513

#--

	15
normal_mode_# 24 - Freq(cm^-1): 257.8244
  F  0.081774  0.256481  0.045122
  F  0.017485  0.297070  0.347824
  F  0.078814  0.010162 -0.035776
  F -0.019148 -0.332585 -0.005472
  F -0.114994 -0.057028 -0.115554
  F  0.095728 -0.134082 -0.054088
  F  0.178610  0.233553 -0.309914
  F -0.025460  0.048982 -0.067799
  F -0.186763 -0.268390 -0.056203
  F  0.000609  0.304526  0.342226
 Pb -0.049269  0.035209  0.010890
 Pb  0.007964  0.021957  0.000666
 Pb -0.008729 -0.078193 -0.068102
 Pb  0.046803 -0.000536  0.039639
 Pb -0.029055 -0.086660 -0.010638

#--

	15
normal_mode_# 25 - Freq(cm^-1): 234.5182
  F  0.018849 -0.059628 -0.136815
  F -0.043472  0.053638 -0.082922
  F  0.247121  0.063952  0.013359
  F -0.095786 -0.002138  0.076405
  F  0.279593 -0.180912  0.486959
  F -0.524097  0.117411  0.246468
  F  0.009280 -0.153705 -0.222259
  F -0.122071  0.200739 -0.097671
  F  0.021523 -0.048076  0.113356
  F  0.099793 -0.000816 -0.040763
 Pb -0.001861 -0.014069  0.015324
 Pb  0.044208  0.081922 -0.046216
 Pb  0.001485 -0.064394 -0.084320
 Pb -0.014860 -0.009277  0.011629
 Pb  0.004246  0.008392 -0.003704

#--

	15
normal_mode_# 26 - Freq(cm^-1): 211.4975
  F  0.234591 -0.085621  0.071880
  F -0.131037  0.034668  0.184071
  F  0.240520  0.245722 -0.148809
  F  0.312550  0.168621 -0.219610
  F -0.143371  0.005821 -0.272485
  F -0.225398  0.128710  0.162430
  F  0.064667 -0.022807  0.019115
  F -0.073004 -0.310129  0.198466
  F -0.013706 -0.276124  0.305745
  F -0.012292  0.019789 -0.227194
 Pb -0.009752  0.004119 -0.039333
 Pb -0.042267  0.015319 -0.012096
 Pb  0.038522 -0.014383  0.011425
 Pb -0.027139  0.008985  0.028273
 Pb -0.036077  0.013597 -0.010634

#--

	15
normal_mode_# 27 - Freq(cm^-1): 210.7347
  F  0.088691  0.381397  0.172242
  F -0.100463  0.067958 -0.103234
  F  0.110779 -0.358986 -0.018387
  F  0.254173  0.276844 -0.093177
  F -0.158317 -0.119245  0.152160
  F -0.044698 -0.162037  0.182588
  F  0.062382  0.152405 -0.019043
  F -0.277332 -0.207494 -0.138234
  F  0.053656  0.354551 -0.154949
  F  0.155253 -0.027498 -0.024774
 Pb -0.086608 -0.040931 -0.038488
 Pb -0.026071 -0.017036  0.066473
 Pb  0.014568  0.002899 -0.046047
 Pb  0.048774 -0.091395  0.001333
 Pb  0.005753  0.038916  0.030053

#--

	15
normal_mode_# 28 - Freq(cm^-1): 202.9741
  F -0.036702 -0.077767  0.025360
  F -0.091857  0.076496 -0.187302
  F  0.021602  0.283558 -0.123859
  F  0.538863 -0.077978  0.108814
  F -0.141151 -0.044861  0.082877
  F  0.021374 -0.105374  0.131208
  F  0.000559 -0.010256 -0.018920
  F  0.217365  0.213405 -0.065301
  F -0.438564  0.285069 -0.182837
  F  0.195382 -0.030639 -0.099496
 Pb  0.030115 -0.029340  0.075711
 Pb -0.018336 -0.038840  0.013088
 Pb -0.012489 -0.017015  0.019409
 Pb -0.073407  0.009082  0.044323
 Pb -0.013040 -0.078513 -0.053219

#--

	15
normal_mode_# 29 - Freq(cm^-1): 189.4592
  F  0.560887 -0.208851  0.168361
  F  0.028148 -0.140376  0.030351
  F -0.238819  0.108609 -0.307995
  F -0.040364  0.024564  0.049966
  F  0.054184 -0.284908  0.136953
  F  0.272216  0.163368 -0.038505
  F -0.134912  0.049787 -0.040668
  F -0.366710  0.116925  0.126755
  F -0.014627 -0.004144 -0.066186
  F  0.117514  0.085470  0.013064
 Pb -0.030308 -0.005501  0.016157
 Pb  0.017922 -0.006520  0.005364
 Pb -0.050986  0.019015 -0.015314
 Pb -0.007821  0.019740 -0.027744
 Pb -0.000645  0.000315 -0.000128

#--

	15
normal_mode_# 30 - Freq(cm^-1): 161.5077
  F -0.073170 -0.250887 -0.072633
  F -0.086351  0.263599 -0.075801
  F -0.007526 -0.146726  0.420552
  F  0.137721  0.106075  0.057870
  F  0.124269 -0.259166 -0.241248
  F -0.116722 -0.165157 -0.309579
  F  0.039807  0.084057 -0.033939
  F -0.288193 -0.039302  0.336733
  F -0.049541  0.175947  0.000010
  F  0.251991  0.139757  0.025587
 Pb  0.036595  0.022771 -0.002770
 Pb  0.012341 -0.003521 -0.046445
 Pb -0.021623 -0.045109  0.016810
 Pb -0.007733  0.038743 -0.016202
 Pb  0.000739  0.015119  0.016094

#--

	15
normal_mode_# 31 - Freq(cm^-1): 152.3791
  F -0.093445 -0.175145  0.022148
  F -0.281145  0.389132 -0.160642
  F -0.017457 -0.012169 -0.249435
  F -0.206489  0.046429  0.154385
  F -0.103424  0.186198 -0.042874
  F  0.212554  0.107118  0.078778
  F -0.073404 -0.204206 -0.021937
  F  0.132601 -0.057673 -0.192463
  F  0.084415 -0.066751  0.229616
  F  0.508078  0.126381  0.068458
 Pb  0.000392 -0.014535 -0.023698
 Pb -0.018992 -0.041311  0.008092
 Pb -0.017453 -0.052467 -0.000893
 Pb  0.002272 -0.019599 -0.025883
 Pb -0.015462  0.024983  0.077153

#--

	15
normal_mode_# 32 - Freq(cm^-1): 154.0431
  F -0.355318  0.143640 -0.108516
  F -0.023068 -0.342829  0.066013
  F  0.059206 -0.154652 -0.093632
  F  0.004106  0.053801  0.114836
  F  0.029808 -0.409609 -0.284477
  F  0.108967  0.343673  0.328819
  F -0.097269  0.046109 -0.028612
  F  0.076854  0.106820  0.151080
  F  0.018994 -0.061180 -0.126552
  F  0.178440  0.255644 -0.012494
 Pb  0.016028  0.041658  0.034786
 Pb -0.023857  0.011086 -0.007462
 Pb  0.031582 -0.008707  0.009198
 Pb  0.001596 -0.047074 -0.027253
 Pb -0.025337  0.008525 -0.011297

#--

	15
normal_mode_# 33 - Freq(cm^-1): 129.5902
  F  0.041712 -0.112377 -0.269810
  F -0.119182 -0.146968  0.101577
  F -0.004831 -0.174959  0.226785
  F  0.166409  0.017029  0.008882
  F -0.105914  0.480925  0.101130
  F  0.305659  0.329843  0.229600
  F  0.074242 -0.007325 -0.268477
  F -0.211393 -0.095904  0.163641
  F -0.098522  0.118661 -0.071131
  F -0.064969 -0.168991  0.118536
 Pb  0.019156 -0.014509 -0.004085
 Pb  0.022814 -0.001729 -0.079847
 Pb  0.009245 -0.014066 -0.047286
 Pb -0.018364 -0.000480 -0.015426
 Pb -0.028146 -0.041034  0.043154

#--

	15
normal_mode_# 34 - Freq(cm^-1): 122.8969
  F  0.014047 -0.002722  0.003465
  F -0.117898  0.390408 -0.157945
  F  0.238604  0.110258 -0.151402
  F -0.290245 -0.173469 -0.053834
  F  0.176622 -0.234580 -0.082064
  F  0.210655  0.087894  0.199975
  F -0.091256  0.035607 -0.025469
  F  0.008554 -0.201753  0.226179
  F -0.104119  0.318452 -0.065318
  F -0.385917 -0.201438  0.004375
 Pb  0.022547 -0.002493 -0.003307
 Pb  0.035564 -0.013314  0.010746
 Pb  0.049319 -0.017515  0.014724
 Pb  0.013736 -0.011401  0.014574
 Pb -0.018663  0.006812 -0.006006

#--

	15
normal_mode_# 35 - Freq(cm^-1): 105.0633
  F  0.443432 -0.164851  0.134606
  F  0.071526  0.094795 -0.008024
  F -0.012833 -0.218825  0.331173
  F -0.088273 -0.077242  0.071092
  F -0.196265 -0.059539 -0.281368
  F -0.226232  0.214003  0.154253
  F -0.316523  0.116896 -0.093314
  F  0.290483  0.117386 -0.252637
  F  0.027927  0.098720 -0.087928
  F -0.015220 -0.112176  0.022506
 Pb  0.015054 -0.024557  0.010661
 Pb -0.073551  0.027189 -0.021485
 Pb  0.017985 -0.006769  0.005663
 Pb  0.029987  0.007905  0.002968
 Pb  0.016273 -0.005565  0.004423

#--

	15
normal_mode_# 36 - Freq(cm^-1):  81.9804
  F  0.086588 -0.052708  0.039313
  F  0.028087 -0.292626  0.274119
  F  0.231438  0.074948  0.078971
  F -0.399142 -0.145251 -0.127383
  F -0.121112  0.024455  0.140490
  F -0.017070  0.028665 -0.186556
  F  0.212277 -0.093041  0.052979
  F  0.145309 -0.206100  0.021697
  F -0.221959  0.411042 -0.060160
  F  0.296434  0.165097 -0.160903
 Pb -0.050180 -0.006400  0.006962
 Pb -0.027746  0.009919 -0.006560
 Pb  0.049691 -0.028249  0.015908
 Pb -0.018130  0.035468 -0.028820
 Pb -0.023017  0.012131 -0.007867

#--

	15
normal_mode_# 37 - Freq(cm^-1):  86.2044
  F  0.212371  0.343329 -0.255541
  F -0.211575  0.127474 -0.237609
  F -0.031619 -0.070700  0.140791
  F -0.209099 -0.300456 -0.041770
  F -0.003942 -0.041290  0.077827
  F -0.067858 -0.018148  0.034001
  F  0.040552  0.272169  0.254208
  F -0.074167 -0.074158  0.125421
  F -0.057418 -0.318974  0.004244
  F  0.371840 -0.051345 -0.100229
 Pb  0.028113 -0.054427  0.033443
 Pb  0.007866 -0.005129 -0.041395
 Pb  0.072508  0.182646 -0.001769
 Pb -0.069231 -0.014294  0.001018
 Pb -0.029519 -0.067044  0.009329

#--

	15
normal_mode_# 38 - Freq(cm^-1):  49.8284
  F  0.038982 -0.191587 -0.375041
  F  0.354416  0.212223 -0.088134
  F  0.016507  0.009741  0.174412
  F -0.095621 -0.014790 -0.032575
  F -0.307957  0.024241  0.168648
  F  0.125656 -0.137544  0.300137
  F -0.091080 -0.191178  0.063874
  F -0.093321  0.052039  0.141315
  F  0.066148 -0.078514  0.016110
  F -0.051602  0.362929 -0.209402
 Pb -0.103149  0.047487  0.052825
 Pb -0.036367 -0.153251 -0.068350
 Pb  0.017512  0.029590 -0.024204
 Pb  0.067399 -0.016342  0.104440
 Pb  0.060151  0.075693 -0.107224

#--

	15
normal_mode_# 39 - Freq(cm^-1):  37.0656
  F -0.051366  0.021875 -0.012488
  F  0.138225 -0.108229  0.173483
  F  0.018419  0.062993 -0.308618
  F -0.110670 -0.139549  0.039781
  F  0.030470  0.378374 -0.124352
  F -0.266767 -0.278792  0.051443
  F -0.477114  0.180698 -0.144512
  F -0.174689  0.000731  0.259490
  F  0.037848  0.172307 -0.065448
  F  0.242444 -0.022096 -0.067470
 Pb  0.081579  0.002666 -0.002013
 Pb  0.012120 -0.002775  0.004062
 Pb -0.000994  0.000359 -0.000236
 Pb  0.050123 -0.049243  0.040065
 Pb  0.014256 -0.003958  0.003022

#--

	15
normal_mode_# 40 - Freq(cm^-1):  -3.3457
  F -0.078026 -0.093288 -0.303639
  F -0.114600 -0.102153 -0.252625
  F -0.096206 -0.088290 -0.275481
  F -0.102606 -0.064633 -0.277373
  F -0.082969 -0.110628 -0.291861
  F -0.090626 -0.117421 -0.273921
  F -0.089746 -0.096000 -0.276706
  F -0.082139 -0.072402 -0.304406
  F -0.111306 -0.077858 -0.261228
  F -0.106179 -0.091113 -0.266696
 Pb -0.028705 -0.024818 -0.087337
 Pb -0.024955 -0.034815 -0.088769
 Pb -0.027664 -0.021565 -0.087934
 Pb -0.032913 -0.030187 -0.079214
 Pb -0.034811 -0.024095 -0.077564

#--

	15
normal_mode_# 41 - Freq(cm^-1):   2.0392
  F -0.199665  0.047719  0.035413
  F -0.371668  0.032880  0.092880
  F -0.237726  0.028512  0.044287
  F -0.281493  0.142807  0.120553
  F -0.280000  0.064350  0.083241
  F -0.296817 -0.015559  0.033971
  F -0.274596  0.059933  0.080534
  F -0.211650  0.127595  0.081975
  F -0.298301  0.075517  0.092713
  F -0.354739  0.105625  0.131129
 Pb -0.086852  0.039786  0.035205
 Pb -0.079501  0.005817  0.013008
 Pb -0.066167  0.028048  0.020700
 Pb -0.095394  0.002869  0.015878
 Pb -0.106252  0.030908  0.038726

#--

	15
normal_mode_# 42 - Freq(cm^-1):   4.6637
  F  0.087032  0.249838 -0.023164
  F -0.003539  0.276438 -0.162492
  F  0.025315  0.190289 -0.055124
  F  0.014279  0.293341 -0.152022
  F  0.099097  0.350803 -0.079998
  F  0.063356  0.263132 -0.067964
  F  0.054795  0.277114 -0.098648
  F  0.074382  0.298360 -0.083993
  F -0.016764  0.219094 -0.137846
  F  0.026994  0.356124 -0.172693
 Pb  0.017408  0.106929 -0.038754
 Pb  0.028647  0.090344 -0.014160
 Pb  0.011242  0.070178 -0.022939
 Pb  0.000984  0.066423 -0.032542
 Pb -0.004389  0.087911 -0.056719

#--

	15
normal_mode_# 43 - Freq(cm^-1):   9.9256
  F -0.274761  0.136023 -0.058837
  F  0.186757  0.165762 -0.160545
  F  0.073956  0.239419 -0.195914
  F  0.130782 -0.181977  0.150861
  F -0.384570 -0.029396  0.096822
  F -0.134278  0.353242 -0.262850
  F -0.045476  0.059478 -0.028509
  F -0.182179 -0.153484  0.168768
  F  0.293740  0.062762 -0.087176
  F -0.006239 -0.122165  0.122020
 Pb -0.054116 -0.062416  0.066411
 Pb -0.106506  0.058796 -0.029339
 Pb  0.003116  0.002557  0.001416
 Pb  0.047555  0.090668 -0.081369
 Pb  0.080369 -0.019148  0.007905

#--

	15
normal_mode_# 44 - Freq(cm^-1):   8.3847
  F -0.098797 -0.087929  0.423921
  F  0.015077  0.052622 -0.330274
  F -0.110927 -0.270757  0.156805
  F -0.069659 -0.233646 -0.143981
  F  0.010054  0.261914  0.177097
  F -0.006170  0.161162  0.101732
  F -0.037096 -0.015460  0.024821
  F -0.094471 -0.162550  0.237576
  F -0.081678 -0.301640 -0.195558
  F  0.027678  0.133197 -0.272222
 Pb -0.006655  0.012854  0.000685
 Pb -0.004889  0.061157  0.086498
 Pb -0.037415 -0.095028  0.053723
 Pb -0.013325 -0.028775 -0.030373
 Pb -0.005600 -0.035346 -0.115790

#--

	15
normal_mode_# 45 - Freq(cm^-1):   9.0648
  F -0.302840  0.110314  0.024876
  F  0.218895  0.090951  0.193472
  F -0.294836  0.248157  0.234338
  F -0.119207 -0.096117 -0.206663
  F  0.090148 -0.136752 -0.148454
  F  0.084647  0.210219  0.296102
  F -0.017595  0.024697  0.020751
  F -0.272064 -0.097718 -0.270873
  F -0.135068  0.113153  0.104577
  F  0.227154 -0.167687 -0.154066
 Pb -0.000549 -0.062076 -0.090638
 Pb -0.001295  0.020613  0.024022
 Pb -0.105844  0.023381 -0.012289
 Pb -0.005828  0.073941  0.094554
 Pb  0.031827 -0.012717 -0.009070

#--

