######################################################################################
--------------------------------------------------------------------------------------
 *supportive script for calculating slam normal modes
 compatibilty : above SLAM V 2.2.1
 last edited  : 31 - 08 -2020
--------------------------------------------------------------------------------------

 Requested 'dx' value is used :     0.015000

 READ CHECK DONE ...

 INPUT CONFIGURATION FROM 'geo.txt' 

--------------------------------------------------------------------------------------

 F c    4.479268    2.318675    4.040887
 F s    4.389381    2.331754    3.997249
 F c    1.159960    1.006550    4.030918
 F s    1.247810    1.062913    3.950125
 F c    2.466079    2.239588    2.050045
 F s    2.403869    2.149668    2.055853
 F c    3.088037   -0.176236    1.318903
 F s    3.040777   -0.066235    1.359538
 F c    0.038440    1.594987    1.132924
 F s    0.164139    1.631484    1.149932
 F c    0.926890    4.384405    1.414629
 F s    1.017734    4.355863    1.438917
 F c    2.979069    6.101810    2.635525
 F s    3.024809    5.983003    2.593686
 F c    2.688842    3.257826   -0.583837
 F s    2.651702    3.243257   -0.491309
 F c    2.010263    3.815997    4.213111
 F s    2.058685    3.809716    4.127826
 F c    4.414600    4.068388    1.666805
 F s    4.311748    4.155664    1.724349
Pb      1.931376    1.266051    0.016509
Pb      3.258970    0.569537    3.446981
Pb      2.789233    5.173686    0.569063
Pb      0.378342    2.887229    2.989533
Pb      4.057757    4.508216    3.845744

--------------------------------------------------------------------------------------

 WORKING ON ATOM 1 ...

 WORKING ON ATOM 2 ...

 WORKING ON ATOM 3 ...

 WORKING ON ATOM 4 ...

 WORKING ON ATOM 5 ...

 WORKING ON ATOM 6 ...

 WORKING ON ATOM 7 ...

 WORKING ON ATOM 8 ...

 WORKING ON ATOM 9 ...

 WORKING ON ATOM 10 ...

 WORKING ON ATOM 11 ...

 WORKING ON ATOM 12 ...

 WORKING ON ATOM 13 ...

 WORKING ON ATOM 14 ...

 WORKING ON ATOM 15 ...

 EXECUTING NORMAL MODE ANALYSIS ...



 @WARNING!!! : Hessian element ( 7 , 40) is not strictly symmetric !
 D/TOL       : -0.006620667 /  0.005000000
 Elem1/Elem2 : -3.593124000 / -3.586503333
 Err	    :  0.184429257




 @WARNING!!! : Hessian element ( 8 , 13) is not strictly symmetric !
 D/TOL       : -0.005057733 /  0.005000000
 Elem1/Elem2 : -0.402441067 / -0.397383333
 Err	    :  1.264710937




 @WARNING!!! : Hessian element ( 9 , 24) is not strictly symmetric !
 D/TOL       :  0.007304067 /  0.005000000
 Elem1/Elem2 : -0.957148867 / -0.964452933
 Err	    :  0.760206060




 @WARNING!!! : Hessian element ( 9 , 26) is not strictly symmetric !
 D/TOL       :  0.005823200 /  0.005000000
 Elem1/Elem2 : -0.976183933 / -0.982007133
 Err	    :  0.594752994




 @WARNING!!! : Hessian element ( 9 , 40) is not strictly symmetric !
 D/TOL       :  0.005645733 /  0.005000000
 Elem1/Elem2 :  0.508707533 /  0.503061800
 Err	    :  1.116011950




 @WARNING!!! : Hessian element (11 , 40) is not strictly symmetric !
 D/TOL       :  0.006469267 /  0.005000000
 Elem1/Elem2 : -0.948538333 / -0.955007600
 Err	    :  0.679706915




 @WARNING!!! : Hessian element (12 , 24) is not strictly symmetric !
 D/TOL       : -0.005340067 /  0.005000000
 Elem1/Elem2 :  0.309838533 /  0.315178600
 Err	    :  1.708774490




 @WARNING!!! : Hessian element (13 ,  8) is not strictly symmetric !
 D/TOL       :  0.005057733 /  0.005000000
 Elem1/Elem2 : -0.397383333 / -0.402441067
 Err	    :  1.264710937




 @WARNING!!! : Hessian element (17 , 41) is not strictly symmetric !
 D/TOL       :  0.005207333 /  0.005000000
 Elem1/Elem2 : -4.955842000 / -4.961049333
 Err	    :  0.105019469




 @WARNING!!! : Hessian element (23 , 39) is not strictly symmetric !
 D/TOL       :  0.005992000 /  0.005000000
 Elem1/Elem2 : -3.538264667 / -3.544256667
 Err	    :  0.169205279




 @WARNING!!! : Hessian element (24 ,  9) is not strictly symmetric !
 D/TOL       : -0.007304067 /  0.005000000
 Elem1/Elem2 : -0.964452933 / -0.957148867
 Err	    :  0.760206060




 @WARNING!!! : Hessian element (24 , 12) is not strictly symmetric !
 D/TOL       :  0.005340067 /  0.005000000
 Elem1/Elem2 :  0.315178600 /  0.309838533
 Err	    :  1.708774490




 @WARNING!!! : Hessian element (25 , 43) is not strictly symmetric !
 D/TOL       :  0.005000000 /  0.005000000
 Elem1/Elem2 : -13.697653333 / -13.702653333
 Err	    :  0.036495942




 @WARNING!!! : Hessian element (26 ,  9) is not strictly symmetric !
 D/TOL       : -0.005823200 /  0.005000000
 Elem1/Elem2 : -0.982007133 / -0.976183933
 Err	    :  0.594752994




 @WARNING!!! : Hessian element (30 , 45) is not strictly symmetric !
 D/TOL       :  0.005054667 /  0.005000000
 Elem1/Elem2 : -12.199754667 / -12.204809333
 Err	    :  0.041423946




 @WARNING!!! : Hessian element (39 , 23) is not strictly symmetric !
 D/TOL       : -0.005992000 /  0.005000000
 Elem1/Elem2 : -3.544256667 / -3.538264667
 Err	    :  0.169205279




 @WARNING!!! : Hessian element (40 ,  7) is not strictly symmetric !
 D/TOL       :  0.006620667 /  0.005000000
 Elem1/Elem2 : -3.586503333 / -3.593124000
 Err	    :  0.184429257




 @WARNING!!! : Hessian element (40 ,  9) is not strictly symmetric !
 D/TOL       : -0.005645733 /  0.005000000
 Elem1/Elem2 :  0.503061800 /  0.508707533
 Err	    :  1.116011950




 @WARNING!!! : Hessian element (40 , 11) is not strictly symmetric !
 D/TOL       : -0.006469267 /  0.005000000
 Elem1/Elem2 : -0.955007600 / -0.948538333
 Err	    :  0.679706915




 @WARNING!!! : Hessian element (41 , 17) is not strictly symmetric !
 D/TOL       : -0.005207333 /  0.005000000
 Elem1/Elem2 : -4.961049333 / -4.955842000
 Err	    :  0.105019469




 @WARNING!!! : Hessian element (43 , 25) is not strictly symmetric !
 D/TOL       : -0.005000000 /  0.005000000
 Elem1/Elem2 : -13.702653333 / -13.697653333
 Err	    :  0.036495942




 @WARNING!!! : Hessian element (45 , 30) is not strictly symmetric !
 D/TOL       : -0.005054667 /  0.005000000
 Elem1/Elem2 : -12.204809333 / -12.199754667
 Err	    :  0.041423946


 Normal Mode Frequencies ( Translational / Rotational Motions are projected out )
 Mode     Freq ( cm**-1 ) ... results computed by interal hessian matrix
--------------------------------------------------------------------------------------
 01       207.305366
 02       201.432423
 03       191.976829
 04       190.399759
 05       189.246201
 06       186.692109
 07       183.374752
 08       181.686930
 09       180.658760
 10       173.721507
 11       171.990453
 12       168.801512
 13       167.763671
 14       159.677961
 15       156.901658
 16       117.981433
 17       111.327915
 18       110.327744
 19       108.059916
 20       104.945754
 21        96.076869
 22        89.956447
 23        89.120911
 24        79.910653
 25        75.852252
 26        72.351015
 27        71.723488
 28        69.312028
 29        59.073164
 30        57.938407
 31        51.830254
 32        49.500706
 33        48.268432
 34        44.281888
 35        41.972339
 36        35.029599
 37        32.439929
 38        25.120035
 39        20.834976
 40         3.847556
 41         2.891988
 42         2.680386
 43         0.887627
 44         1.541374
 45         1.756677
--------------------------------------------------------------------------------------

 Moment of inertia tensor ( u.Angs^2 )

--------------------------------------------------------------------------------------
	     x       y      z
--------------------------------------------------------------------------------------
   x  7224.634     0.000     0.000
   y     0.000  5613.848     0.000
   z     0.000     0.000  4794.340
--------------------------------------------------------------------------------------
 Centre of mass (Ang) =     2.4741    2.8779    2.1764
--------------------------------------------------------------------------------------
 Calculation is finished : 
 2021-01-10 12:19:24
 Terminating Normal Mode Calculator
--------------------------------------------------------------------------------------
######################################################################################
