######################################################################################
--------------------------------------------------------------------------------------
 *supportive script for calculating slam normal modes
 compatibilty : above SLAM V 2.2.1
 last edited  : 31 - 08 -2020
--------------------------------------------------------------------------------------

 Requested 'dx' value is used :     0.035000

 READ CHECK DONE ...

 INPUT CONFIGURATION FROM 'geo.txt' 

--------------------------------------------------------------------------------------

 F c    4.477729    2.318325    4.042762
 F s    4.388011    2.331253    3.998858
 F c    1.160498    1.005687    4.031339
 F s    1.248343    1.061958    3.950522
 F c    2.465777    2.238156    2.050393
 F s    2.403518    2.148285    2.056148
 F c    3.091175   -0.176238    1.318728
 F s    3.043706   -0.066383    1.359446
 F c    0.039488    1.594835    1.130981
 F s    0.165181    1.631175    1.148093
 F c    0.926791    4.386674    1.417706
 F s    1.017637    4.357834    1.441595
 F c    2.983830    6.104615    2.634264
 F s    3.028940    5.985544    2.592558
 F c    2.685447    3.258841   -0.584143
 F s    2.648780    3.244048   -0.491575
 F c    2.008883    3.818070    4.211809
 F s    2.057479    3.811456    4.126639
 F c    4.411226    4.065061    1.666552
 F s    4.308713    4.152746    1.724099
Pb      1.933262    1.265236    0.016202
Pb      3.259474    0.568458    3.447394
Pb      2.788294    5.174316    0.569224
Pb      0.378348    2.885881    2.988971
Pb      4.057249    4.507963    3.845342

--------------------------------------------------------------------------------------

 WORKING ON ATOM 1 ...

 WORKING ON ATOM 2 ...

 WORKING ON ATOM 3 ...

 WORKING ON ATOM 4 ...

 WORKING ON ATOM 5 ...

 WORKING ON ATOM 6 ...

 WORKING ON ATOM 7 ...

 WORKING ON ATOM 8 ...

 WORKING ON ATOM 9 ...

 WORKING ON ATOM 10 ...

 WORKING ON ATOM 11 ...

 WORKING ON ATOM 12 ...

 WORKING ON ATOM 13 ...

 WORKING ON ATOM 14 ...

 WORKING ON ATOM 15 ...

 EXECUTING NORMAL MODE ANALYSIS ...



 @WARNING!!! : Hessian element ( 1 , 35) is not strictly symmetric !
 D/TOL       : -0.005047714 /  0.005000000
 Elem1/Elem2 : -5.534850286 / -5.529802571
 Err	    :  0.091240355




 @WARNING!!! : Hessian element ( 1 , 44) is not strictly symmetric !
 D/TOL       :  0.008225429 /  0.005000000
 Elem1/Elem2 :  1.608841714 /  1.600616286
 Err	    :  0.512574308




 @WARNING!!! : Hessian element ( 2 , 34) is not strictly symmetric !
 D/TOL       :  0.012705143 /  0.005000000
 Elem1/Elem2 : -5.224852857 / -5.237558000
 Err	    :  0.242872184




 @WARNING!!! : Hessian element ( 2 , 35) is not strictly symmetric !
 D/TOL       :  0.012434286 /  0.005000000
 Elem1/Elem2 : -10.204194286 / -10.216628571
 Err	    :  0.121780457




 @WARNING!!! : Hessian element ( 2 , 36) is not strictly symmetric !
 D/TOL       :  0.008729143 /  0.005000000
 Elem1/Elem2 : -1.859965143 / -1.868694286
 Err	    :  0.468218834




 @WARNING!!! : Hessian element ( 2 , 43) is not strictly symmetric !
 D/TOL       : -0.010704000 /  0.005000000
 Elem1/Elem2 :  1.357166286 /  1.367870286
 Err	    :  0.785604136




 @WARNING!!! : Hessian element ( 2 , 44) is not strictly symmetric !
 D/TOL       :  0.012934286 /  0.005000000
 Elem1/Elem2 : -10.849882857 / -10.862817143
 Err	    :  0.119140279




 @WARNING!!! : Hessian element ( 2 , 45) is not strictly symmetric !
 D/TOL       : -0.006687357 /  0.005000000
 Elem1/Elem2 : -0.004474000 /  0.002213357
 Err	    : 591.633226958




 @WARNING!!! : Hessian element ( 4 ,  6) is not strictly symmetric !
 D/TOL       :  0.005483714 /  0.005000000
 Elem1/Elem2 : -2.744112000 / -2.749595714
 Err	    :  0.199636186




 @WARNING!!! : Hessian element ( 4 , 35) is not strictly symmetric !
 D/TOL       : -0.005557714 /  0.005000000
 Elem1/Elem2 :  3.446391714 /  3.451949429
 Err	    :  0.161131906




 @WARNING!!! : Hessian element ( 4 , 36) is not strictly symmetric !
 D/TOL       : -0.007621714 /  0.005000000
 Elem1/Elem2 :  2.831414571 /  2.839036286
 Err	    :  0.268822162




 @WARNING!!! : Hessian element ( 5 ,  6) is not strictly symmetric !
 D/TOL       :  0.005569143 /  0.005000000
 Elem1/Elem2 : -3.267133714 / -3.272702857
 Err	    :  0.170314435




 @WARNING!!! : Hessian element ( 5 , 40) is not strictly symmetric !
 D/TOL       : -0.006797429 /  0.005000000
 Elem1/Elem2 :  2.888436000 /  2.895233429
 Err	    :  0.235055916




 @WARNING!!! : Hessian element ( 5 , 42) is not strictly symmetric !
 D/TOL       : -0.005984000 /  0.005000000
 Elem1/Elem2 :  2.292137429 /  2.298121429
 Err	    :  0.260726037




 @WARNING!!! : Hessian element ( 6 ,  4) is not strictly symmetric !
 D/TOL       : -0.005483714 /  0.005000000
 Elem1/Elem2 : -2.749595714 / -2.744112000
 Err	    :  0.199636186




 @WARNING!!! : Hessian element ( 6 ,  5) is not strictly symmetric !
 D/TOL       : -0.005569143 /  0.005000000
 Elem1/Elem2 : -3.272702857 / -3.267133714
 Err	    :  0.170314435




 @WARNING!!! : Hessian element ( 6 , 34) is not strictly symmetric !
 D/TOL       :  0.007968571 /  0.005000000
 Elem1/Elem2 :  2.902975429 /  2.895006857
 Err	    :  0.274873949




 @WARNING!!! : Hessian element ( 6 , 41) is not strictly symmetric !
 D/TOL       :  0.008570571 /  0.005000000
 Elem1/Elem2 :  2.793664000 /  2.785093429
 Err	    :  0.307257361




 @WARNING!!! : Hessian element ( 7 ,  9) is not strictly symmetric !
 D/TOL       :  0.011568286 /  0.005000000
 Elem1/Elem2 :  1.106894286 /  1.095326000
 Err	    :  1.050602048




 @WARNING!!! : Hessian element ( 7 , 33) is not strictly symmetric !
 D/TOL       : -0.007014857 /  0.005000000
 Elem1/Elem2 : -1.285092286 / -1.278077429
 Err	    :  0.547357992




 @WARNING!!! : Hessian element ( 7 , 35) is not strictly symmetric !
 D/TOL       :  0.005900571 /  0.005000000
 Elem1/Elem2 :  1.093378857 /  1.087478286
 Err	    :  0.541124067




 @WARNING!!! : Hessian element ( 7 , 40) is not strictly symmetric !
 D/TOL       : -0.008465714 /  0.005000000
 Elem1/Elem2 : -3.616006857 / -3.607541143
 Err	    :  0.234392138




 @WARNING!!! : Hessian element ( 7 , 42) is not strictly symmetric !
 D/TOL       : -0.005750486 /  0.005000000
 Elem1/Elem2 :  0.579819057 /  0.585569543
 Err	    :  0.986878662




 @WARNING!!! : Hessian element ( 8 ,  9) is not strictly symmetric !
 D/TOL       :  0.008521629 /  0.005000000
 Elem1/Elem2 :  0.182391343 /  0.173869714
 Err	    :  4.783923699




 @WARNING!!! : Hessian element ( 8 , 33) is not strictly symmetric !
 D/TOL       : -0.013642857 /  0.005000000
 Elem1/Elem2 : -2.154194857 / -2.140552000
 Err	    :  0.635327650




 @WARNING!!! : Hessian element ( 8 , 40) is not strictly symmetric !
 D/TOL       :  0.009383411 /  0.005000000
 Elem1/Elem2 : -0.039558314 / -0.048941726
 Err	    : 21.205439972




 @WARNING!!! : Hessian element ( 9 ,  7) is not strictly symmetric !
 D/TOL       : -0.011568286 /  0.005000000
 Elem1/Elem2 :  1.095326000 /  1.106894286
 Err	    :  1.050602048




 @WARNING!!! : Hessian element ( 9 ,  8) is not strictly symmetric !
 D/TOL       : -0.008521629 /  0.005000000
 Elem1/Elem2 :  0.173869714 /  0.182391343
 Err	    :  4.783923699




 @WARNING!!! : Hessian element ( 9 , 31) is not strictly symmetric !
 D/TOL       :  0.005208857 /  0.005000000
 Elem1/Elem2 : -1.231798286 / -1.237007143
 Err	    :  0.421973889




 @WARNING!!! : Hessian element ( 9 , 32) is not strictly symmetric !
 D/TOL       :  0.008392571 /  0.005000000
 Elem1/Elem2 : -1.883342000 / -1.891734571
 Err	    :  0.444630527




 @WARNING!!! : Hessian element ( 9 , 35) is not strictly symmetric !
 D/TOL       :  0.005561143 /  0.005000000
 Elem1/Elem2 :  1.873186857 /  1.867625714
 Err	    :  0.297322721




 @WARNING!!! : Hessian element ( 9 , 40) is not strictly symmetric !
 D/TOL       :  0.011001771 /  0.005000000
 Elem1/Elem2 :  0.521056400 /  0.510054629
 Err	    :  2.133964457




 @WARNING!!! : Hessian element (10 , 12) is not strictly symmetric !
 D/TOL       :  0.006299143 /  0.005000000
 Elem1/Elem2 :  3.814488000 /  3.808188857
 Err	    :  0.165273774




 @WARNING!!! : Hessian element (11 , 12) is not strictly symmetric !
 D/TOL       :  0.005197860 /  0.005000000
 Elem1/Elem2 :  0.168926200 /  0.163728340
 Err	    :  3.125079850




 @WARNING!!! : Hessian element (11 , 36) is not strictly symmetric !
 D/TOL       : -0.008905429 /  0.005000000
 Elem1/Elem2 : -3.046424286 / -3.037518857
 Err	    :  0.292751867




 @WARNING!!! : Hessian element (12 , 10) is not strictly symmetric !
 D/TOL       : -0.006299143 /  0.005000000
 Elem1/Elem2 :  3.808188857 /  3.814488000
 Err	    :  0.165273774




 @WARNING!!! : Hessian element (12 , 11) is not strictly symmetric !
 D/TOL       : -0.005197860 /  0.005000000
 Elem1/Elem2 :  0.163728340 /  0.168926200
 Err	    :  3.125079850




 @WARNING!!! : Hessian element (12 , 35) is not strictly symmetric !
 D/TOL       :  0.010904000 /  0.005000000
 Elem1/Elem2 : -2.017153714 / -2.028057714
 Err	    :  0.539106556




 @WARNING!!! : Hessian element (12 , 36) is not strictly symmetric !
 D/TOL       :  0.006837143 /  0.005000000
 Elem1/Elem2 : -11.415860000 / -11.422697143
 Err	    :  0.059873685




 @WARNING!!! : Hessian element (13 , 33) is not strictly symmetric !
 D/TOL       : -0.007005714 /  0.005000000
 Elem1/Elem2 :  6.365857143 /  6.372862857
 Err	    :  0.109990867




 @WARNING!!! : Hessian element (14 , 15) is not strictly symmetric !
 D/TOL       :  0.007859714 /  0.005000000
 Elem1/Elem2 :  5.240380286 /  5.232520571
 Err	    :  0.150096222




 @WARNING!!! : Hessian element (14 , 42) is not strictly symmetric !
 D/TOL       : -0.007241429 /  0.005000000
 Elem1/Elem2 : -3.583380571 / -3.576139143
 Err	    :  0.202288110




 @WARNING!!! : Hessian element (15 , 14) is not strictly symmetric !
 D/TOL       : -0.007859714 /  0.005000000
 Elem1/Elem2 :  5.232520571 /  5.240380286
 Err	    :  0.150096222




 @WARNING!!! : Hessian element (15 , 41) is not strictly symmetric !
 D/TOL       :  0.006540571 /  0.005000000
 Elem1/Elem2 : -3.557720857 / -3.564261429
 Err	    :  0.183672780




 @WARNING!!! : Hessian element (16 , 38) is not strictly symmetric !
 D/TOL       :  0.006514857 /  0.005000000
 Elem1/Elem2 : -4.320342857 / -4.326857714
 Err	    :  0.150681301




 @WARNING!!! : Hessian element (16 , 39) is not strictly symmetric !
 D/TOL       : -0.006410000 /  0.005000000
 Elem1/Elem2 :  4.546604571 /  4.553014571
 Err	    :  0.140885017




 @WARNING!!! : Hessian element (19 , 21) is not strictly symmetric !
 D/TOL       :  0.006834857 /  0.005000000
 Elem1/Elem2 :  2.802604286 /  2.795769429
 Err	    :  0.244172951




 @WARNING!!! : Hessian element (20 , 21) is not strictly symmetric !
 D/TOL       :  0.007863743 /  0.005000000
 Elem1/Elem2 :  0.722727743 /  0.714864000
 Err	    :  1.094016141




 @WARNING!!! : Hessian element (20 , 39) is not strictly symmetric !
 D/TOL       : -0.010142286 /  0.005000000
 Elem1/Elem2 : -3.198320000 / -3.188177714
 Err	    :  0.317616514




 @WARNING!!! : Hessian element (21 , 19) is not strictly symmetric !
 D/TOL       : -0.006834857 /  0.005000000
 Elem1/Elem2 :  2.795769429 /  2.802604286
 Err	    :  0.244172951




 @WARNING!!! : Hessian element (21 , 20) is not strictly symmetric !
 D/TOL       : -0.007863743 /  0.005000000
 Elem1/Elem2 :  0.714864000 /  0.722727743
 Err	    :  1.094016141




 @WARNING!!! : Hessian element (21 , 38) is not strictly symmetric !
 D/TOL       :  0.011988571 /  0.005000000
 Elem1/Elem2 : -2.821153714 / -2.833142286
 Err	    :  0.424051780




 @WARNING!!! : Hessian element (22 , 23) is not strictly symmetric !
 D/TOL       :  0.012218571 /  0.005000000
 Elem1/Elem2 :  4.269079429 /  4.256860857
 Err	    :  0.286621089




 @WARNING!!! : Hessian element (22 , 32) is not strictly symmetric !
 D/TOL       : -0.008104571 /  0.005000000
 Elem1/Elem2 : -4.024066286 / -4.015961714
 Err	    :  0.201605552




 @WARNING!!! : Hessian element (23 , 22) is not strictly symmetric !
 D/TOL       : -0.012218571 /  0.005000000
 Elem1/Elem2 :  4.256860857 /  4.269079429
 Err	    :  0.286621089




 @WARNING!!! : Hessian element (23 , 31) is not strictly symmetric !
 D/TOL       :  0.011486571 /  0.005000000
 Elem1/Elem2 : -4.277359429 / -4.288846000
 Err	    :  0.268183422




 @WARNING!!! : Hessian element (23 , 32) is not strictly symmetric !
 D/TOL       :  0.012771429 /  0.005000000
 Elem1/Elem2 : -12.007474286 / -12.020245714
 Err	    :  0.106305788




 @WARNING!!! : Hessian element (23 , 33) is not strictly symmetric !
 D/TOL       : -0.011210857 /  0.005000000
 Elem1/Elem2 :  1.902228571 /  1.913439429
 Err	    :  0.587622253




 @WARNING!!! : Hessian element (23 , 38) is not strictly symmetric !
 D/TOL       :  0.013285714 /  0.005000000
 Elem1/Elem2 : -9.145674286 / -9.158960000
 Err	    :  0.145162302




 @WARNING!!! : Hessian element (23 , 39) is not strictly symmetric !
 D/TOL       :  0.015125143 /  0.005000000
 Elem1/Elem2 : -3.537367429 / -3.552492571
 Err	    :  0.426669719




 @WARNING!!! : Hessian element (24 , 32) is not strictly symmetric !
 D/TOL       :  0.007950286 /  0.005000000
 Elem1/Elem2 :  2.576247714 /  2.568297429
 Err	    :  0.309076332




 @WARNING!!! : Hessian element (24 , 38) is not strictly symmetric !
 D/TOL       : -0.009722000 /  0.005000000
 Elem1/Elem2 : -4.009308286 / -3.999586286
 Err	    :  0.242780072




 @WARNING!!! : Hessian element (25 , 26) is not strictly symmetric !
 D/TOL       : -0.017060000 /  0.005000000
 Elem1/Elem2 :  6.888420000 /  6.905480000
 Err	    :  0.247355715




 @WARNING!!! : Hessian element (25 , 40) is not strictly symmetric !
 D/TOL       :  0.012197143 /  0.005000000
 Elem1/Elem2 : -6.617674286 / -6.629871429
 Err	    :  0.184141925




 @WARNING!!! : Hessian element (25 , 41) is not strictly symmetric !
 D/TOL       :  0.008694571 /  0.005000000
 Elem1/Elem2 : -2.380236857 / -2.388931429
 Err	    :  0.364615837




 @WARNING!!! : Hessian element (25 , 42) is not strictly symmetric !
 D/TOL       :  0.008707714 /  0.005000000
 Elem1/Elem2 : -3.130084000 / -3.138791714
 Err	    :  0.277807846




 @WARNING!!! : Hessian element (25 , 43) is not strictly symmetric !
 D/TOL       :  0.012211429 /  0.005000000
 Elem1/Elem2 : -13.711760000 / -13.723971429
 Err	    :  0.089018429




 @WARNING!!! : Hessian element (25 , 44) is not strictly symmetric !
 D/TOL       :  0.009644286 /  0.005000000
 Elem1/Elem2 : -4.122626000 / -4.132270286
 Err	    :  0.233662190




 @WARNING!!! : Hessian element (25 , 45) is not strictly symmetric !
 D/TOL       : -0.007944571 /  0.005000000
 Elem1/Elem2 :  1.662273429 /  1.670218000
 Err	    :  0.476794710




 @WARNING!!! : Hessian element (26 , 25) is not strictly symmetric !
 D/TOL       :  0.017060000 /  0.005000000
 Elem1/Elem2 :  6.905480000 /  6.888420000
 Err	    :  0.247355715




 @WARNING!!! : Hessian element (26 , 43) is not strictly symmetric !
 D/TOL       : -0.006187429 /  0.005000000
 Elem1/Elem2 : -4.168447714 / -4.162260286
 Err	    :  0.148545083




 @WARNING!!! : Hessian element (27 , 43) is not strictly symmetric !
 D/TOL       :  0.006847143 /  0.005000000
 Elem1/Elem2 :  1.432484857 /  1.425637714
 Err	    :  0.479135704




 @WARNING!!! : Hessian element (28 , 45) is not strictly symmetric !
 D/TOL       :  0.006442571 /  0.005000000
 Elem1/Elem2 :  1.131905143 /  1.125462571
 Err	    :  0.570803896




 @WARNING!!! : Hessian element (29 , 45) is not strictly symmetric !
 D/TOL       : -0.005784286 /  0.005000000
 Elem1/Elem2 : -2.513042286 / -2.507258000
 Err	    :  0.230435846




 @WARNING!!! : Hessian element (30 , 43) is not strictly symmetric !
 D/TOL       : -0.006832857 /  0.005000000
 Elem1/Elem2 :  1.500568000 /  1.507400857
 Err	    :  0.454317014




 @WARNING!!! : Hessian element (30 , 44) is not strictly symmetric !
 D/TOL       :  0.006798857 /  0.005000000
 Elem1/Elem2 : -2.497615143 / -2.504414000
 Err	    :  0.271843964




 @WARNING!!! : Hessian element (30 , 45) is not strictly symmetric !
 D/TOL       :  0.006371429 /  0.005000000
 Elem1/Elem2 : -12.201157143 / -12.207528571
 Err	    :  0.052206240




 @WARNING!!! : Hessian element (31 ,  9) is not strictly symmetric !
 D/TOL       : -0.005208857 /  0.005000000
 Elem1/Elem2 : -1.237007143 / -1.231798286
 Err	    :  0.421973889




 @WARNING!!! : Hessian element (31 , 23) is not strictly symmetric !
 D/TOL       : -0.011486571 /  0.005000000
 Elem1/Elem2 : -4.288846000 / -4.277359429
 Err	    :  0.268183422




 @WARNING!!! : Hessian element (31 , 32) is not strictly symmetric !
 D/TOL       :  0.010581429 /  0.005000000
 Elem1/Elem2 : -1.294600571 / -1.305182000
 Err	    :  0.814024118




 @WARNING!!! : Hessian element (31 , 33) is not strictly symmetric !
 D/TOL       :  0.017796571 /  0.005000000
 Elem1/Elem2 : -2.665263429 / -2.683060000
 Err	    :  0.665500943




 @WARNING!!! : Hessian element (32 ,  9) is not strictly symmetric !
 D/TOL       : -0.008392571 /  0.005000000
 Elem1/Elem2 : -1.891734571 / -1.883342000
 Err	    :  0.444630527




 @WARNING!!! : Hessian element (32 , 22) is not strictly symmetric !
 D/TOL       :  0.008104571 /  0.005000000
 Elem1/Elem2 : -4.015961714 / -4.024066286
 Err	    :  0.201605552




 @WARNING!!! : Hessian element (32 , 23) is not strictly symmetric !
 D/TOL       : -0.012771429 /  0.005000000
 Elem1/Elem2 : -12.020245714 / -12.007474286
 Err	    :  0.106305788




 @WARNING!!! : Hessian element (32 , 24) is not strictly symmetric !
 D/TOL       : -0.007950286 /  0.005000000
 Elem1/Elem2 :  2.568297429 /  2.576247714
 Err	    :  0.309076332




 @WARNING!!! : Hessian element (32 , 31) is not strictly symmetric !
 D/TOL       : -0.010581429 /  0.005000000
 Elem1/Elem2 : -1.305182000 / -1.294600571
 Err	    :  0.814024118




 @WARNING!!! : Hessian element (32 , 33) is not strictly symmetric !
 D/TOL       :  0.024017714 /  0.005000000
 Elem1/Elem2 : -2.082432000 / -2.106449714
 Err	    :  1.146736333




 @WARNING!!! : Hessian element (33 ,  7) is not strictly symmetric !
 D/TOL       :  0.007014857 /  0.005000000
 Elem1/Elem2 : -1.278077429 / -1.285092286
 Err	    :  0.547357992




 @WARNING!!! : Hessian element (33 ,  8) is not strictly symmetric !
 D/TOL       :  0.013642857 /  0.005000000
 Elem1/Elem2 : -2.140552000 / -2.154194857
 Err	    :  0.635327650




 @WARNING!!! : Hessian element (33 , 13) is not strictly symmetric !
 D/TOL       :  0.007005714 /  0.005000000
 Elem1/Elem2 :  6.372862857 /  6.365857143
 Err	    :  0.109990867




 @WARNING!!! : Hessian element (33 , 23) is not strictly symmetric !
 D/TOL       :  0.011210857 /  0.005000000
 Elem1/Elem2 :  1.913439429 /  1.902228571
 Err	    :  0.587622253




 @WARNING!!! : Hessian element (33 , 31) is not strictly symmetric !
 D/TOL       : -0.017796571 /  0.005000000
 Elem1/Elem2 : -2.683060000 / -2.665263429
 Err	    :  0.665500943




 @WARNING!!! : Hessian element (33 , 32) is not strictly symmetric !
 D/TOL       : -0.024017714 /  0.005000000
 Elem1/Elem2 : -2.106449714 / -2.082432000
 Err	    :  1.146736333




 @WARNING!!! : Hessian element (34 ,  2) is not strictly symmetric !
 D/TOL       : -0.012705143 /  0.005000000
 Elem1/Elem2 : -5.237558000 / -5.224852857
 Err	    :  0.242872184




 @WARNING!!! : Hessian element (34 ,  6) is not strictly symmetric !
 D/TOL       : -0.007968571 /  0.005000000
 Elem1/Elem2 :  2.895006857 /  2.902975429
 Err	    :  0.274873949




 @WARNING!!! : Hessian element (34 , 35) is not strictly symmetric !
 D/TOL       :  0.007032571 /  0.005000000
 Elem1/Elem2 : -1.175515143 / -1.182547714
 Err	    :  0.596470226




 @WARNING!!! : Hessian element (34 , 36) is not strictly symmetric !
 D/TOL       :  0.013458857 /  0.005000000
 Elem1/Elem2 :  3.854265429 /  3.840806571
 Err	    :  0.349804580




 @WARNING!!! : Hessian element (35 ,  1) is not strictly symmetric !
 D/TOL       :  0.005047714 /  0.005000000
 Elem1/Elem2 : -5.529802571 / -5.534850286
 Err	    :  0.091240355




 @WARNING!!! : Hessian element (35 ,  2) is not strictly symmetric !
 D/TOL       : -0.012434286 /  0.005000000
 Elem1/Elem2 : -10.216628571 / -10.204194286
 Err	    :  0.121780457




 @WARNING!!! : Hessian element (35 ,  4) is not strictly symmetric !
 D/TOL       :  0.005557714 /  0.005000000
 Elem1/Elem2 :  3.451949429 /  3.446391714
 Err	    :  0.161131906




 @WARNING!!! : Hessian element (35 ,  7) is not strictly symmetric !
 D/TOL       : -0.005900571 /  0.005000000
 Elem1/Elem2 :  1.087478286 /  1.093378857
 Err	    :  0.541124067




 @WARNING!!! : Hessian element (35 ,  9) is not strictly symmetric !
 D/TOL       : -0.005561143 /  0.005000000
 Elem1/Elem2 :  1.867625714 /  1.873186857
 Err	    :  0.297322721




 @WARNING!!! : Hessian element (35 , 12) is not strictly symmetric !
 D/TOL       : -0.010904000 /  0.005000000
 Elem1/Elem2 : -2.028057714 / -2.017153714
 Err	    :  0.539106556




 @WARNING!!! : Hessian element (35 , 34) is not strictly symmetric !
 D/TOL       : -0.007032571 /  0.005000000
 Elem1/Elem2 : -1.182547714 / -1.175515143
 Err	    :  0.596470226




 @WARNING!!! : Hessian element (35 , 36) is not strictly symmetric !
 D/TOL       :  0.007085429 /  0.005000000
 Elem1/Elem2 :  2.383242286 /  2.376156857
 Err	    :  0.297744667




 @WARNING!!! : Hessian element (36 ,  2) is not strictly symmetric !
 D/TOL       : -0.008729143 /  0.005000000
 Elem1/Elem2 : -1.868694286 / -1.859965143
 Err	    :  0.468218834




 @WARNING!!! : Hessian element (36 ,  4) is not strictly symmetric !
 D/TOL       :  0.007621714 /  0.005000000
 Elem1/Elem2 :  2.839036286 /  2.831414571
 Err	    :  0.268822162




 @WARNING!!! : Hessian element (36 , 11) is not strictly symmetric !
 D/TOL       :  0.008905429 /  0.005000000
 Elem1/Elem2 : -3.037518857 / -3.046424286
 Err	    :  0.292751867




 @WARNING!!! : Hessian element (36 , 12) is not strictly symmetric !
 D/TOL       : -0.006837143 /  0.005000000
 Elem1/Elem2 : -11.422697143 / -11.415860000
 Err	    :  0.059873685




 @WARNING!!! : Hessian element (36 , 34) is not strictly symmetric !
 D/TOL       : -0.013458857 /  0.005000000
 Elem1/Elem2 :  3.840806571 /  3.854265429
 Err	    :  0.349804580




 @WARNING!!! : Hessian element (36 , 35) is not strictly symmetric !
 D/TOL       : -0.007085429 /  0.005000000
 Elem1/Elem2 :  2.376156857 /  2.383242286
 Err	    :  0.297744667




 @WARNING!!! : Hessian element (37 , 39) is not strictly symmetric !
 D/TOL       :  0.010436857 /  0.005000000
 Elem1/Elem2 :  2.270650286 /  2.260213429
 Err	    :  0.460700555




 @WARNING!!! : Hessian element (38 , 16) is not strictly symmetric !
 D/TOL       : -0.006514857 /  0.005000000
 Elem1/Elem2 : -4.326857714 / -4.320342857
 Err	    :  0.150681301




 @WARNING!!! : Hessian element (38 , 21) is not strictly symmetric !
 D/TOL       : -0.011988571 /  0.005000000
 Elem1/Elem2 : -2.833142286 / -2.821153714
 Err	    :  0.424051780




 @WARNING!!! : Hessian element (38 , 23) is not strictly symmetric !
 D/TOL       : -0.013285714 /  0.005000000
 Elem1/Elem2 : -9.158960000 / -9.145674286
 Err	    :  0.145162302




 @WARNING!!! : Hessian element (38 , 24) is not strictly symmetric !
 D/TOL       :  0.009722000 /  0.005000000
 Elem1/Elem2 : -3.999586286 / -4.009308286
 Err	    :  0.242780072




 @WARNING!!! : Hessian element (39 , 16) is not strictly symmetric !
 D/TOL       :  0.006410000 /  0.005000000
 Elem1/Elem2 :  4.553014571 /  4.546604571
 Err	    :  0.140885017




 @WARNING!!! : Hessian element (39 , 20) is not strictly symmetric !
 D/TOL       :  0.010142286 /  0.005000000
 Elem1/Elem2 : -3.188177714 / -3.198320000
 Err	    :  0.317616514




 @WARNING!!! : Hessian element (39 , 23) is not strictly symmetric !
 D/TOL       : -0.015125143 /  0.005000000
 Elem1/Elem2 : -3.552492571 / -3.537367429
 Err	    :  0.426669719




 @WARNING!!! : Hessian element (39 , 37) is not strictly symmetric !
 D/TOL       : -0.010436857 /  0.005000000
 Elem1/Elem2 :  2.260213429 /  2.270650286
 Err	    :  0.460700555




 @WARNING!!! : Hessian element (40 ,  5) is not strictly symmetric !
 D/TOL       :  0.006797429 /  0.005000000
 Elem1/Elem2 :  2.895233429 /  2.888436000
 Err	    :  0.235055916




 @WARNING!!! : Hessian element (40 ,  7) is not strictly symmetric !
 D/TOL       :  0.008465714 /  0.005000000
 Elem1/Elem2 : -3.607541143 / -3.616006857
 Err	    :  0.234392138




 @WARNING!!! : Hessian element (40 ,  8) is not strictly symmetric !
 D/TOL       : -0.009383411 /  0.005000000
 Elem1/Elem2 : -0.048941726 / -0.039558314
 Err	    : 21.205439972




 @WARNING!!! : Hessian element (40 ,  9) is not strictly symmetric !
 D/TOL       : -0.011001771 /  0.005000000
 Elem1/Elem2 :  0.510054629 /  0.521056400
 Err	    :  2.133964457




 @WARNING!!! : Hessian element (40 , 25) is not strictly symmetric !
 D/TOL       : -0.012197143 /  0.005000000
 Elem1/Elem2 : -6.629871429 / -6.617674286
 Err	    :  0.184141925




 @WARNING!!! : Hessian element (40 , 42) is not strictly symmetric !
 D/TOL       :  0.007909714 /  0.005000000
 Elem1/Elem2 :  0.348648943 /  0.340739229
 Err	    :  2.294705541




 @WARNING!!! : Hessian element (41 ,  6) is not strictly symmetric !
 D/TOL       : -0.008570571 /  0.005000000
 Elem1/Elem2 :  2.785093429 /  2.793664000
 Err	    :  0.307257361




 @WARNING!!! : Hessian element (41 , 15) is not strictly symmetric !
 D/TOL       : -0.006540571 /  0.005000000
 Elem1/Elem2 : -3.564261429 / -3.557720857
 Err	    :  0.183672780




 @WARNING!!! : Hessian element (41 , 25) is not strictly symmetric !
 D/TOL       : -0.008694571 /  0.005000000
 Elem1/Elem2 : -2.388931429 / -2.380236857
 Err	    :  0.364615837




 @WARNING!!! : Hessian element (41 , 42) is not strictly symmetric !
 D/TOL       :  0.019011757 /  0.005000000
 Elem1/Elem2 : -0.093497214 / -0.112508971
 Err	    : 18.457462408




 @WARNING!!! : Hessian element (42 ,  5) is not strictly symmetric !
 D/TOL       :  0.005984000 /  0.005000000
 Elem1/Elem2 :  2.298121429 /  2.292137429
 Err	    :  0.260726037




 @WARNING!!! : Hessian element (42 ,  7) is not strictly symmetric !
 D/TOL       :  0.005750486 /  0.005000000
 Elem1/Elem2 :  0.585569543 /  0.579819057
 Err	    :  0.986878662




 @WARNING!!! : Hessian element (42 , 14) is not strictly symmetric !
 D/TOL       :  0.007241429 /  0.005000000
 Elem1/Elem2 : -3.576139143 / -3.583380571
 Err	    :  0.202288110




 @WARNING!!! : Hessian element (42 , 25) is not strictly symmetric !
 D/TOL       : -0.008707714 /  0.005000000
 Elem1/Elem2 : -3.138791714 / -3.130084000
 Err	    :  0.277807846




 @WARNING!!! : Hessian element (42 , 40) is not strictly symmetric !
 D/TOL       : -0.007909714 /  0.005000000
 Elem1/Elem2 :  0.340739229 /  0.348648943
 Err	    :  2.294705541




 @WARNING!!! : Hessian element (42 , 41) is not strictly symmetric !
 D/TOL       : -0.019011757 /  0.005000000
 Elem1/Elem2 : -0.112508971 / -0.093497214
 Err	    : 18.457462408




 @WARNING!!! : Hessian element (43 ,  2) is not strictly symmetric !
 D/TOL       :  0.010704000 /  0.005000000
 Elem1/Elem2 :  1.367870286 /  1.357166286
 Err	    :  0.785604136




 @WARNING!!! : Hessian element (43 , 25) is not strictly symmetric !
 D/TOL       : -0.012211429 /  0.005000000
 Elem1/Elem2 : -13.723971429 / -13.711760000
 Err	    :  0.089018429




 @WARNING!!! : Hessian element (43 , 26) is not strictly symmetric !
 D/TOL       :  0.006187429 /  0.005000000
 Elem1/Elem2 : -4.162260286 / -4.168447714
 Err	    :  0.148545083




 @WARNING!!! : Hessian element (43 , 27) is not strictly symmetric !
 D/TOL       : -0.006847143 /  0.005000000
 Elem1/Elem2 :  1.425637714 /  1.432484857
 Err	    :  0.479135704




 @WARNING!!! : Hessian element (43 , 30) is not strictly symmetric !
 D/TOL       :  0.006832857 /  0.005000000
 Elem1/Elem2 :  1.507400857 /  1.500568000
 Err	    :  0.454317014




 @WARNING!!! : Hessian element (43 , 44) is not strictly symmetric !
 D/TOL       : -0.020986000 /  0.005000000
 Elem1/Elem2 :  0.792450000 /  0.813436000
 Err	    :  2.613635090




 @WARNING!!! : Hessian element (44 ,  1) is not strictly symmetric !
 D/TOL       : -0.008225429 /  0.005000000
 Elem1/Elem2 :  1.600616286 /  1.608841714
 Err	    :  0.512574308




 @WARNING!!! : Hessian element (44 ,  2) is not strictly symmetric !
 D/TOL       : -0.012934286 /  0.005000000
 Elem1/Elem2 : -10.862817143 / -10.849882857
 Err	    :  0.119140279




 @WARNING!!! : Hessian element (44 , 25) is not strictly symmetric !
 D/TOL       : -0.009644286 /  0.005000000
 Elem1/Elem2 : -4.132270286 / -4.122626000
 Err	    :  0.233662190




 @WARNING!!! : Hessian element (44 , 30) is not strictly symmetric !
 D/TOL       : -0.006798857 /  0.005000000
 Elem1/Elem2 : -2.504414000 / -2.497615143
 Err	    :  0.271843964




 @WARNING!!! : Hessian element (44 , 43) is not strictly symmetric !
 D/TOL       :  0.020986000 /  0.005000000
 Elem1/Elem2 :  0.813436000 /  0.792450000
 Err	    :  2.613635090




 @WARNING!!! : Hessian element (44 , 45) is not strictly symmetric !
 D/TOL       :  0.012008286 /  0.005000000
 Elem1/Elem2 : -3.301033714 / -3.313042000
 Err	    :  0.363113041




 @WARNING!!! : Hessian element (45 ,  2) is not strictly symmetric !
 D/TOL       :  0.006687357 /  0.005000000
 Elem1/Elem2 :  0.002213357 / -0.004474000
 Err	    : 591.633226958




 @WARNING!!! : Hessian element (45 , 25) is not strictly symmetric !
 D/TOL       :  0.007944571 /  0.005000000
 Elem1/Elem2 :  1.670218000 /  1.662273429
 Err	    :  0.476794710




 @WARNING!!! : Hessian element (45 , 28) is not strictly symmetric !
 D/TOL       : -0.006442571 /  0.005000000
 Elem1/Elem2 :  1.125462571 /  1.131905143
 Err	    :  0.570803896




 @WARNING!!! : Hessian element (45 , 29) is not strictly symmetric !
 D/TOL       :  0.005784286 /  0.005000000
 Elem1/Elem2 : -2.507258000 / -2.513042286
 Err	    :  0.230435846




 @WARNING!!! : Hessian element (45 , 30) is not strictly symmetric !
 D/TOL       : -0.006371429 /  0.005000000
 Elem1/Elem2 : -12.207528571 / -12.201157143
 Err	    :  0.052206240




 @WARNING!!! : Hessian element (45 , 44) is not strictly symmetric !
 D/TOL       : -0.012008286 /  0.005000000
 Elem1/Elem2 : -3.313042000 / -3.301033714
 Err	    :  0.363113041


 Normal Mode Frequencies ( Translational / Rotational Motions are projected out )
 Mode     Freq ( cm**-1 ) ... results computed by interal hessian matrix
--------------------------------------------------------------------------------------
 01       207.296811
 02       201.431272
 03       191.978953
 04       190.381101
 05       189.303002
 06       186.644252
 07       183.363533
 08       181.681769
 09       180.700262
 10       173.689161
 11       171.975374
 12       168.800343
 13       167.700543
 14       159.670018
 15       156.912996
 16       117.995002
 17       111.352120
 18       110.286646
 19       108.024176
 20       104.912650
 21        96.053832
 22        89.906400
 23        89.073187
 24        79.870703
 25        75.807188
 26        72.358913
 27        71.670827
 28        69.255120
 29        59.017131
 30        57.930983
 31        51.797316
 32        49.386165
 33        48.223495
 34        44.266305
 35        41.830850
 36        34.966246
 37        32.404299
 38        25.126496
 39        20.686829
 40         2.177721
 41         0.324773
 42         0.713074
 43         1.044887
 44         1.326305
 45         1.211030
--------------------------------------------------------------------------------------

 Moment of inertia tensor ( u.Angs^2 )

--------------------------------------------------------------------------------------
	     x       y      z
--------------------------------------------------------------------------------------
   x  7226.241     0.000     0.000
   y     0.000  5615.148     0.000
   z     0.000     0.000  4794.370
--------------------------------------------------------------------------------------
 Centre of mass (Ang) =     2.4743    2.8774    2.1763
--------------------------------------------------------------------------------------
 Calculation is finished : 
 2021-01-10 11:40:25
 Terminating Normal Mode Calculator
--------------------------------------------------------------------------------------
######################################################################################
