######################################################################################
--------------------------------------------------------------------------------------
 *supportive script for calculating slam normal modes
 compatibilty : above SLAM V 2.2.1
 last edited  : 31 - 08 -2020
--------------------------------------------------------------------------------------

 Requested 'dx' value is used :     0.045000

 READ CHECK DONE ...

 INPUT CONFIGURATION FROM 'geo.txt' 

--------------------------------------------------------------------------------------

 F c    4.477729    2.318325    4.042762
 F s    4.388011    2.331253    3.998858
 F c    1.160498    1.005687    4.031339
 F s    1.248343    1.061958    3.950522
 F c    2.465777    2.238156    2.050393
 F s    2.403518    2.148285    2.056148
 F c    3.091175   -0.176238    1.318728
 F s    3.043706   -0.066383    1.359446
 F c    0.039488    1.594835    1.130981
 F s    0.165181    1.631175    1.148093
 F c    0.926791    4.386674    1.417706
 F s    1.017637    4.357834    1.441595
 F c    2.983830    6.104615    2.634264
 F s    3.028940    5.985544    2.592558
 F c    2.685447    3.258841   -0.584143
 F s    2.648780    3.244048   -0.491575
 F c    2.008883    3.818070    4.211809
 F s    2.057479    3.811456    4.126639
 F c    4.411226    4.065061    1.666552
 F s    4.308713    4.152746    1.724099
Pb      1.933262    1.265236    0.016202
Pb      3.259474    0.568458    3.447394
Pb      2.788294    5.174316    0.569224
Pb      0.378348    2.885881    2.988971
Pb      4.057249    4.507963    3.845342

--------------------------------------------------------------------------------------

 WORKING ON ATOM 1 ...

 WORKING ON ATOM 2 ...

 WORKING ON ATOM 3 ...

 WORKING ON ATOM 4 ...

 WORKING ON ATOM 5 ...

 WORKING ON ATOM 6 ...

 WORKING ON ATOM 7 ...

 WORKING ON ATOM 8 ...

 WORKING ON ATOM 9 ...

 WORKING ON ATOM 10 ...

 WORKING ON ATOM 11 ...

 WORKING ON ATOM 12 ...

 WORKING ON ATOM 13 ...

 WORKING ON ATOM 14 ...

 WORKING ON ATOM 15 ...

 EXECUTING NORMAL MODE ANALYSIS ...



 @WARNING!!! : Hessian element ( 1 ,  2) is not strictly symmetric !
 D/TOL       :  0.006978889 /  0.005000000
 Elem1/Elem2 :  3.216584889 /  3.209606000
 Err	    :  0.217201419




 @WARNING!!! : Hessian element ( 1 , 35) is not strictly symmetric !
 D/TOL       : -0.008795556 /  0.005000000
 Elem1/Elem2 : -5.537244444 / -5.528448889
 Err	    :  0.158969805




 @WARNING!!! : Hessian element ( 1 , 44) is not strictly symmetric !
 D/TOL       :  0.014175333 /  0.005000000
 Elem1/Elem2 :  1.613334000 /  1.599158667
 Err	    :  0.882513039




 @WARNING!!! : Hessian element ( 2 ,  1) is not strictly symmetric !
 D/TOL       : -0.006978889 /  0.005000000
 Elem1/Elem2 :  3.209606000 /  3.216584889
 Err	    :  0.217201419




 @WARNING!!! : Hessian element ( 2 ,  3) is not strictly symmetric !
 D/TOL       : -0.005845778 /  0.005000000
 Elem1/Elem2 :  1.546832000 /  1.552677778
 Err	    :  0.377206603




 @WARNING!!! : Hessian element ( 2 , 34) is not strictly symmetric !
 D/TOL       :  0.020486667 /  0.005000000
 Elem1/Elem2 : -5.223771111 / -5.244257778
 Err	    :  0.391414026




 @WARNING!!! : Hessian element ( 2 , 35) is not strictly symmetric !
 D/TOL       :  0.019195556 /  0.005000000
 Elem1/Elem2 : -10.198597778 / -10.217793333
 Err	    :  0.188040633




 @WARNING!!! : Hessian element ( 2 , 36) is not strictly symmetric !
 D/TOL       :  0.014108667 /  0.005000000
 Elem1/Elem2 : -1.858532889 / -1.872641556
 Err	    :  0.756258753




 @WARNING!!! : Hessian element ( 2 , 43) is not strictly symmetric !
 D/TOL       : -0.016696889 /  0.005000000
 Elem1/Elem2 :  1.355748667 /  1.372445556
 Err	    :  1.224024943




 @WARNING!!! : Hessian element ( 2 , 44) is not strictly symmetric !
 D/TOL       :  0.018042222 /  0.005000000
 Elem1/Elem2 : -10.856646667 / -10.874688889
 Err	    :  0.166047983




 @WARNING!!! : Hessian element ( 2 , 45) is not strictly symmetric !
 D/TOL       : -0.010434533 /  0.005000000
 Elem1/Elem2 : -0.005378267 /  0.005056267
 Err	    : 6481.076604555




 @WARNING!!! : Hessian element ( 3 ,  2) is not strictly symmetric !
 D/TOL       :  0.005845778 /  0.005000000
 Elem1/Elem2 :  1.552677778 /  1.546832000
 Err	    :  0.377206603




 @WARNING!!! : Hessian element ( 3 , 35) is not strictly symmetric !
 D/TOL       : -0.006827778 /  0.005000000
 Elem1/Elem2 : -2.511941333 / -2.505113556
 Err	    :  0.272182702




 @WARNING!!! : Hessian element ( 3 , 44) is not strictly symmetric !
 D/TOL       :  0.007328911 /  0.005000000
 Elem1/Elem2 :  0.420610733 /  0.413281822
 Err	    :  1.757759093




 @WARNING!!! : Hessian element ( 4 ,  6) is not strictly symmetric !
 D/TOL       :  0.007840667 /  0.005000000
 Elem1/Elem2 : -2.743687111 / -2.751527778
 Err	    :  0.285363423




 @WARNING!!! : Hessian element ( 4 , 34) is not strictly symmetric !
 D/TOL       :  0.007666667 /  0.005000000
 Elem1/Elem2 : -14.323875556 / -14.331542222
 Err	    :  0.053509369




 @WARNING!!! : Hessian element ( 4 , 35) is not strictly symmetric !
 D/TOL       : -0.008523111 /  0.005000000
 Elem1/Elem2 :  3.444692222 /  3.453215333
 Err	    :  0.247121639




 @WARNING!!! : Hessian element ( 4 , 36) is not strictly symmetric !
 D/TOL       : -0.012572667 /  0.005000000
 Elem1/Elem2 :  2.829598222 /  2.842170889
 Err	    :  0.443341977




 @WARNING!!! : Hessian element ( 5 ,  6) is not strictly symmetric !
 D/TOL       :  0.009151778 /  0.005000000
 Elem1/Elem2 : -3.265662222 / -3.274814000
 Err	    :  0.279850502




 @WARNING!!! : Hessian element ( 5 , 40) is not strictly symmetric !
 D/TOL       : -0.011068444 /  0.005000000
 Elem1/Elem2 :  2.886324667 /  2.897393111
 Err	    :  0.382744970




 @WARNING!!! : Hessian element ( 5 , 42) is not strictly symmetric !
 D/TOL       : -0.009719111 /  0.005000000
 Elem1/Elem2 :  2.291719556 /  2.301438667
 Err	    :  0.423199491




 @WARNING!!! : Hessian element ( 6 ,  4) is not strictly symmetric !
 D/TOL       : -0.007840667 /  0.005000000
 Elem1/Elem2 : -2.751527778 / -2.743687111
 Err	    :  0.285363423




 @WARNING!!! : Hessian element ( 6 ,  5) is not strictly symmetric !
 D/TOL       : -0.009151778 /  0.005000000
 Elem1/Elem2 : -3.274814000 / -3.265662222
 Err	    :  0.279850502




 @WARNING!!! : Hessian element ( 6 , 34) is not strictly symmetric !
 D/TOL       :  0.012385778 /  0.005000000
 Elem1/Elem2 :  2.905976667 /  2.893590889
 Err	    :  0.427127632




 @WARNING!!! : Hessian element ( 6 , 41) is not strictly symmetric !
 D/TOL       :  0.013114000 /  0.005000000
 Elem1/Elem2 :  2.797606889 /  2.784492889
 Err	    :  0.469859032




 @WARNING!!! : Hessian element ( 7 ,  9) is not strictly symmetric !
 D/TOL       :  0.019106000 /  0.005000000
 Elem1/Elem2 :  1.110241111 /  1.091135111
 Err	    :  1.735823237




 @WARNING!!! : Hessian element ( 7 , 33) is not strictly symmetric !
 D/TOL       : -0.012337333 /  0.005000000
 Elem1/Elem2 : -1.288993111 / -1.276655778
 Err	    :  0.961732011




 @WARNING!!! : Hessian element ( 7 , 35) is not strictly symmetric !
 D/TOL       :  0.008040000 /  0.005000000
 Elem1/Elem2 :  1.095180889 /  1.087140889
 Err	    :  0.736829929




 @WARNING!!! : Hessian element ( 7 , 40) is not strictly symmetric !
 D/TOL       : -0.013275778 /  0.005000000
 Elem1/Elem2 : -3.624614444 / -3.611338667
 Err	    :  0.366939298




 @WARNING!!! : Hessian element ( 7 , 41) is not strictly symmetric !
 D/TOL       : -0.008115089 /  0.005000000
 Elem1/Elem2 :  0.297763244 /  0.305878333
 Err	    :  2.688711046




 @WARNING!!! : Hessian element ( 7 , 42) is not strictly symmetric !
 D/TOL       : -0.009836667 /  0.005000000
 Elem1/Elem2 :  0.579358444 /  0.589195111
 Err	    :  1.683562832




 @WARNING!!! : Hessian element ( 8 ,  9) is not strictly symmetric !
 D/TOL       :  0.014955982 /  0.005000000
 Elem1/Elem2 :  0.185220933 /  0.170264951
 Err	    :  8.414388799




 @WARNING!!! : Hessian element ( 8 , 33) is not strictly symmetric !
 D/TOL       : -0.021756889 /  0.005000000
 Elem1/Elem2 : -2.160598889 / -2.138842000
 Err	    :  1.012079917




 @WARNING!!! : Hessian element ( 8 , 40) is not strictly symmetric !
 D/TOL       :  0.014795822 /  0.005000000
 Elem1/Elem2 : -0.034322644 / -0.049118467
 Err	    : 35.464106422




 @WARNING!!! : Hessian element ( 9 ,  7) is not strictly symmetric !
 D/TOL       : -0.019106000 /  0.005000000
 Elem1/Elem2 :  1.091135111 /  1.110241111
 Err	    :  1.735823237




 @WARNING!!! : Hessian element ( 9 ,  8) is not strictly symmetric !
 D/TOL       : -0.014955982 /  0.005000000
 Elem1/Elem2 :  0.170264951 /  0.185220933
 Err	    :  8.414388799




 @WARNING!!! : Hessian element ( 9 , 31) is not strictly symmetric !
 D/TOL       :  0.009714667 /  0.005000000
 Elem1/Elem2 : -1.229985556 / -1.239700222
 Err	    :  0.786712768




 @WARNING!!! : Hessian element ( 9 , 32) is not strictly symmetric !
 D/TOL       :  0.014441778 /  0.005000000
 Elem1/Elem2 : -1.882765556 / -1.897207333
 Err	    :  0.764120707




 @WARNING!!! : Hessian element ( 9 , 35) is not strictly symmetric !
 D/TOL       :  0.006374000 /  0.005000000
 Elem1/Elem2 :  1.876295778 /  1.869921778
 Err	    :  0.340289901




 @WARNING!!! : Hessian element ( 9 , 40) is not strictly symmetric !
 D/TOL       :  0.017117422 /  0.005000000
 Elem1/Elem2 :  0.527401867 /  0.510284444
 Err	    :  3.299151591




 @WARNING!!! : Hessian element (10 , 12) is not strictly symmetric !
 D/TOL       :  0.012197333 /  0.005000000
 Elem1/Elem2 :  3.817555556 /  3.805358222
 Err	    :  0.320017612




 @WARNING!!! : Hessian element (10 , 32) is not strictly symmetric !
 D/TOL       :  0.005367111 /  0.005000000
 Elem1/Elem2 :  2.928851778 /  2.923484667
 Err	    :  0.183417723




 @WARNING!!! : Hessian element (11 , 12) is not strictly symmetric !
 D/TOL       :  0.007918956 /  0.005000000
 Elem1/Elem2 :  0.170702222 /  0.162783267
 Err	    :  4.749205479




 @WARNING!!! : Hessian element (11 , 36) is not strictly symmetric !
 D/TOL       : -0.014149556 /  0.005000000
 Elem1/Elem2 : -3.050644222 / -3.036494667
 Err	    :  0.464900040




 @WARNING!!! : Hessian element (12 , 10) is not strictly symmetric !
 D/TOL       : -0.012197333 /  0.005000000
 Elem1/Elem2 :  3.805358222 /  3.817555556
 Err	    :  0.320017612




 @WARNING!!! : Hessian element (12 , 11) is not strictly symmetric !
 D/TOL       : -0.007918956 /  0.005000000
 Elem1/Elem2 :  0.162783267 /  0.170702222
 Err	    :  4.749205479




 @WARNING!!! : Hessian element (12 , 31) is not strictly symmetric !
 D/TOL       :  0.007607111 /  0.005000000
 Elem1/Elem2 : -3.438396444 / -3.446003556
 Err	    :  0.220995616




 @WARNING!!! : Hessian element (12 , 32) is not strictly symmetric !
 D/TOL       : -0.006455778 /  0.005000000
 Elem1/Elem2 :  3.239676222 /  3.246132000
 Err	    :  0.199073964




 @WARNING!!! : Hessian element (12 , 33) is not strictly symmetric !
 D/TOL       :  0.007866667 /  0.005000000
 Elem1/Elem2 : -5.945911111 / -5.953777778
 Err	    :  0.132216342




 @WARNING!!! : Hessian element (12 , 35) is not strictly symmetric !
 D/TOL       :  0.017882667 /  0.005000000
 Elem1/Elem2 : -2.015906222 / -2.033788889
 Err	    :  0.883161136




 @WARNING!!! : Hessian element (12 , 36) is not strictly symmetric !
 D/TOL       :  0.011097778 /  0.005000000
 Elem1/Elem2 : -11.416568889 / -11.427666667
 Err	    :  0.097160422




 @WARNING!!! : Hessian element (13 , 14) is not strictly symmetric !
 D/TOL       :  0.005038222 /  0.005000000
 Elem1/Elem2 : -0.476982311 / -0.482020533
 Err	    :  1.050721017




 @WARNING!!! : Hessian element (13 , 15) is not strictly symmetric !
 D/TOL       :  0.007914889 /  0.005000000
 Elem1/Elem2 : -4.083096000 / -4.091010889
 Err	    :  0.193657582




 @WARNING!!! : Hessian element (13 , 33) is not strictly symmetric !
 D/TOL       : -0.011371111 /  0.005000000
 Elem1/Elem2 :  6.363266667 /  6.374637778
 Err	    :  0.178539746




 @WARNING!!! : Hessian element (14 , 13) is not strictly symmetric !
 D/TOL       : -0.005038222 /  0.005000000
 Elem1/Elem2 : -0.482020533 / -0.476982311
 Err	    :  1.050721017




 @WARNING!!! : Hessian element (14 , 15) is not strictly symmetric !
 D/TOL       :  0.013182222 /  0.005000000
 Elem1/Elem2 :  5.244506667 /  5.231324444
 Err	    :  0.251669239




 @WARNING!!! : Hessian element (14 , 42) is not strictly symmetric !
 D/TOL       : -0.012334222 /  0.005000000
 Elem1/Elem2 : -3.588006000 / -3.575671778
 Err	    :  0.344354467




 @WARNING!!! : Hessian element (15 , 13) is not strictly symmetric !
 D/TOL       : -0.007914889 /  0.005000000
 Elem1/Elem2 : -4.091010889 / -4.083096000
 Err	    :  0.193657582




 @WARNING!!! : Hessian element (15 , 14) is not strictly symmetric !
 D/TOL       : -0.013182222 /  0.005000000
 Elem1/Elem2 :  5.231324444 /  5.244506667
 Err	    :  0.251669239




 @WARNING!!! : Hessian element (15 , 41) is not strictly symmetric !
 D/TOL       :  0.011018444 /  0.005000000
 Elem1/Elem2 : -3.557865111 / -3.568883556
 Err	    :  0.309213779




 @WARNING!!! : Hessian element (16 , 17) is not strictly symmetric !
 D/TOL       : -0.006544444 /  0.005000000
 Elem1/Elem2 :  5.719913333 /  5.726457778
 Err	    :  0.114349681




 @WARNING!!! : Hessian element (16 , 38) is not strictly symmetric !
 D/TOL       :  0.010610444 /  0.005000000
 Elem1/Elem2 : -4.318038000 / -4.328648444
 Err	    :  0.245422209




 @WARNING!!! : Hessian element (16 , 39) is not strictly symmetric !
 D/TOL       : -0.010592889 /  0.005000000
 Elem1/Elem2 :  4.544375556 /  4.554968444
 Err	    :  0.232827529




 @WARNING!!! : Hessian element (17 , 16) is not strictly symmetric !
 D/TOL       :  0.006544444 /  0.005000000
 Elem1/Elem2 :  5.726457778 /  5.719913333
 Err	    :  0.114349681




 @WARNING!!! : Hessian element (17 , 37) is not strictly symmetric !
 D/TOL       : -0.005110000 /  0.005000000
 Elem1/Elem2 : -4.472389333 / -4.467279333
 Err	    :  0.114321910




 @WARNING!!! : Hessian element (17 , 40) is not strictly symmetric !
 D/TOL       :  0.006433556 /  0.005000000
 Elem1/Elem2 : -1.740094889 / -1.746528444
 Err	    :  0.369042190




 @WARNING!!! : Hessian element (18 , 37) is not strictly symmetric !
 D/TOL       :  0.005940000 /  0.005000000
 Elem1/Elem2 :  4.754688889 /  4.748748889
 Err	    :  0.125007395




 @WARNING!!! : Hessian element (18 , 40) is not strictly symmetric !
 D/TOL       : -0.005977333 /  0.005000000
 Elem1/Elem2 :  2.015281778 /  2.021259111
 Err	    :  0.296161169




 @WARNING!!! : Hessian element (19 , 21) is not strictly symmetric !
 D/TOL       :  0.010239778 /  0.005000000
 Elem1/Elem2 :  2.804469111 /  2.794229333
 Err	    :  0.365791367




 @WARNING!!! : Hessian element (19 , 44) is not strictly symmetric !
 D/TOL       :  0.007960444 /  0.005000000
 Elem1/Elem2 :  3.146472667 /  3.138512222
 Err	    :  0.253316264




 @WARNING!!! : Hessian element (20 , 21) is not strictly symmetric !
 D/TOL       :  0.013637800 /  0.005000000
 Elem1/Elem2 :  0.725991133 /  0.712353333
 Err	    :  1.896319041




 @WARNING!!! : Hessian element (20 , 39) is not strictly symmetric !
 D/TOL       : -0.016695333 /  0.005000000
 Elem1/Elem2 : -3.203600000 / -3.186904667
 Err	    :  0.522504378




 @WARNING!!! : Hessian element (21 , 19) is not strictly symmetric !
 D/TOL       : -0.010239778 /  0.005000000
 Elem1/Elem2 :  2.794229333 /  2.804469111
 Err	    :  0.365791367




 @WARNING!!! : Hessian element (21 , 20) is not strictly symmetric !
 D/TOL       : -0.013637800 /  0.005000000
 Elem1/Elem2 :  0.712353333 /  0.725991133
 Err	    :  1.896319041




 @WARNING!!! : Hessian element (21 , 38) is not strictly symmetric !
 D/TOL       :  0.019070889 /  0.005000000
 Elem1/Elem2 : -2.819669778 / -2.838740667
 Err	    :  0.674072306




 @WARNING!!! : Hessian element (21 , 39) is not strictly symmetric !
 D/TOL       :  0.007680000 /  0.005000000
 Elem1/Elem2 : -10.208162222 / -10.215842222
 Err	    :  0.075205624




 @WARNING!!! : Hessian element (21 , 43) is not strictly symmetric !
 D/TOL       :  0.005610222 /  0.005000000
 Elem1/Elem2 : -2.861919556 / -2.867529778
 Err	    :  0.195838095




 @WARNING!!! : Hessian element (21 , 45) is not strictly symmetric !
 D/TOL       :  0.005493333 /  0.005000000
 Elem1/Elem2 : -4.765002222 / -4.770495556
 Err	    :  0.115218596




 @WARNING!!! : Hessian element (22 , 23) is not strictly symmetric !
 D/TOL       :  0.020302222 /  0.005000000
 Elem1/Elem2 :  4.274580222 /  4.254278000
 Err	    :  0.476083004




 @WARNING!!! : Hessian element (22 , 32) is not strictly symmetric !
 D/TOL       : -0.013368444 /  0.005000000
 Elem1/Elem2 : -4.026971556 / -4.013603111
 Err	    :  0.332524602




 @WARNING!!! : Hessian element (23 , 22) is not strictly symmetric !
 D/TOL       : -0.020302222 /  0.005000000
 Elem1/Elem2 :  4.254278000 /  4.274580222
 Err	    :  0.476083004




 @WARNING!!! : Hessian element (23 , 24) is not strictly symmetric !
 D/TOL       : -0.006726667 /  0.005000000
 Elem1/Elem2 :  1.760150222 /  1.766876889
 Err	    :  0.381435495




 @WARNING!!! : Hessian element (23 , 31) is not strictly symmetric !
 D/TOL       :  0.018004444 /  0.005000000
 Elem1/Elem2 : -4.275350444 / -4.293354889
 Err	    :  0.420237218




 @WARNING!!! : Hessian element (23 , 32) is not strictly symmetric !
 D/TOL       :  0.020180000 /  0.005000000
 Elem1/Elem2 : -12.004100000 / -12.024280000
 Err	    :  0.167968044




 @WARNING!!! : Hessian element (23 , 33) is not strictly symmetric !
 D/TOL       : -0.018183556 /  0.005000000
 Elem1/Elem2 :  1.900772889 /  1.918956444
 Err	    :  0.952086076




 @WARNING!!! : Hessian element (23 , 38) is not strictly symmetric !
 D/TOL       :  0.021962222 /  0.005000000
 Elem1/Elem2 : -9.143748889 / -9.165711111
 Err	    :  0.239900273




 @WARNING!!! : Hessian element (23 , 39) is not strictly symmetric !
 D/TOL       :  0.023427111 /  0.005000000
 Elem1/Elem2 : -3.537477111 / -3.560904222
 Err	    :  0.660069106




 @WARNING!!! : Hessian element (24 , 23) is not strictly symmetric !
 D/TOL       :  0.006726667 /  0.005000000
 Elem1/Elem2 :  1.766876889 /  1.760150222
 Err	    :  0.381435495




 @WARNING!!! : Hessian element (24 , 32) is not strictly symmetric !
 D/TOL       :  0.013047556 /  0.005000000
 Elem1/Elem2 :  2.579687111 /  2.566639556
 Err	    :  0.507062859




 @WARNING!!! : Hessian element (24 , 38) is not strictly symmetric !
 D/TOL       : -0.016373111 /  0.005000000
 Elem1/Elem2 : -4.014721111 / -3.998348000
 Err	    :  0.408660175




 @WARNING!!! : Hessian element (25 , 26) is not strictly symmetric !
 D/TOL       : -0.027926667 /  0.005000000
 Elem1/Elem2 :  6.885408889 /  6.913335556
 Err	    :  0.404771127




 @WARNING!!! : Hessian element (25 , 27) is not strictly symmetric !
 D/TOL       : -0.005408000 /  0.005000000
 Elem1/Elem2 :  1.654260222 /  1.659668222
 Err	    :  0.326380010




 @WARNING!!! : Hessian element (25 , 40) is not strictly symmetric !
 D/TOL       :  0.019940000 /  0.005000000
 Elem1/Elem2 : -6.613944444 / -6.633884444
 Err	    :  0.301030458




 @WARNING!!! : Hessian element (25 , 41) is not strictly symmetric !
 D/TOL       :  0.013947333 /  0.005000000
 Elem1/Elem2 : -2.379299778 / -2.393247111
 Err	    :  0.584481773




 @WARNING!!! : Hessian element (25 , 42) is not strictly symmetric !
 D/TOL       :  0.014200667 /  0.005000000
 Elem1/Elem2 : -3.130538889 / -3.144739556
 Err	    :  0.452590807




 @WARNING!!! : Hessian element (25 , 43) is not strictly symmetric !
 D/TOL       :  0.018135556 /  0.005000000
 Elem1/Elem2 : -13.708484444 / -13.726620000
 Err	    :  0.132206936




 @WARNING!!! : Hessian element (25 , 44) is not strictly symmetric !
 D/TOL       :  0.015480444 /  0.005000000
 Elem1/Elem2 : -4.120515556 / -4.135996000
 Err	    :  0.374987532




 @WARNING!!! : Hessian element (25 , 45) is not strictly symmetric !
 D/TOL       : -0.012570000 /  0.005000000
 Elem1/Elem2 :  1.660661778 /  1.673231778
 Err	    :  0.754073265




 @WARNING!!! : Hessian element (26 , 25) is not strictly symmetric !
 D/TOL       :  0.027926667 /  0.005000000
 Elem1/Elem2 :  6.913335556 /  6.885408889
 Err	    :  0.404771127




 @WARNING!!! : Hessian element (26 , 43) is not strictly symmetric !
 D/TOL       : -0.009707111 /  0.005000000
 Elem1/Elem2 : -4.169827778 / -4.160120667
 Err	    :  0.233065335




 @WARNING!!! : Hessian element (27 , 25) is not strictly symmetric !
 D/TOL       :  0.005408000 /  0.005000000
 Elem1/Elem2 :  1.659668222 /  1.654260222
 Err	    :  0.326380010




 @WARNING!!! : Hessian element (27 , 40) is not strictly symmetric !
 D/TOL       : -0.006381333 /  0.005000000
 Elem1/Elem2 : -3.688615778 / -3.682234444
 Err	    :  0.173150536




 @WARNING!!! : Hessian element (27 , 43) is not strictly symmetric !
 D/TOL       :  0.011234667 /  0.005000000
 Elem1/Elem2 :  1.435766222 /  1.424531556
 Err	    :  0.785559235




 @WARNING!!! : Hessian element (28 , 29) is not strictly symmetric !
 D/TOL       :  0.005120000 /  0.005000000
 Elem1/Elem2 : -5.443648889 / -5.448768889
 Err	    :  0.094010349




 @WARNING!!! : Hessian element (28 , 30) is not strictly symmetric !
 D/TOL       : -0.005942222 /  0.005000000
 Elem1/Elem2 :  1.821232444 /  1.827174667
 Err	    :  0.325743375




 @WARNING!!! : Hessian element (28 , 38) is not strictly symmetric !
 D/TOL       : -0.006119111 /  0.005000000
 Elem1/Elem2 :  3.901128889 /  3.907248000
 Err	    :  0.156731961




 @WARNING!!! : Hessian element (28 , 45) is not strictly symmetric !
 D/TOL       :  0.010323556 /  0.005000000
 Elem1/Elem2 :  1.134605778 /  1.124282222
 Err	    :  0.914038727




 @WARNING!!! : Hessian element (29 , 28) is not strictly symmetric !
 D/TOL       : -0.005120000 /  0.005000000
 Elem1/Elem2 : -5.448768889 / -5.443648889
 Err	    :  0.094010349




 @WARNING!!! : Hessian element (29 , 30) is not strictly symmetric !
 D/TOL       :  0.005154496 /  0.005000000
 Elem1/Elem2 :  0.231339562 /  0.226185067
 Err	    :  2.253210092




 @WARNING!!! : Hessian element (29 , 37) is not strictly symmetric !
 D/TOL       :  0.006178444 /  0.005000000
 Elem1/Elem2 :  4.231468444 /  4.225290000
 Err	    :  0.146118504




 @WARNING!!! : Hessian element (29 , 45) is not strictly symmetric !
 D/TOL       : -0.009332444 /  0.005000000
 Elem1/Elem2 : -2.515301778 / -2.505969333
 Err	    :  0.371716414




 @WARNING!!! : Hessian element (30 , 28) is not strictly symmetric !
 D/TOL       :  0.005942222 /  0.005000000
 Elem1/Elem2 :  1.827174667 /  1.821232444
 Err	    :  0.325743375




 @WARNING!!! : Hessian element (30 , 29) is not strictly symmetric !
 D/TOL       : -0.005154496 /  0.005000000
 Elem1/Elem2 :  0.226185067 /  0.231339562
 Err	    :  2.253210092




 @WARNING!!! : Hessian element (30 , 38) is not strictly symmetric !
 D/TOL       : -0.005380444 /  0.005000000
 Elem1/Elem2 :  3.084296667 /  3.089677111
 Err	    :  0.174294373




 @WARNING!!! : Hessian element (30 , 39) is not strictly symmetric !
 D/TOL       :  0.005976222 /  0.005000000
 Elem1/Elem2 : -4.544762222 / -4.550738444
 Err	    :  0.131410517




 @WARNING!!! : Hessian element (30 , 43) is not strictly symmetric !
 D/TOL       : -0.011004889 /  0.005000000
 Elem1/Elem2 :  1.499237556 /  1.510242444
 Err	    :  0.731348199




 @WARNING!!! : Hessian element (30 , 44) is not strictly symmetric !
 D/TOL       :  0.010779556 /  0.005000000
 Elem1/Elem2 : -2.496315556 / -2.507095111
 Err	    :  0.430888299




 @WARNING!!! : Hessian element (30 , 45) is not strictly symmetric !
 D/TOL       :  0.010168889 /  0.005000000
 Elem1/Elem2 : -12.202522222 / -12.212691111
 Err	    :  0.083299611




 @WARNING!!! : Hessian element (31 ,  9) is not strictly symmetric !
 D/TOL       : -0.009714667 /  0.005000000
 Elem1/Elem2 : -1.239700222 / -1.229985556
 Err	    :  0.786712768




 @WARNING!!! : Hessian element (31 , 12) is not strictly symmetric !
 D/TOL       : -0.007607111 /  0.005000000
 Elem1/Elem2 : -3.446003556 / -3.438396444
 Err	    :  0.220995616




 @WARNING!!! : Hessian element (31 , 23) is not strictly symmetric !
 D/TOL       : -0.018004444 /  0.005000000
 Elem1/Elem2 : -4.293354889 / -4.275350444
 Err	    :  0.420237218




 @WARNING!!! : Hessian element (31 , 32) is not strictly symmetric !
 D/TOL       :  0.017973800 /  0.005000000
 Elem1/Elem2 : -1.290227533 / -1.308201333
 Err	    :  1.383435986




 @WARNING!!! : Hessian element (31 , 33) is not strictly symmetric !
 D/TOL       :  0.029039111 /  0.005000000
 Elem1/Elem2 : -2.657869333 / -2.686908444
 Err	    :  1.086634929




 @WARNING!!! : Hessian element (31 , 36) is not strictly symmetric !
 D/TOL       : -0.005505111 /  0.005000000
 Elem1/Elem2 : -2.762721333 / -2.757216222
 Err	    :  0.199462804




 @WARNING!!! : Hessian element (32 ,  9) is not strictly symmetric !
 D/TOL       : -0.014441778 /  0.005000000
 Elem1/Elem2 : -1.897207333 / -1.882765556
 Err	    :  0.764120707




 @WARNING!!! : Hessian element (32 , 10) is not strictly symmetric !
 D/TOL       : -0.005367111 /  0.005000000
 Elem1/Elem2 :  2.923484667 /  2.928851778
 Err	    :  0.183417723




 @WARNING!!! : Hessian element (32 , 12) is not strictly symmetric !
 D/TOL       :  0.006455778 /  0.005000000
 Elem1/Elem2 :  3.246132000 /  3.239676222
 Err	    :  0.199073964




 @WARNING!!! : Hessian element (32 , 22) is not strictly symmetric !
 D/TOL       :  0.013368444 /  0.005000000
 Elem1/Elem2 : -4.013603111 / -4.026971556
 Err	    :  0.332524602




 @WARNING!!! : Hessian element (32 , 23) is not strictly symmetric !
 D/TOL       : -0.020180000 /  0.005000000
 Elem1/Elem2 : -12.024280000 / -12.004100000
 Err	    :  0.167968044




 @WARNING!!! : Hessian element (32 , 24) is not strictly symmetric !
 D/TOL       : -0.013047556 /  0.005000000
 Elem1/Elem2 :  2.566639556 /  2.579687111
 Err	    :  0.507062859




 @WARNING!!! : Hessian element (32 , 31) is not strictly symmetric !
 D/TOL       : -0.017973800 /  0.005000000
 Elem1/Elem2 : -1.308201333 / -1.290227533
 Err	    :  1.383435986




 @WARNING!!! : Hessian element (32 , 33) is not strictly symmetric !
 D/TOL       :  0.039684667 /  0.005000000
 Elem1/Elem2 : -2.072086000 / -2.111770667
 Err	    :  1.897037582




 @WARNING!!! : Hessian element (33 ,  7) is not strictly symmetric !
 D/TOL       :  0.012337333 /  0.005000000
 Elem1/Elem2 : -1.276655778 / -1.288993111
 Err	    :  0.961732011




 @WARNING!!! : Hessian element (33 ,  8) is not strictly symmetric !
 D/TOL       :  0.021756889 /  0.005000000
 Elem1/Elem2 : -2.138842000 / -2.160598889
 Err	    :  1.012079917




 @WARNING!!! : Hessian element (33 , 12) is not strictly symmetric !
 D/TOL       : -0.007866667 /  0.005000000
 Elem1/Elem2 : -5.953777778 / -5.945911111
 Err	    :  0.132216342




 @WARNING!!! : Hessian element (33 , 13) is not strictly symmetric !
 D/TOL       :  0.011371111 /  0.005000000
 Elem1/Elem2 :  6.374637778 /  6.363266667
 Err	    :  0.178539746




 @WARNING!!! : Hessian element (33 , 23) is not strictly symmetric !
 D/TOL       :  0.018183556 /  0.005000000
 Elem1/Elem2 :  1.918956444 /  1.900772889
 Err	    :  0.952086076




 @WARNING!!! : Hessian element (33 , 31) is not strictly symmetric !
 D/TOL       : -0.029039111 /  0.005000000
 Elem1/Elem2 : -2.686908444 / -2.657869333
 Err	    :  1.086634929




 @WARNING!!! : Hessian element (33 , 32) is not strictly symmetric !
 D/TOL       : -0.039684667 /  0.005000000
 Elem1/Elem2 : -2.111770667 / -2.072086000
 Err	    :  1.897037582




 @WARNING!!! : Hessian element (34 ,  2) is not strictly symmetric !
 D/TOL       : -0.020486667 /  0.005000000
 Elem1/Elem2 : -5.244257778 / -5.223771111
 Err	    :  0.391414026




 @WARNING!!! : Hessian element (34 ,  4) is not strictly symmetric !
 D/TOL       : -0.007666667 /  0.005000000
 Elem1/Elem2 : -14.331542222 / -14.323875556
 Err	    :  0.053509369




 @WARNING!!! : Hessian element (34 ,  6) is not strictly symmetric !
 D/TOL       : -0.012385778 /  0.005000000
 Elem1/Elem2 :  2.893590889 /  2.905976667
 Err	    :  0.427127632




 @WARNING!!! : Hessian element (34 , 35) is not strictly symmetric !
 D/TOL       :  0.011618778 /  0.005000000
 Elem1/Elem2 : -1.173884444 / -1.185503222
 Err	    :  0.984897729




 @WARNING!!! : Hessian element (34 , 36) is not strictly symmetric !
 D/TOL       :  0.022140444 /  0.005000000
 Elem1/Elem2 :  3.858153556 /  3.836013111
 Err	    :  0.575512473




 @WARNING!!! : Hessian element (35 ,  1) is not strictly symmetric !
 D/TOL       :  0.008795556 /  0.005000000
 Elem1/Elem2 : -5.528448889 / -5.537244444
 Err	    :  0.158969805




 @WARNING!!! : Hessian element (35 ,  2) is not strictly symmetric !
 D/TOL       : -0.019195556 /  0.005000000
 Elem1/Elem2 : -10.217793333 / -10.198597778
 Err	    :  0.188040633




 @WARNING!!! : Hessian element (35 ,  3) is not strictly symmetric !
 D/TOL       :  0.006827778 /  0.005000000
 Elem1/Elem2 : -2.505113556 / -2.511941333
 Err	    :  0.272182702




 @WARNING!!! : Hessian element (35 ,  4) is not strictly symmetric !
 D/TOL       :  0.008523111 /  0.005000000
 Elem1/Elem2 :  3.453215333 /  3.444692222
 Err	    :  0.247121639




 @WARNING!!! : Hessian element (35 ,  7) is not strictly symmetric !
 D/TOL       : -0.008040000 /  0.005000000
 Elem1/Elem2 :  1.087140889 /  1.095180889
 Err	    :  0.736829929




 @WARNING!!! : Hessian element (35 ,  9) is not strictly symmetric !
 D/TOL       : -0.006374000 /  0.005000000
 Elem1/Elem2 :  1.869921778 /  1.876295778
 Err	    :  0.340289901




 @WARNING!!! : Hessian element (35 , 12) is not strictly symmetric !
 D/TOL       : -0.017882667 /  0.005000000
 Elem1/Elem2 : -2.033788889 / -2.015906222
 Err	    :  0.883161136




 @WARNING!!! : Hessian element (35 , 34) is not strictly symmetric !
 D/TOL       : -0.011618778 /  0.005000000
 Elem1/Elem2 : -1.185503222 / -1.173884444
 Err	    :  0.984897729




 @WARNING!!! : Hessian element (35 , 36) is not strictly symmetric !
 D/TOL       :  0.011775111 /  0.005000000
 Elem1/Elem2 :  2.382330444 /  2.370555333
 Err	    :  0.495493124




 @WARNING!!! : Hessian element (36 ,  2) is not strictly symmetric !
 D/TOL       : -0.014108667 /  0.005000000
 Elem1/Elem2 : -1.872641556 / -1.858532889
 Err	    :  0.756258753




 @WARNING!!! : Hessian element (36 ,  4) is not strictly symmetric !
 D/TOL       :  0.012572667 /  0.005000000
 Elem1/Elem2 :  2.842170889 /  2.829598222
 Err	    :  0.443341977




 @WARNING!!! : Hessian element (36 , 11) is not strictly symmetric !
 D/TOL       :  0.014149556 /  0.005000000
 Elem1/Elem2 : -3.036494667 / -3.050644222
 Err	    :  0.464900040




 @WARNING!!! : Hessian element (36 , 12) is not strictly symmetric !
 D/TOL       : -0.011097778 /  0.005000000
 Elem1/Elem2 : -11.427666667 / -11.416568889
 Err	    :  0.097160422




 @WARNING!!! : Hessian element (36 , 31) is not strictly symmetric !
 D/TOL       :  0.005505111 /  0.005000000
 Elem1/Elem2 : -2.757216222 / -2.762721333
 Err	    :  0.199462804




 @WARNING!!! : Hessian element (36 , 34) is not strictly symmetric !
 D/TOL       : -0.022140444 /  0.005000000
 Elem1/Elem2 :  3.836013111 /  3.858153556
 Err	    :  0.575512473




 @WARNING!!! : Hessian element (36 , 35) is not strictly symmetric !
 D/TOL       : -0.011775111 /  0.005000000
 Elem1/Elem2 :  2.370555333 /  2.382330444
 Err	    :  0.495493124




 @WARNING!!! : Hessian element (37 , 17) is not strictly symmetric !
 D/TOL       :  0.005110000 /  0.005000000
 Elem1/Elem2 : -4.467279333 / -4.472389333
 Err	    :  0.114321910




 @WARNING!!! : Hessian element (37 , 18) is not strictly symmetric !
 D/TOL       : -0.005940000 /  0.005000000
 Elem1/Elem2 :  4.748748889 /  4.754688889
 Err	    :  0.125007395




 @WARNING!!! : Hessian element (37 , 29) is not strictly symmetric !
 D/TOL       : -0.006178444 /  0.005000000
 Elem1/Elem2 :  4.225290000 /  4.231468444
 Err	    :  0.146118504




 @WARNING!!! : Hessian element (37 , 39) is not strictly symmetric !
 D/TOL       :  0.017316222 /  0.005000000
 Elem1/Elem2 :  2.274824000 /  2.257507778
 Err	    :  0.764119798




 @WARNING!!! : Hessian element (38 , 16) is not strictly symmetric !
 D/TOL       : -0.010610444 /  0.005000000
 Elem1/Elem2 : -4.328648444 / -4.318038000
 Err	    :  0.245422209




 @WARNING!!! : Hessian element (38 , 21) is not strictly symmetric !
 D/TOL       : -0.019070889 /  0.005000000
 Elem1/Elem2 : -2.838740667 / -2.819669778
 Err	    :  0.674072306




 @WARNING!!! : Hessian element (38 , 23) is not strictly symmetric !
 D/TOL       : -0.021962222 /  0.005000000
 Elem1/Elem2 : -9.165711111 / -9.143748889
 Err	    :  0.239900273




 @WARNING!!! : Hessian element (38 , 24) is not strictly symmetric !
 D/TOL       :  0.016373111 /  0.005000000
 Elem1/Elem2 : -3.998348000 / -4.014721111
 Err	    :  0.408660175




 @WARNING!!! : Hessian element (38 , 28) is not strictly symmetric !
 D/TOL       :  0.006119111 /  0.005000000
 Elem1/Elem2 :  3.907248000 /  3.901128889
 Err	    :  0.156731961




 @WARNING!!! : Hessian element (38 , 30) is not strictly symmetric !
 D/TOL       :  0.005380444 /  0.005000000
 Elem1/Elem2 :  3.089677111 /  3.084296667
 Err	    :  0.174294373




 @WARNING!!! : Hessian element (39 , 16) is not strictly symmetric !
 D/TOL       :  0.010592889 /  0.005000000
 Elem1/Elem2 :  4.554968444 /  4.544375556
 Err	    :  0.232827529




 @WARNING!!! : Hessian element (39 , 20) is not strictly symmetric !
 D/TOL       :  0.016695333 /  0.005000000
 Elem1/Elem2 : -3.186904667 / -3.203600000
 Err	    :  0.522504378




 @WARNING!!! : Hessian element (39 , 21) is not strictly symmetric !
 D/TOL       : -0.007680000 /  0.005000000
 Elem1/Elem2 : -10.215842222 / -10.208162222
 Err	    :  0.075205624




 @WARNING!!! : Hessian element (39 , 23) is not strictly symmetric !
 D/TOL       : -0.023427111 /  0.005000000
 Elem1/Elem2 : -3.560904222 / -3.537477111
 Err	    :  0.660069106




 @WARNING!!! : Hessian element (39 , 30) is not strictly symmetric !
 D/TOL       : -0.005976222 /  0.005000000
 Elem1/Elem2 : -4.550738444 / -4.544762222
 Err	    :  0.131410517




 @WARNING!!! : Hessian element (39 , 37) is not strictly symmetric !
 D/TOL       : -0.017316222 /  0.005000000
 Elem1/Elem2 :  2.257507778 /  2.274824000
 Err	    :  0.764119798




 @WARNING!!! : Hessian element (39 , 43) is not strictly symmetric !
 D/TOL       :  0.006014667 /  0.005000000
 Elem1/Elem2 : -4.007452222 / -4.013466889
 Err	    :  0.149974500




 @WARNING!!! : Hessian element (40 ,  5) is not strictly symmetric !
 D/TOL       :  0.011068444 /  0.005000000
 Elem1/Elem2 :  2.897393111 /  2.886324667
 Err	    :  0.382744970




 @WARNING!!! : Hessian element (40 ,  7) is not strictly symmetric !
 D/TOL       :  0.013275778 /  0.005000000
 Elem1/Elem2 : -3.611338667 / -3.624614444
 Err	    :  0.366939298




 @WARNING!!! : Hessian element (40 ,  8) is not strictly symmetric !
 D/TOL       : -0.014795822 /  0.005000000
 Elem1/Elem2 : -0.049118467 / -0.034322644
 Err	    : 35.464106422




 @WARNING!!! : Hessian element (40 ,  9) is not strictly symmetric !
 D/TOL       : -0.017117422 /  0.005000000
 Elem1/Elem2 :  0.510284444 /  0.527401867
 Err	    :  3.299151591




 @WARNING!!! : Hessian element (40 , 17) is not strictly symmetric !
 D/TOL       : -0.006433556 /  0.005000000
 Elem1/Elem2 : -1.746528444 / -1.740094889
 Err	    :  0.369042190




 @WARNING!!! : Hessian element (40 , 18) is not strictly symmetric !
 D/TOL       :  0.005977333 /  0.005000000
 Elem1/Elem2 :  2.021259111 /  2.015281778
 Err	    :  0.296161169




 @WARNING!!! : Hessian element (40 , 25) is not strictly symmetric !
 D/TOL       : -0.019940000 /  0.005000000
 Elem1/Elem2 : -6.633884444 / -6.613944444
 Err	    :  0.301030458




 @WARNING!!! : Hessian element (40 , 27) is not strictly symmetric !
 D/TOL       :  0.006381333 /  0.005000000
 Elem1/Elem2 : -3.682234444 / -3.688615778
 Err	    :  0.173150536




 @WARNING!!! : Hessian element (40 , 42) is not strictly symmetric !
 D/TOL       :  0.012807200 /  0.005000000
 Elem1/Elem2 :  0.348417911 /  0.335610711
 Err	    :  3.744638626




 @WARNING!!! : Hessian element (41 ,  6) is not strictly symmetric !
 D/TOL       : -0.013114000 /  0.005000000
 Elem1/Elem2 :  2.784492889 /  2.797606889
 Err	    :  0.469859032




 @WARNING!!! : Hessian element (41 ,  7) is not strictly symmetric !
 D/TOL       :  0.008115089 /  0.005000000
 Elem1/Elem2 :  0.305878333 /  0.297763244
 Err	    :  2.688711046




 @WARNING!!! : Hessian element (41 , 15) is not strictly symmetric !
 D/TOL       : -0.011018444 /  0.005000000
 Elem1/Elem2 : -3.568883556 / -3.557865111
 Err	    :  0.309213779




 @WARNING!!! : Hessian element (41 , 25) is not strictly symmetric !
 D/TOL       : -0.013947333 /  0.005000000
 Elem1/Elem2 : -2.393247111 / -2.379299778
 Err	    :  0.584481773




 @WARNING!!! : Hessian element (41 , 42) is not strictly symmetric !
 D/TOL       :  0.031191067 /  0.005000000
 Elem1/Elem2 : -0.089592156 / -0.120783222
 Err	    : 29.652773054




 @WARNING!!! : Hessian element (41 , 43) is not strictly symmetric !
 D/TOL       : -0.005484889 /  0.005000000
 Elem1/Elem2 : -1.995686000 / -1.990201111
 Err	    :  0.275215466




 @WARNING!!! : Hessian element (42 ,  5) is not strictly symmetric !
 D/TOL       :  0.009719111 /  0.005000000
 Elem1/Elem2 :  2.301438667 /  2.291719556
 Err	    :  0.423199491




 @WARNING!!! : Hessian element (42 ,  7) is not strictly symmetric !
 D/TOL       :  0.009836667 /  0.005000000
 Elem1/Elem2 :  0.589195111 /  0.579358444
 Err	    :  1.683562832




 @WARNING!!! : Hessian element (42 , 14) is not strictly symmetric !
 D/TOL       :  0.012334222 /  0.005000000
 Elem1/Elem2 : -3.575671778 / -3.588006000
 Err	    :  0.344354467




 @WARNING!!! : Hessian element (42 , 25) is not strictly symmetric !
 D/TOL       : -0.014200667 /  0.005000000
 Elem1/Elem2 : -3.144739556 / -3.130538889
 Err	    :  0.452590807




 @WARNING!!! : Hessian element (42 , 40) is not strictly symmetric !
 D/TOL       : -0.012807200 /  0.005000000
 Elem1/Elem2 :  0.335610711 /  0.348417911
 Err	    :  3.744638626




 @WARNING!!! : Hessian element (42 , 41) is not strictly symmetric !
 D/TOL       : -0.031191067 /  0.005000000
 Elem1/Elem2 : -0.120783222 / -0.089592156
 Err	    : 29.652773054




 @WARNING!!! : Hessian element (43 ,  2) is not strictly symmetric !
 D/TOL       :  0.016696889 /  0.005000000
 Elem1/Elem2 :  1.372445556 /  1.355748667
 Err	    :  1.224024943




 @WARNING!!! : Hessian element (43 , 21) is not strictly symmetric !
 D/TOL       : -0.005610222 /  0.005000000
 Elem1/Elem2 : -2.867529778 / -2.861919556
 Err	    :  0.195838095




 @WARNING!!! : Hessian element (43 , 25) is not strictly symmetric !
 D/TOL       : -0.018135556 /  0.005000000
 Elem1/Elem2 : -13.726620000 / -13.708484444
 Err	    :  0.132206936




 @WARNING!!! : Hessian element (43 , 26) is not strictly symmetric !
 D/TOL       :  0.009707111 /  0.005000000
 Elem1/Elem2 : -4.160120667 / -4.169827778
 Err	    :  0.233065335




 @WARNING!!! : Hessian element (43 , 27) is not strictly symmetric !
 D/TOL       : -0.011234667 /  0.005000000
 Elem1/Elem2 :  1.424531556 /  1.435766222
 Err	    :  0.785559235




 @WARNING!!! : Hessian element (43 , 30) is not strictly symmetric !
 D/TOL       :  0.011004889 /  0.005000000
 Elem1/Elem2 :  1.510242444 /  1.499237556
 Err	    :  0.731348199




 @WARNING!!! : Hessian element (43 , 39) is not strictly symmetric !
 D/TOL       : -0.006014667 /  0.005000000
 Elem1/Elem2 : -4.013466889 / -4.007452222
 Err	    :  0.149974500




 @WARNING!!! : Hessian element (43 , 41) is not strictly symmetric !
 D/TOL       :  0.005484889 /  0.005000000
 Elem1/Elem2 : -1.990201111 / -1.995686000
 Err	    :  0.275215466




 @WARNING!!! : Hessian element (43 , 44) is not strictly symmetric !
 D/TOL       : -0.034524667 /  0.005000000
 Elem1/Elem2 :  0.785043778 /  0.819568444
 Err	    :  4.303178823




 @WARNING!!! : Hessian element (43 , 45) is not strictly symmetric !
 D/TOL       :  0.005455333 /  0.005000000
 Elem1/Elem2 :  3.976618444 /  3.971163111
 Err	    :  0.137279398




 @WARNING!!! : Hessian element (44 ,  1) is not strictly symmetric !
 D/TOL       : -0.014175333 /  0.005000000
 Elem1/Elem2 :  1.599158667 /  1.613334000
 Err	    :  0.882513039




 @WARNING!!! : Hessian element (44 ,  2) is not strictly symmetric !
 D/TOL       : -0.018042222 /  0.005000000
 Elem1/Elem2 : -10.874688889 / -10.856646667
 Err	    :  0.166047983




 @WARNING!!! : Hessian element (44 ,  3) is not strictly symmetric !
 D/TOL       : -0.007328911 /  0.005000000
 Elem1/Elem2 :  0.413281822 /  0.420610733
 Err	    :  1.757759093




 @WARNING!!! : Hessian element (44 , 19) is not strictly symmetric !
 D/TOL       : -0.007960444 /  0.005000000
 Elem1/Elem2 :  3.138512222 /  3.146472667
 Err	    :  0.253316264




 @WARNING!!! : Hessian element (44 , 25) is not strictly symmetric !
 D/TOL       : -0.015480444 /  0.005000000
 Elem1/Elem2 : -4.135996000 / -4.120515556
 Err	    :  0.374987532




 @WARNING!!! : Hessian element (44 , 30) is not strictly symmetric !
 D/TOL       : -0.010779556 /  0.005000000
 Elem1/Elem2 : -2.507095111 / -2.496315556
 Err	    :  0.430888299




 @WARNING!!! : Hessian element (44 , 43) is not strictly symmetric !
 D/TOL       :  0.034524667 /  0.005000000
 Elem1/Elem2 :  0.819568444 /  0.785043778
 Err	    :  4.303178823




 @WARNING!!! : Hessian element (44 , 45) is not strictly symmetric !
 D/TOL       :  0.019159333 /  0.005000000
 Elem1/Elem2 : -3.298354222 / -3.317513556
 Err	    :  0.579193357




 @WARNING!!! : Hessian element (45 ,  2) is not strictly symmetric !
 D/TOL       :  0.010434533 /  0.005000000
 Elem1/Elem2 :  0.005056267 / -0.005378267
 Err	    : 6481.076604555




 @WARNING!!! : Hessian element (45 , 21) is not strictly symmetric !
 D/TOL       : -0.005493333 /  0.005000000
 Elem1/Elem2 : -4.770495556 / -4.765002222
 Err	    :  0.115218596




 @WARNING!!! : Hessian element (45 , 25) is not strictly symmetric !
 D/TOL       :  0.012570000 /  0.005000000
 Elem1/Elem2 :  1.673231778 /  1.660661778
 Err	    :  0.754073265




 @WARNING!!! : Hessian element (45 , 28) is not strictly symmetric !
 D/TOL       : -0.010323556 /  0.005000000
 Elem1/Elem2 :  1.124282222 /  1.134605778
 Err	    :  0.914038727




 @WARNING!!! : Hessian element (45 , 29) is not strictly symmetric !
 D/TOL       :  0.009332444 /  0.005000000
 Elem1/Elem2 : -2.505969333 / -2.515301778
 Err	    :  0.371716414




 @WARNING!!! : Hessian element (45 , 30) is not strictly symmetric !
 D/TOL       : -0.010168889 /  0.005000000
 Elem1/Elem2 : -12.212691111 / -12.202522222
 Err	    :  0.083299611




 @WARNING!!! : Hessian element (45 , 43) is not strictly symmetric !
 D/TOL       : -0.005455333 /  0.005000000
 Elem1/Elem2 :  3.971163111 /  3.976618444
 Err	    :  0.137279398




 @WARNING!!! : Hessian element (45 , 44) is not strictly symmetric !
 D/TOL       : -0.019159333 /  0.005000000
 Elem1/Elem2 : -3.317513556 / -3.298354222
 Err	    :  0.579193357


 Normal Mode Frequencies ( Translational / Rotational Motions are projected out )
 Mode     Freq ( cm**-1 ) ... results computed by interal hessian matrix
--------------------------------------------------------------------------------------
 01       207.290208
 02       201.439101
 03       191.970971
 04       190.371791
 05       189.294053
 06       186.635149
 07       183.361905
 08       181.680489
 09       180.710502
 10       173.683846
 11       171.979611
 12       168.783200
 13       167.696927
 14       159.677554
 15       156.925048
 16       118.013571
 17       111.356566
 18       110.292833
 19       108.008296
 20       104.908709
 21        96.050092
 22        89.898626
 23        89.065181
 24        79.863892
 25        75.795461
 26        72.353433
 27        71.652358
 28        69.234262
 29        59.005053
 30        57.911081
 31        51.782979
 32        49.371085
 33        48.204684
 34        44.252862
 35        41.788277
 36        34.911280
 37        32.348450
 38        25.065207
 39        20.624061
 40        -1.360961
 41        -0.766754
 42         1.190054
 43         0.973289
 44         0.225071
 45         0.653600
--------------------------------------------------------------------------------------

 Moment of inertia tensor ( u.Angs^2 )

--------------------------------------------------------------------------------------
	     x       y      z
--------------------------------------------------------------------------------------
   x  7226.241     0.000     0.000
   y     0.000  5615.148     0.000
   z     0.000     0.000  4794.370
--------------------------------------------------------------------------------------
 Centre of mass (Ang) =     2.4743    2.8774    2.1763
--------------------------------------------------------------------------------------
 Calculation is finished : 
 2021-01-10 11:47:41
 Terminating Normal Mode Calculator
--------------------------------------------------------------------------------------
######################################################################################
