######################################################################################
--------------------------------------------------------------------------------------
 *supportive script for calculating slam normal modes
 compatibilty : above SLAM V 2.2.1
 last edited  : 31 - 08 -2020
--------------------------------------------------------------------------------------

 Requested 'dx' value is used :     0.015000

 READ CHECK DONE ...

 INPUT CONFIGURATION FROM 'geo.txt' 

--------------------------------------------------------------------------------------

 F c    4.477729    2.318325    4.042762
 F s    4.388011    2.331253    3.998858
 F c    1.160498    1.005687    4.031339
 F s    1.248343    1.061958    3.950522
 F c    2.465777    2.238156    2.050393
 F s    2.403518    2.148285    2.056148
 F c    3.091175   -0.176238    1.318728
 F s    3.043706   -0.066383    1.359446
 F c    0.039488    1.594835    1.130981
 F s    0.165181    1.631175    1.148093
 F c    0.926791    4.386674    1.417706
 F s    1.017637    4.357834    1.441595
 F c    2.983830    6.104615    2.634264
 F s    3.028940    5.985544    2.592558
 F c    2.685447    3.258841   -0.584143
 F s    2.648780    3.244048   -0.491575
 F c    2.008883    3.818070    4.211809
 F s    2.057479    3.811456    4.126639
 F c    4.411226    4.065061    1.666552
 F s    4.308713    4.152746    1.724099
Pb      1.933262    1.265236    0.016202
Pb      3.259474    0.568458    3.447394
Pb      2.788294    5.174316    0.569224
Pb      0.378348    2.885881    2.988971
Pb      4.057249    4.507963    3.845342

--------------------------------------------------------------------------------------

 WORKING ON ATOM 1 ...

 WORKING ON ATOM 2 ...

 WORKING ON ATOM 3 ...

 WORKING ON ATOM 4 ...

 WORKING ON ATOM 5 ...

 WORKING ON ATOM 6 ...

 WORKING ON ATOM 7 ...

 WORKING ON ATOM 8 ...

 WORKING ON ATOM 9 ...

 WORKING ON ATOM 10 ...

 WORKING ON ATOM 11 ...

 WORKING ON ATOM 12 ...

 WORKING ON ATOM 13 ...

 WORKING ON ATOM 14 ...

 WORKING ON ATOM 15 ...

 EXECUTING NORMAL MODE ANALYSIS ...



 @WARNING!!! : Hessian element ( 7 , 36) is not strictly symmetric !
 D/TOL       : -0.006216933 /  0.005000000
 Elem1/Elem2 : -0.413492067 / -0.407275133
 Err	    :  1.514907841




 @WARNING!!! : Hessian element ( 7 , 40) is not strictly symmetric !
 D/TOL       : -0.006628667 /  0.005000000
 Elem1/Elem2 : -3.609907333 / -3.603278667
 Err	    :  0.183793033




 @WARNING!!! : Hessian element ( 9 , 24) is not strictly symmetric !
 D/TOL       :  0.007278533 /  0.005000000
 Elem1/Elem2 : -0.953776533 / -0.961055067
 Err	    :  0.760226992




 @WARNING!!! : Hessian element ( 9 , 26) is not strictly symmetric !
 D/TOL       :  0.005800533 /  0.005000000
 Elem1/Elem2 : -0.974457000 / -0.980257533
 Err	    :  0.593491605




 @WARNING!!! : Hessian element ( 9 , 40) is not strictly symmetric !
 D/TOL       :  0.005637333 /  0.005000000
 Elem1/Elem2 :  0.516270467 /  0.510633133
 Err	    :  1.097928439




 @WARNING!!! : Hessian element (11 , 40) is not strictly symmetric !
 D/TOL       :  0.006461400 /  0.005000000
 Elem1/Elem2 : -0.947532333 / -0.953993733
 Err	    :  0.679601517




 @WARNING!!! : Hessian element (12 , 24) is not strictly symmetric !
 D/TOL       : -0.005349533 /  0.005000000
 Elem1/Elem2 :  0.310013200 /  0.315362733
 Err	    :  1.710821619




 @WARNING!!! : Hessian element (17 , 41) is not strictly symmetric !
 D/TOL       :  0.005173333 /  0.005000000
 Elem1/Elem2 : -4.976732667 / -4.981906000
 Err	    :  0.103896396




 @WARNING!!! : Hessian element (20 , 21) is not strictly symmetric !
 D/TOL       :  0.005542933 /  0.005000000
 Elem1/Elem2 :  0.721395267 /  0.715852333
 Err	    :  0.771326156




 @WARNING!!! : Hessian element (21 , 20) is not strictly symmetric !
 D/TOL       : -0.005542933 /  0.005000000
 Elem1/Elem2 :  0.715852333 /  0.721395267
 Err	    :  0.771326156




 @WARNING!!! : Hessian element (23 , 39) is not strictly symmetric !
 D/TOL       :  0.005988000 /  0.005000000
 Elem1/Elem2 : -3.535795333 / -3.541783333
 Err	    :  0.169210412




 @WARNING!!! : Hessian element (24 ,  9) is not strictly symmetric !
 D/TOL       : -0.007278533 /  0.005000000
 Elem1/Elem2 : -0.961055067 / -0.953776533
 Err	    :  0.760226992




 @WARNING!!! : Hessian element (24 , 12) is not strictly symmetric !
 D/TOL       :  0.005349533 /  0.005000000
 Elem1/Elem2 :  0.315362733 /  0.310013200
 Err	    :  1.710821619




 @WARNING!!! : Hessian element (26 ,  9) is not strictly symmetric !
 D/TOL       : -0.005800533 /  0.005000000
 Elem1/Elem2 : -0.980257533 / -0.974457000
 Err	    :  0.593491605




 @WARNING!!! : Hessian element (30 , 45) is not strictly symmetric !
 D/TOL       :  0.005061333 /  0.005000000
 Elem1/Elem2 : -12.196247333 / -12.201308667
 Err	    :  0.041490495




 @WARNING!!! : Hessian element (36 ,  7) is not strictly symmetric !
 D/TOL       :  0.006216933 /  0.005000000
 Elem1/Elem2 : -0.407275133 / -0.413492067
 Err	    :  1.514907841




 @WARNING!!! : Hessian element (39 , 23) is not strictly symmetric !
 D/TOL       : -0.005988000 /  0.005000000
 Elem1/Elem2 : -3.541783333 / -3.535795333
 Err	    :  0.169210412




 @WARNING!!! : Hessian element (40 ,  7) is not strictly symmetric !
 D/TOL       :  0.006628667 /  0.005000000
 Elem1/Elem2 : -3.603278667 / -3.609907333
 Err	    :  0.183793033




 @WARNING!!! : Hessian element (40 ,  9) is not strictly symmetric !
 D/TOL       : -0.005637333 /  0.005000000
 Elem1/Elem2 :  0.510633133 /  0.516270467
 Err	    :  1.097928439




 @WARNING!!! : Hessian element (40 , 11) is not strictly symmetric !
 D/TOL       : -0.006461400 /  0.005000000
 Elem1/Elem2 : -0.953993733 / -0.947532333
 Err	    :  0.679601517




 @WARNING!!! : Hessian element (41 , 17) is not strictly symmetric !
 D/TOL       : -0.005173333 /  0.005000000
 Elem1/Elem2 : -4.981906000 / -4.976732667
 Err	    :  0.103896396




 @WARNING!!! : Hessian element (45 , 30) is not strictly symmetric !
 D/TOL       : -0.005061333 /  0.005000000
 Elem1/Elem2 : -12.201308667 / -12.196247333
 Err	    :  0.041490495


 Normal Mode Frequencies ( Translational / Rotational Motions are projected out )
 Mode     Freq ( cm**-1 ) ... results computed by interal hessian matrix
--------------------------------------------------------------------------------------
 01       207.303735
 02       201.419446
 03       191.990666
 04       190.394105
 05       189.316007
 06       186.655161
 07       183.366428
 08       181.681239
 09       180.689123
 10       173.695020
 11       171.968324
 12       168.820888
 13       167.705510
 14       159.661504
 15       156.896295
 16       117.973919
 17       111.351557
 18       110.281441
 19       108.054381
 20       104.944288
 21        96.062222
 22        89.928115
 23        89.088584
 24        79.903741
 25        75.825380
 26        72.405044
 27        71.696803
 28        69.286199
 29        59.033209
 30        57.955115
 31        51.818749
 32        49.413995
 33        48.251405
 34        44.318844
 35        41.892915
 36        35.025006
 37        32.483997
 38        25.263458
 39        20.795009
 40         3.751013
 41         2.860315
 42         2.640256
 43         1.035168
 44         1.393354
 45         1.721153
--------------------------------------------------------------------------------------

 Moment of inertia tensor ( u.Angs^2 )

--------------------------------------------------------------------------------------
	     x       y      z
--------------------------------------------------------------------------------------
   x  7226.241     0.000     0.000
   y     0.000  5615.148     0.000
   z     0.000     0.000  4794.370
--------------------------------------------------------------------------------------
 Centre of mass (Ang) =     2.4743    2.8774    2.1763
--------------------------------------------------------------------------------------
 Calculation is finished : 
 2021-01-10 11:54:27
 Terminating Normal Mode Calculator
--------------------------------------------------------------------------------------
######################################################################################
