	15
normal_mode_# 1 - Freq(cm^-1): 207.3054
  F -0.094852  0.077931 -0.083775
  F -0.255607  0.070725  0.024309
  F  0.030674  0.212403  0.031359
  F  0.003650 -0.037600 -0.009162
  F -0.197824  0.040404  0.173697
  F -0.115443 -0.123739  0.139247
  F -0.173645  0.279554  0.124093
  F -0.006193  0.031556  0.145071
  F -0.193182 -0.082896 -0.061748
  F  0.168058 -0.252778 -0.116480
 Pb  0.050157 -0.039387 -0.249666
 Pb  0.194588 -0.115074  0.123591
 Pb -0.039825  0.087436 -0.356166
 Pb -0.165464  0.047111  0.073610
 Pb  0.213215 -0.045340  0.297615

#--

	15
normal_mode_# 2 - Freq(cm^-1): 201.4324
  F  0.106986  0.447155  0.042718
  F  0.220878  0.007850 -0.050061
  F  0.016934 -0.055052 -0.017820
  F -0.005504  0.111152  0.024709
  F  0.198956  0.019334 -0.106896
  F  0.173712  0.165903 -0.103674
  F -0.086043  0.265655  0.087142
  F  0.111223  0.444651  0.053811
  F  0.219257  0.142045  0.013954
  F  0.145556 -0.061587 -0.069013
 Pb -0.072376 -0.058419  0.177401
 Pb -0.177165 -0.003468 -0.093350
 Pb -0.121458 -0.107944 -0.166126
 Pb  0.034515 -0.107263 -0.035085
 Pb  0.002834 -0.173240  0.155049

#--

	15
normal_mode_# 3 - Freq(cm^-1): 191.9768
  F -0.128775 -0.142669 -0.081344
  F -0.040520 -0.056973 -0.000645
  F  0.034952 -0.054686 -0.024534
  F  0.068563 -0.228621 -0.073083
  F -0.037639 -0.058501  0.007460
  F  0.418614  0.277776 -0.279341
  F  0.031349  0.057281 -0.000559
  F -0.062282 -0.177693  0.090277
  F  0.532004  0.218753  0.012348
  F  0.091368 -0.009028 -0.037229
 Pb -0.000386  0.159886 -0.112369
 Pb  0.093762  0.110497  0.131106
 Pb -0.162335 -0.113398  0.040211
 Pb -0.043202  0.009175  0.018544
 Pb -0.162696 -0.113363  0.039602

#--

	15
normal_mode_# 4 - Freq(cm^-1): 190.3998
  F -0.096243 -0.191643 -0.062761
  F -0.154437  0.112539 -0.046871
  F -0.032613  0.017055 -0.084277
  F -0.099181  0.051981 -0.256308
  F  0.070242 -0.068330 -0.170437
  F  0.308722  0.246658 -0.289595
  F -0.112694  0.059067 -0.291183
  F  0.056443  0.212340 -0.039879
  F -0.451534 -0.171449 -0.080019
  F -0.094031  0.049328 -0.243027
 Pb -0.015317 -0.077575  0.078083
 Pb  0.072515  0.047616  0.069558
 Pb -0.045238 -0.053789  0.122693
 Pb  0.050692 -0.026674  0.131072
 Pb  0.120621  0.014243  0.072271

#--

	15
normal_mode_# 5 - Freq(cm^-1): 189.2462
  F -0.133736 -0.362295 -0.071885
  F  0.238155 -0.096604 -0.056836
  F -0.026969 -0.160249 -0.022352
  F  0.073672 -0.189542 -0.067362
  F  0.203546 -0.078071 -0.149633
  F -0.254793 -0.171792  0.242936
  F -0.058922  0.121208  0.047493
  F -0.100885 -0.378995  0.012147
  F -0.370700 -0.110432 -0.057875
  F  0.070661 -0.053663 -0.038366
 Pb -0.065706  0.201277  0.067865
 Pb -0.066146  0.201772  0.065295
 Pb  0.019355  0.031868 -0.101057
 Pb  0.137216  0.015674 -0.050064
 Pb  0.084242 -0.002307  0.066968

#--

	15
normal_mode_# 6 - Freq(cm^-1): 186.6921
  F  0.147499  0.206871  0.064356
  F  0.367350 -0.041993 -0.124763
  F  0.044044 -0.023123  0.113811
  F  0.097412 -0.051317  0.251097
  F -0.349783  0.032923  0.167731
  F  0.270379  0.211666 -0.219995
  F  0.000547 -0.000222  0.001622
  F -0.095933 -0.234652  0.069164
  F -0.373989 -0.157860 -0.045944
  F  0.030280 -0.015957  0.078109
 Pb  0.121527  0.082446 -0.157194
 Pb -0.204236 -0.038795 -0.055534
 Pb -0.087949 -0.046859  0.022963
 Pb  0.041786 -0.021875  0.107665
 Pb  0.087125  0.047417 -0.025467

#--

	15
normal_mode_# 7 - Freq(cm^-1): 183.3748
  F -0.018939  0.196382 -0.046027
  F  0.279163 -0.025756 -0.167690
  F -0.022872  0.012018 -0.058467
  F -0.129155  0.067662 -0.333964
  F -0.314864  0.044469  0.076560
  F -0.297940 -0.130491  0.069231
  F -0.107928  0.056649 -0.278665
  F -0.041689 -0.164367 -0.110367
  F  0.284257  0.136893 -0.102330
  F -0.099414  0.052229 -0.256110
 Pb  0.141017 -0.105947 -0.032947
 Pb -0.112910  0.091313  0.105393
 Pb  0.160138  0.130324  0.067158
 Pb  0.047132 -0.024617  0.121144
 Pb -0.093223 -0.165454  0.105054

#--

	15
normal_mode_# 8 - Freq(cm^-1): 181.6869
  F  0.082532 -0.175000 -0.014281
  F  0.457780 -0.177081 -0.066571
  F  0.175071  0.036145 -0.060534
  F  0.064486 -0.010807 -0.027844
  F  0.362178 -0.127018 -0.312531
  F  0.151214  0.082596 -0.150433
  F  0.064684 -0.197254 -0.064890
  F  0.047951 -0.156461 -0.103596
  F  0.222510  0.045844  0.031911
  F  0.151138 -0.225970 -0.104479
 Pb -0.151699 -0.036673  0.012328
 Pb -0.126499 -0.049730  0.078027
 Pb -0.050705  0.178955  0.025944
 Pb -0.178455  0.012867  0.071740
 Pb -0.031462  0.168658  0.076380

#--

	15
normal_mode_# 9 - Freq(cm^-1): 180.6588
  F -0.098662 -0.509987 -0.059286
  F  0.216871 -0.058657 -0.084068
  F  0.042436 -0.022340  0.110121
  F -0.064878  0.034022 -0.167578
  F -0.209525  0.054879  0.104209
  F -0.021278 -0.002673 -0.017103
  F  0.138697 -0.072660  0.358384
  F  0.102442  0.507813  0.069492
  F  0.005016  0.011156 -0.024527
  F  0.066883 -0.035061  0.172681
 Pb  0.052340 -0.146038 -0.030822
 Pb -0.039888  0.139651  0.062724
 Pb -0.019028 -0.066683 -0.137544
 Pb  0.019042 -0.010001  0.048719
 Pb -0.066357  0.111337 -0.083010

#--

	15
normal_mode_# 10 - Freq(cm^-1): 173.7215
  F  0.032711  0.269240  0.019965
  F -0.217632  0.178047 -0.066841
  F -0.066446  0.034902 -0.171682
  F -0.080675  0.042236 -0.208659
  F  0.095942 -0.113824 -0.247085
  F  0.013488  0.072963 -0.103088
  F  0.081986 -0.043043  0.211909
  F -0.047065 -0.261779 -0.056919
  F -0.086524 -0.034309 -0.085885
  F  0.228664 -0.119898  0.591073
 Pb  0.001261  0.006044  0.063318
 Pb  0.039438 -0.027367  0.041878
 Pb -0.065975  0.126088 -0.088535
 Pb  0.063761 -0.033750  0.164880
 Pb -0.024726 -0.078450 -0.146086

#--

	15
normal_mode_# 11 - Freq(cm^-1): 171.9905
  F -0.043261 -0.391780 -0.018389
  F -0.300029  0.207420  0.013565
  F -0.043384 -0.086917 -0.000806
  F -0.123737  0.209397  0.091349
  F -0.206023  0.157840  0.256078
  F  0.097448  0.100711 -0.098539
  F  0.014350 -0.080092 -0.021768
  F -0.072197 -0.376859 -0.092796
  F  0.150573  0.073021  0.037482
  F  0.261904 -0.227823 -0.148240
 Pb  0.140575 -0.008866  0.091684
 Pb  0.044340  0.041441 -0.157056
 Pb -0.099028  0.132318 -0.009394
 Pb  0.045077 -0.146062 -0.046789
 Pb -0.050802  0.106830  0.116104

#--

	15
normal_mode_# 12 - Freq(cm^-1): 168.8015
  F  0.070705  0.012859  0.006147
  F  0.036689 -0.386800  0.197235
  F  0.009311 -0.128663 -0.030105
  F -0.104370  0.192148  0.077985
  F -0.152536 -0.287289 -0.288515
  F  0.031784 -0.229594  0.153977
  F  0.071622  0.037970 -0.020346
  F  0.050686  0.022526 -0.046567
  F -0.107743 -0.157224 -0.202899
  F  0.248355 -0.184073 -0.131502
 Pb  0.086199 -0.058971  0.052862
 Pb  0.022318 -0.025234 -0.111384
 Pb -0.146978  0.005433  0.016345
 Pb  0.110762  0.423770  0.042722
 Pb -0.119160 -0.009359  0.085622

#--

	15
normal_mode_# 13 - Freq(cm^-1): 167.7637
  F -0.075119  0.116990 -0.030153
  F  0.277278 -0.243712  0.088988
  F -0.010252  0.005475 -0.026414
  F -0.168267  0.088118 -0.434973
  F -0.117450  0.161406  0.325462
  F  0.200052 -0.042911  0.044434
  F -0.066009  0.034466 -0.170262
  F  0.020819 -0.089592 -0.109196
  F -0.114531 -0.000900  0.175639
  F  0.148334 -0.077816  0.383629
 Pb  0.075794 -0.068573  0.052319
 Pb -0.013684  0.036199  0.108181
 Pb -0.137948  0.068388  0.064759
 Pb -0.089475  0.045949 -0.231007
 Pb  0.136645 -0.067262 -0.069024

#--

	15
normal_mode_# 14 - Freq(cm^-1): 159.6780
  F  0.215976  0.137734  0.084560
  F  0.004606 -0.008038  0.006557
  F -0.150338  0.078855 -0.388117
  F -0.215835  0.113151 -0.557902
  F  0.001394  0.004936  0.010821
  F -0.015848 -0.014574  0.023674
  F  0.106955 -0.056136  0.276124
  F -0.124551 -0.185288  0.150705
  F  0.029009  0.007411  0.010542
  F -0.108144  0.056646 -0.280087
 Pb  0.123736  0.098192  0.114797
 Pb -0.030911 -0.146980  0.124962
 Pb  0.030383 -0.131015 -0.050978
 Pb -0.006687  0.003620 -0.017906
 Pb -0.038765  0.135358  0.029889

#--

	15
normal_mode_# 15 - Freq(cm^-1): 156.9017
  F -0.165577 -0.183524 -0.025477
  F  0.126913 -0.244719  0.138162
  F  0.208266 -0.333261 -0.148919
  F -0.156319  0.284723  0.117811
  F -0.027466 -0.163877 -0.259511
  F -0.003614  0.167700 -0.153973
  F -0.094294  0.136019  0.064403
  F -0.131711 -0.201581  0.062555
  F  0.119512  0.103149  0.164060
  F -0.214138  0.187605  0.120717
 Pb  0.120713  0.046993  0.103953
 Pb  0.028851  0.094937 -0.132808
 Pb  0.099716 -0.053257 -0.051170
 Pb -0.247467  0.040032  0.103952
 Pb  0.100776 -0.053696 -0.048181

#--

	15
normal_mode_# 16 - Freq(cm^-1): 117.9814
  F  0.047459 -0.254914  0.024024
  F  0.045024 -0.150133  0.078427
  F -0.260356  0.136646 -0.672661
  F  0.108264 -0.056903  0.279428
  F  0.036923  0.107111  0.133723
  F -0.023968 -0.074878  0.006528
  F -0.118229  0.062024 -0.305582
  F  0.013776  0.222907  0.133954
  F  0.032045  0.070644  0.014463
  F  0.074726 -0.039197  0.193005
 Pb  0.020128  0.021202  0.004698
 Pb -0.014820 -0.023995  0.009104
 Pb  0.001115  0.010726 -0.002549
 Pb  0.010862 -0.005701  0.028045
 Pb -0.003902 -0.009262 -0.004642

#--

	15
normal_mode_# 17 - Freq(cm^-1): 111.3279
  F -0.088261 -0.213229  0.003599
  F  0.185869 -0.027237 -0.038540
  F -0.456539  0.588811  0.296903
  F -0.011870 -0.135066 -0.023322
  F  0.160153 -0.014629 -0.104990
  F  0.184129 -0.028993 -0.030892
  F -0.072115  0.102994  0.047608
  F -0.096623 -0.208364 -0.017280
  F  0.155173 -0.012908 -0.108298
  F -0.174737  0.147405  0.098372
 Pb  0.029699 -0.033752  0.019895
 Pb  0.004752 -0.020973 -0.044288
 Pb  0.006343 -0.009030 -0.018379
 Pb  0.008515  0.017268  0.000240
 Pb  0.015647 -0.013619  0.005305

#--

	15
normal_mode_# 18 - Freq(cm^-1): 110.3277
  F  0.072115 -0.168299  0.001638
  F -0.043119  0.265625 -0.175848
  F  0.116271 -0.061287  0.296211
  F -0.063952  0.033929 -0.165514
  F -0.118330 -0.181712 -0.237776
  F -0.167041 -0.102494  0.189907
  F -0.193746  0.101111 -0.501508
  F -0.030241  0.147526  0.105828
  F  0.261377  0.052866  0.055620
  F  0.126996 -0.066781  0.327596
 Pb  0.028095  0.050007  0.004518
 Pb -0.024762 -0.051625  0.004408
 Pb -0.021214 -0.047322  0.006069
 Pb  0.003885 -0.002079  0.010023
 Pb  0.026060  0.044854  0.006544

#--

	15
normal_mode_# 19 - Freq(cm^-1): 108.0599
  F -0.085789  0.078477 -0.060368
  F  0.032017  0.042124 -0.079210
  F -0.017547 -0.097042 -0.013102
  F -0.066073  0.151186  0.056326
  F  0.081129  0.016708  0.047642
  F  0.116410 -0.052603  0.090760
  F  0.287794 -0.658827 -0.244891
  F -0.014524  0.041007  0.123447
  F  0.020883 -0.002774 -0.155281
  F -0.346189  0.334589  0.201791
 Pb  0.005774  0.015025 -0.000010
 Pb  0.006335  0.014775  0.001372
 Pb -0.035158  0.015307 -0.050308
 Pb  0.012198  0.007051 -0.003288
 Pb  0.008364 -0.007579  0.062234

#--

	15
normal_mode_# 20 - Freq(cm^-1): 104.9458
  F  0.057793  0.067571  0.027658
  F -0.200855 -0.213538  0.354653
  F  0.286120  0.378898 -0.034046
  F  0.202772 -0.429119 -0.165244
  F -0.409281 -0.104240 -0.183323
  F -0.024018  0.091579 -0.017028
  F  0.070465 -0.200372 -0.067406
  F  0.034359  0.079639 -0.033848
  F  0.004966  0.076139  0.058709
  F -0.048304  0.047391  0.027915
 Pb  0.003996  0.015474  0.042699
 Pb -0.022633  0.029566 -0.026291
 Pb  0.004364  0.021548 -0.019732
 Pb  0.002990 -0.018213 -0.004887
 Pb  0.018953  0.013881  0.017887

#--

	15
normal_mode_# 21 - Freq(cm^-1):  96.0769
  F  0.010275  0.261897  0.064428
  F  0.057242 -0.003056 -0.097893
  F -0.556421 -0.185944  0.177840
  F  0.037946 -0.390218 -0.094084
  F  0.106218 -0.028706  0.028404
  F -0.154605  0.040767 -0.092921
  F  0.115291 -0.248721 -0.095387
  F  0.000274  0.266996  0.039151
  F -0.049881 -0.014133  0.177324
  F  0.286399 -0.144311 -0.140025
 Pb  0.053703  0.038638  0.020962
 Pb  0.031662  0.050194 -0.035997
 Pb  0.012194  0.015691  0.003567
 Pb -0.061835  0.012847  0.026550
 Pb  0.008840  0.017469 -0.005000

#--

	15
normal_mode_# 22 - Freq(cm^-1):  89.9564
  F -0.145163  0.035725  0.027324
  F  0.050926  0.350510 -0.273727
  F -0.107136  0.056917 -0.277411
  F  0.071853 -0.037214  0.185713
  F -0.261357 -0.238580 -0.272375
  F  0.114596 -0.280319  0.232531
  F  0.099110 -0.052165  0.255205
  F  0.120997 -0.023093 -0.085790
  F  0.102197  0.165072  0.327516
  F -0.073163  0.037464 -0.190438
 Pb  0.009509 -0.023351 -0.002724
 Pb -0.005755  0.021560  0.012230
 Pb -0.057533  0.001525  0.034850
 Pb -0.003531  0.001751 -0.008814
 Pb  0.065397 -0.005793 -0.014425

#--

	15
normal_mode_# 23 - Freq(cm^-1):  89.1209
  F  0.382620 -0.180274  0.208048
  F -0.113826 -0.080348 -0.031470
  F -0.229769 -0.371079  0.012943
  F  0.042442 -0.147109 -0.045766
  F -0.076810 -0.102082  0.066623
  F  0.001028  0.219589 -0.032602
  F -0.050807  0.118307  0.044344
  F  0.127695 -0.046332 -0.451834
  F  0.051542  0.194222  0.097869
  F -0.178720  0.349443  0.139598
 Pb -0.019831 -0.020315 -0.014922
 Pb -0.007860 -0.026534  0.016155
 Pb -0.005219  0.023303 -0.030184
 Pb  0.027532  0.026841 -0.005247
 Pb  0.019128  0.010663  0.031750

#--

	15
normal_mode_# 24 - Freq(cm^-1):  79.9107
  F  0.351713  0.006276  0.133757
  F -0.378072 -0.095201  0.141320
  F -0.006157  0.003242 -0.015187
  F -0.087937  0.046632 -0.225872
  F  0.386777  0.088785 -0.118115
  F  0.145762 -0.341731  0.033810
  F -0.009091  0.004362 -0.022885
  F -0.176905 -0.097732  0.317890
  F -0.041822  0.288548  0.235026
  F -0.025041  0.012937 -0.064806
 Pb  0.007554 -0.054611 -0.097267
 Pb -0.061579  0.082961 -0.042409
 Pb -0.025737 -0.005475  0.007874
 Pb  0.006664 -0.003462  0.016598
 Pb  0.025246  0.005899 -0.009541

#--

	15
normal_mode_# 25 - Freq(cm^-1):  75.8523
  F -0.002638  0.133115 -0.036778
  F -0.073500 -0.226482 -0.007723
  F -0.147689 -0.084126  0.040070
  F -0.099410  0.114192  0.062162
  F -0.080954 -0.223079 -0.024024
  F  0.325271  0.177224  0.216951
  F -0.462622 -0.215850  0.135322
  F  0.039898  0.111074  0.071727
  F  0.125715  0.281511 -0.298593
  F -0.092926 -0.351013 -0.035364
 Pb -0.003205  0.022090 -0.008977
 Pb  0.006574  0.016922  0.015864
 Pb  0.053963  0.026020 -0.000151
 Pb  0.040551 -0.010586 -0.017865
 Pb  0.043867  0.031261 -0.026131

#--

	15
normal_mode_# 26 - Freq(cm^-1):  72.3510
  F -0.104164  0.019659  0.004445
  F  0.088486 -0.315899  0.179834
  F -0.175478  0.079007  0.083942
  F -0.218429  0.397358  0.165627
  F -0.093035 -0.220896 -0.286876
  F -0.225695  0.187020 -0.286564
  F  0.167088 -0.052631 -0.074817
  F -0.077321  0.006478  0.069314
  F  0.042895  0.046970  0.403716
  F  0.152887  0.068267 -0.045024
 Pb -0.015742 -0.003665 -0.055304
 Pb  0.023800 -0.024673  0.046696
 Pb  0.014228  0.006017 -0.014034
 Pb  0.090134 -0.045333 -0.044021
 Pb  0.020841  0.002762  0.002453

#--

	15
normal_mode_# 27 - Freq(cm^-1):  71.7235
  F -0.414754  0.182738 -0.274289
  F -0.226010 -0.167529  0.193002
  F -0.022139  0.011700 -0.057817
  F -0.001638  0.000632 -0.004946
  F  0.317071  0.120167  0.042372
  F -0.217719 -0.047670  0.151017
  F  0.026168 -0.014080  0.068567
  F  0.108171 -0.021745 -0.518923
  F  0.267191  0.021850 -0.023852
  F  0.054041 -0.028631  0.139760
 Pb  0.041706 -0.001521 -0.038157
 Pb -0.055862  0.009038  0.001603
 Pb -0.035251 -0.075506  0.037237
 Pb  0.022040 -0.011557  0.057327
 Pb  0.060538  0.062186  0.028084

#--

	15
normal_mode_# 28 - Freq(cm^-1):  69.3120
  F -0.320822  0.126174 -0.072789
  F -0.059521  0.040965 -0.009137
  F  0.011943 -0.297863 -0.065041
  F  0.149154 -0.221197 -0.102626
  F -0.032740  0.027436  0.059006
  F  0.115877 -0.089104 -0.408887
  F -0.072084  0.196614  0.067748
  F -0.176021  0.050226  0.300668
  F  0.340933 -0.207410  0.172296
  F -0.323367 -0.050878  0.114815
 Pb -0.010171 -0.023870  0.009270
 Pb -0.016838 -0.020393 -0.007826
 Pb  0.024957  0.063018 -0.012520
 Pb  0.078231  0.052236 -0.019615
 Pb  0.035120  0.057722  0.013751

#--

	15
normal_mode_# 29 - Freq(cm^-1):  59.0732
  F -0.187579 -0.001570  0.344199
  F -0.006509  0.123391  0.219292
  F -0.042160  0.022334 -0.109257
  F -0.069387  0.036107 -0.177730
  F  0.131266 -0.189433  0.102354
  F  0.050711  0.320182  0.320098
  F -0.071293  0.037299 -0.184017
  F  0.364333 -0.091167  0.112552
  F  0.127684 -0.413324  0.141589
  F -0.077446  0.041046 -0.200908
 Pb -0.001569 -0.005726 -0.047569
 Pb -0.028917  0.021664 -0.031358
 Pb -0.018500  0.021104 -0.047085
 Pb  0.002228 -0.001173  0.005517
 Pb -0.019538 -0.001143 -0.051198

#--

	15
normal_mode_# 30 - Freq(cm^-1):  57.9384
  F  0.030038 -0.049800 -0.288512
  F -0.007415 -0.007613 -0.336838
  F  0.173916  0.172189 -0.032224
  F -0.009783 -0.121935 -0.020779
  F  0.211842 -0.122617  0.231097
  F -0.274374  0.359234 -0.025909
  F -0.044547 -0.091388 -0.001129
  F  0.203994 -0.140645  0.159496
  F -0.141049  0.289806  0.317986
  F -0.221859 -0.213742  0.042384
 Pb  0.017658 -0.025584  0.009453
 Pb  0.003803 -0.018399 -0.026555
 Pb -0.013157 -0.014287 -0.002145
 Pb  0.025872  0.052319  0.000645
 Pb -0.010266 -0.015816  0.005120

#--

	15
normal_mode_# 31 - Freq(cm^-1):  51.8303
  F  0.154771  0.116288 -0.023317
  F -0.233854 -0.281717 -0.291059
  F  0.004023  0.169493  0.033020
  F -0.253463  0.035055  0.105258
  F -0.023254 -0.392006  0.253875
  F  0.078944 -0.208544 -0.054877
  F  0.354532  0.317725 -0.072560
  F  0.147175  0.120650 -0.044477
  F  0.067643 -0.201753 -0.085946
  F -0.159660 -0.079952  0.045253
 Pb -0.004400  0.047944  0.019369
 Pb -0.009480  0.050575  0.006085
 Pb  0.001571  0.026785  0.007296
 Pb -0.029212 -0.030468  0.005187
 Pb  0.000172  0.027573  0.003044

#--

	15
normal_mode_# 32 - Freq(cm^-1):  49.5007
  F  0.065219  0.058617 -0.414815
  F  0.014060  0.226822  0.174740
  F -0.023886  0.013733 -0.063407
  F  0.000385 -0.000817  0.004858
  F  0.074189 -0.273676  0.050980
  F  0.415989  0.064968  0.160964
  F -0.027680  0.014100 -0.071355
  F -0.326637  0.079150 -0.261097
  F -0.214710 -0.171129  0.358901
  F  0.067014 -0.036490  0.174870
 Pb  0.013269 -0.008271 -0.018797
 Pb -0.020822  0.012579 -0.001294
 Pb  0.087907 -0.007963 -0.029268
 Pb -0.010015  0.005315 -0.026239
 Pb -0.083689  0.005740  0.040014

#--

	15
normal_mode_# 33 - Freq(cm^-1):  48.2684
  F  0.311026  0.027859  0.018972
  F  0.178166  0.170477  0.235241
  F -0.036228  0.038632  0.021967
  F -0.174219  0.042663  0.075951
  F  0.002726  0.264028 -0.217843
  F -0.084858 -0.122354 -0.161358
  F -0.071766 -0.062974  0.014626
  F  0.224822  0.072821 -0.204949
  F  0.025914 -0.180329  0.122487
  F -0.463283 -0.442289  0.089157
 Pb  0.024411  0.040768 -0.013881
 Pb  0.032794  0.036503  0.007410
 Pb -0.019691 -0.004638 -0.002321
 Pb  0.002418 -0.007301 -0.002356
 Pb -0.013719 -0.007610  0.012597

#--

	15
normal_mode_# 34 - Freq(cm^-1):  44.2819
  F  0.096211  0.017914 -0.551472
  F -0.037013 -0.016261  0.223341
  F -0.299500 -0.173416  0.080701
  F  0.197243  0.077328 -0.060607
  F -0.174237  0.054937 -0.132779
  F  0.015855 -0.007824  0.115583
  F  0.144151  0.192630 -0.016522
  F  0.431867 -0.157721  0.316869
  F -0.064917  0.033304 -0.090025
  F -0.030434  0.083195  0.029028
 Pb -0.016238 -0.010851  0.005546
 Pb -0.017368 -0.010433  0.003127
 Pb -0.008562  0.007967  0.014241
 Pb -0.028275 -0.029223  0.004972
 Pb -0.014862  0.011038 -0.001217

#--

	15
normal_mode_# 35 - Freq(cm^-1):  41.9723
  F  0.173770 -0.078996 -0.026967
  F  0.012718  0.388846  0.263679
  F -0.063752  0.033515 -0.165226
  F -0.007408  0.003388 -0.018649
  F  0.110604 -0.453632  0.054474
  F -0.327309  0.167242 -0.188940
  F  0.094678 -0.050401  0.246344
  F -0.136917  0.059760  0.121579
  F  0.100101 -0.048800 -0.398052
  F  0.047709 -0.025752  0.124799
 Pb  0.018504 -0.025961 -0.041736
 Pb -0.037473  0.035929 -0.007528
 Pb -0.008903 -0.001648  0.065614
 Pb -0.023334  0.012177 -0.060337
 Pb  0.049450 -0.019723  0.039360

#--

	15
normal_mode_# 36 - Freq(cm^-1):  35.0296
  F -0.045931  0.087025 -0.095993
  F  0.208121 -0.013047  0.075802
  F  0.160467 -0.119107 -0.086188
  F -0.644881 -0.489092  0.150164
  F  0.104322  0.041369 -0.190656
  F  0.027295  0.043207  0.144258
  F -0.013016  0.164914  0.038950
  F  0.039425  0.042470  0.124570
  F -0.067364  0.093814 -0.100458
  F  0.034455  0.226465  0.032913
 Pb  0.034903 -0.020462 -0.023192
 Pb  0.038636 -0.022480 -0.013978
 Pb -0.016761  0.029724  0.016141
 Pb  0.022389 -0.041906 -0.017018
 Pb -0.018960  0.030950  0.010216

#--

	15
normal_mode_# 37 - Freq(cm^-1):  32.4399
  F  0.256156  0.237742  0.023738
  F -0.087158 -0.130848 -0.336543
  F -0.069454  0.036533 -0.179352
  F  0.055375 -0.028873  0.143501
  F -0.135880  0.247537 -0.240379
  F -0.097047  0.333262  0.224013
  F -0.007592  0.004578 -0.020299
  F -0.206948 -0.263122  0.102322
  F  0.174300 -0.373124 -0.024329
  F  0.075799 -0.038769  0.194564
 Pb -0.032279 -0.091866 -0.002427
 Pb  0.034753  0.090645  0.008710
 Pb  0.013567 -0.067467  0.014401
 Pb -0.011737  0.006189 -0.030482
 Pb  0.008169  0.056265  0.041613

#--

	15
normal_mode_# 38 - Freq(cm^-1):  25.1200
  F -0.182703  0.004060  0.219946
  F  0.119970 -0.057195  0.056762
  F -0.043185 -0.124230 -0.008561
  F  0.224569  0.000572 -0.086510
  F  0.045721 -0.018418 -0.136354
  F  0.003645  0.183165  0.271335
  F  0.463790  0.275546 -0.123820
  F -0.279471  0.054505 -0.029423
  F -0.149528  0.263063 -0.124500
  F -0.289007 -0.328626  0.045043
 Pb  0.024496 -0.022731 -0.017697
 Pb  0.026734 -0.023894 -0.011526
 Pb -0.014446  0.003668  0.009686
 Pb  0.003003 -0.037003 -0.008776
 Pb -0.016700  0.004864  0.003998

#--

	15
normal_mode_# 39 - Freq(cm^-1):  20.8350
  F -0.157707  0.185992  0.220456
  F  0.326689  0.047140  0.032170
  F -0.077121  0.039852 -0.197863
  F -0.144198  0.076145 -0.374679
  F -0.230647 -0.098735  0.218066
  F  0.050141 -0.218765 -0.141251
  F -0.006616  0.003228 -0.015627
  F  0.236096 -0.227698 -0.015904
  F -0.101564  0.244601  0.011240
  F  0.136579 -0.072372  0.355251
 Pb -0.129680 -0.004035 -0.044487
 Pb  0.068518  0.035871 -0.113106
 Pb  0.058772 -0.078590  0.022846
 Pb  0.011311 -0.006157  0.029635
 Pb -0.019133  0.057539  0.080638

#--

	15
normal_mode_# 40 - Freq(cm^-1):   3.8476
  F  0.042146  0.363214  0.009793
  F  0.123161  0.159875  0.190094
  F  0.032032  0.008004  0.035025
  F  0.175899 -0.038658  0.311863
  F  0.065738 -0.250543  0.128647
  F -0.105766 -0.160914 -0.204027
  F -0.201627  0.108008 -0.418017
  F -0.050637 -0.283943 -0.084964
  F -0.049122  0.232309 -0.146224
  F -0.084010  0.084168 -0.193357
 Pb  0.023587 -0.079176  0.046115
 Pb  0.043873  0.066393  0.067827
 Pb -0.048672 -0.043471 -0.093557
 Pb -0.000315 -0.003429 -0.007661
 Pb -0.028535  0.095348 -0.073153

#--

	15
normal_mode_# 41 - Freq(cm^-1):   2.8920
  F  0.037615 -0.062800 -0.083672
  F -0.117883  0.328313  0.108884
  F -0.045150  0.070032 -0.004835
  F -0.361115 -0.043306  0.099954
  F -0.155512  0.307406  0.119161
  F  0.183950  0.216691 -0.061761
  F  0.429472  0.038929 -0.225419
  F -0.020449 -0.095158 -0.065428
  F  0.220070  0.236359 -0.070523
  F  0.158003 -0.178221 -0.171925
 Pb -0.071431  0.007948  0.020012
 Pb -0.057923  0.015122  0.016264
 Pb  0.074612 -0.014018 -0.051540
 Pb  0.019790  0.110630  0.011615
 Pb  0.087228 -0.007117 -0.055034

#--

	15
normal_mode_# 42 - Freq(cm^-1):   2.6804
  F  0.325732 -0.035641 -0.298313
  F  0.360309 -0.124217  0.153855
  F  0.033341 -0.030607 -0.003382
  F -0.008987  0.008181 -0.167519
  F -0.085061 -0.069331  0.337370
  F -0.117932 -0.053261  0.288057
  F  0.017043 -0.034316  0.035535
  F -0.383694  0.053133 -0.005975
  F  0.310829 -0.106554  0.110905
  F -0.072135  0.032273 -0.236430
 Pb -0.073203  0.004585  0.014196
 Pb  0.086423 -0.015377 -0.051633
 Pb -0.079905  0.006479  0.010994
 Pb  0.046998 -0.034720  0.098442
 Pb  0.072132 -0.012476 -0.051718

#--

	15
normal_mode_# 43 - Freq(cm^-1):   0.8876
  F -0.234743 -0.180664  0.046845
  F -0.273651 -0.086267  0.115852
  F -0.262506 -0.163946  0.074750
  F -0.342142 -0.197410  0.117101
  F -0.292727 -0.113470  0.119153
  F -0.210256 -0.133529  0.050115
  F -0.147535 -0.167353 -0.010344
  F -0.267530 -0.224281  0.051092
  F -0.190179 -0.108195  0.048761
  F -0.215122 -0.225772  0.012141
 Pb -0.095807 -0.057687  0.030839
 Pb -0.088787 -0.047803  0.030054
 Pb -0.060173 -0.061568  0.003169
 Pb -0.070524 -0.025750  0.026676
 Pb -0.053189 -0.052284  0.002390

#--

	15
normal_mode_# 44 - Freq(cm^-1):   1.5414
  F  0.136611 -0.225326  0.102042
  F  0.110973 -0.161051  0.071620
  F  0.172818 -0.236389  0.065790
  F  0.140600 -0.266857  0.139504
  F  0.178119 -0.211953  0.034519
  F  0.226735 -0.221174 -0.017266
  F  0.238251 -0.231259 -0.022193
  F  0.242776 -0.307311  0.044363
  F  0.162426 -0.172902  0.017098
  F  0.215750 -0.284608  0.056804
 Pb  0.058628 -0.084109  0.024284
 Pb  0.034453 -0.065593  0.037481
 Pb  0.078305 -0.084818 -0.000648
 Pb  0.050816 -0.052065  0.002710
 Pb  0.055430 -0.067256  0.011767

#--

	15
normal_mode_# 45 - Freq(cm^-1):   1.7567
  F -0.017027 -0.116119 -0.307669
  F -0.016042 -0.115637 -0.316367
  F -0.022932 -0.086507 -0.302604
  F -0.026287 -0.075486 -0.341721
  F -0.026070 -0.071987 -0.303843
  F -0.023847 -0.077010 -0.266491
  F -0.018818 -0.094507 -0.248735
  F -0.030320 -0.048142 -0.288128
  F -0.015671 -0.116068 -0.278137
  F -0.023637 -0.081792 -0.282392
 Pb -0.009264 -0.016998 -0.095660
 Pb -0.005550 -0.032520 -0.100208
 Pb -0.008022 -0.019619 -0.079073
 Pb -0.005757 -0.030166 -0.086618
 Pb -0.004915 -0.034203 -0.083255

#--

