	15
normal_mode_# 1 - Freq(cm^-1): 599.9850
  F -0.058786 -0.014824 -0.183863
  F  0.034071  0.226831  0.102958
  F  0.084965  0.175672  0.193088
  F  0.032995  0.054024  0.058121
  F  0.126421  0.162807  0.181085
  F  0.017981  0.042989  0.019544
  F  0.141384  0.021365  0.283683
  F  0.044076  0.081759  0.067386
  F  0.051811  0.047045  0.310738
  F  0.142829  0.194267  0.070975
 Pb -0.025487 -0.313477  0.237627
 Pb -0.240294  0.210174 -0.090840
 Pb -0.122819 -0.118827 -0.112606
 Pb  0.231832  0.068317 -0.228535
 Pb -0.030243 -0.146543 -0.139770

#--

	15
normal_mode_# 2 - Freq(cm^-1): 571.7903
  F  0.002071  0.014992 -0.008664
  F -0.155748 -0.270813  0.117320
  F -0.195064 -0.119536 -0.319847
  F -0.072368  0.069287 -0.325589
  F -0.082150 -0.154460 -0.353197
  F  0.029554  0.089663  0.007931
  F  0.093165 -0.029006  0.167207
  F -0.023744 -0.086905  0.004215
  F  0.002875 -0.001860  0.193224
  F  0.028582 -0.329407  0.064338
 Pb -0.010051 -0.059721  0.028146
 Pb -0.127279  0.002604 -0.078884
 Pb -0.078021  0.231942  0.210969
 Pb  0.051807 -0.050781 -0.130575
 Pb  0.276512  0.123619  0.107504

#--

	15
normal_mode_# 3 - Freq(cm^-1): 553.8313
  F -0.111010  0.033652  0.032284
  F -0.133022 -0.241378  0.095227
  F -0.222488 -0.110942 -0.331206
  F -0.402339  0.121468  0.115207
  F  0.063338  0.157852  0.373761
  F -0.218902  0.066165  0.063675
  F -0.084148  0.093245 -0.056592
  F -0.076276  0.022976  0.021706
  F -0.077989 -0.043433  0.104330
  F -0.016389  0.287603 -0.051774
 Pb  0.079358 -0.024359 -0.023284
 Pb  0.087906  0.041596  0.031923
 Pb -0.002037 -0.190338 -0.202403
 Pb  0.024916 -0.075864 -0.065062
 Pb  0.197135  0.131715  0.147800

#--

	15
normal_mode_# 4 - Freq(cm^-1): 538.2158
  F  0.060266 -0.019664 -0.024742
  F -0.077761 -0.164204 -0.203272
  F -0.064685 -0.025603 -0.137420
  F -0.013361  0.008197 -0.003841
  F  0.036872  0.036391  0.143262
  F  0.180992 -0.057092 -0.054978
  F  0.182060 -0.212115  0.456147
  F  0.049246 -0.015551 -0.010836
  F  0.013487  0.161623 -0.535703
  F  0.125041  0.140651  0.174782
 Pb  0.080359 -0.025377 -0.019112
 Pb -0.161055  0.086781 -0.198605
 Pb -0.032721 -0.015061 -0.050718
 Pb -0.055148 -0.016757  0.274896
 Pb  0.019597  0.015029  0.053068

#--

	15
normal_mode_# 5 - Freq(cm^-1): 536.9933
  F -0.082213 -0.040653 -0.230459
  F -0.130520 -0.125799 -0.220848
  F -0.014618  0.049692 -0.032048
  F -0.028401  0.158831 -0.267005
  F  0.018263  0.036606 -0.051906
  F -0.050898 -0.079655 -0.066974
  F -0.185489  0.186313 -0.373952
  F  0.022549 -0.037532  0.120954
  F  0.039848  0.107301 -0.401770
  F -0.090278 -0.149004 -0.248226
 Pb  0.027973 -0.031623  0.142270
 Pb  0.100627  0.054176  0.223730
 Pb -0.226133  0.001114  0.039090
 Pb  0.072052  0.065664  0.213795
 Pb  0.177401 -0.121448 -0.082381

#--

	15
normal_mode_# 6 - Freq(cm^-1): 525.9390
  F  0.019398  0.181214 -0.123077
  F  0.068561  0.150702 -0.064256
  F -0.032516 -0.031620 -0.322315
  F -0.003643  0.007940 -0.026393
  F -0.152422  0.004141 -0.288630
  F  0.005790  0.034039 -0.018342
  F -0.154763  0.425656 -0.084935
  F -0.047700  0.119371 -0.287009
  F  0.285000  0.293226 -0.212340
  F -0.002893  0.171429 -0.043912
 Pb -0.059910 -0.243328  0.047900
 Pb  0.014005 -0.043322  0.048396
 Pb  0.137898 -0.076284  0.116274
 Pb -0.008257 -0.036191  0.054522
 Pb -0.079191 -0.011479  0.178358

#--

	15
normal_mode_# 7 - Freq(cm^-1): 508.5465
  F -0.006005  0.001784  0.002839
  F -0.150706 -0.393219  0.012816
  F  0.028192 -0.048267 -0.057416
  F  0.649178 -0.193788 -0.192301
  F  0.073450  0.017528  0.027426
  F  0.049193 -0.014110 -0.014040
  F  0.008322 -0.009153 -0.053396
  F  0.157896 -0.047336 -0.045672
  F  0.034861 -0.006266  0.042856
  F  0.092886  0.423897  0.007196
 Pb -0.053360  0.017267  0.014447
 Pb -0.007201 -0.024859  0.016865
 Pb -0.142922 -0.119974  0.083562
 Pb -0.001727  0.025786 -0.016015
 Pb -0.078518  0.183251 -0.017176

#--

	15
normal_mode_# 8 - Freq(cm^-1): 503.6649
  F  0.018420 -0.004101  0.065448
  F  0.223723  0.546244  0.082626
  F -0.048745  0.013236  0.005919
  F -0.056710  0.169336 -0.338936
  F  0.041112 -0.015271 -0.023035
  F  0.020251  0.065252  0.003262
  F  0.047090 -0.069969  0.006682
  F  0.014973  0.042750  0.015635
  F -0.066398 -0.035597  0.037617
  F  0.160799  0.552111  0.099374
 Pb  0.001672  0.088164 -0.088848
 Pb -0.030680 -0.075723 -0.042211
 Pb -0.121838 -0.127367  0.121452
 Pb -0.038348 -0.074205 -0.039509
 Pb  0.081798 -0.193377  0.062777

#--

	15
normal_mode_# 9 - Freq(cm^-1): 480.1685
  F -0.166365  0.047124  0.048353
  F -0.141103 -0.233605 -0.070509
  F  0.077195  0.075415  0.319249
  F -0.068199  0.020533  0.020787
  F -0.141363 -0.057521 -0.302535
  F -0.532301  0.165581  0.153321
  F -0.010008  0.072474  0.104221
  F -0.318786  0.096804  0.091160
  F -0.098932 -0.041702 -0.076418
  F  0.055026  0.258255  0.093457
 Pb  0.067469 -0.019074 -0.020129
 Pb  0.079719 -0.021489 -0.104867
 Pb  0.093561 -0.058659  0.105849
 Pb  0.123883 -0.040810  0.048060
 Pb  0.042530  0.017775 -0.144313

#--

	15
normal_mode_# 10 - Freq(cm^-1): 468.4413
  F -0.108596  0.025861  0.032123
  F  0.117293  0.272763 -0.010814
  F -0.119057 -0.056255 -0.088649
  F  0.386273 -0.117270 -0.107971
  F -0.006893  0.091598  0.122853
  F -0.545389  0.180639  0.154474
  F -0.044893  0.088402  0.089876
  F  0.284119 -0.083264 -0.085128
  F -0.129998 -0.040903 -0.052047
  F -0.051842 -0.293698 -0.012669
 Pb  0.119151 -0.032571 -0.036025
 Pb  0.102026  0.054804 -0.047981
 Pb -0.116837  0.089743 -0.025048
 Pb  0.081365 -0.113579  0.001520
 Pb -0.119424 -0.018971  0.094852

#--

	15
normal_mode_# 11 - Freq(cm^-1): 466.4463
  F  0.081147  0.306256 -0.024437
  F  0.071505  0.050770  0.199511
  F  0.156077  0.042895  0.172448
  F -0.008907  0.015254 -0.100565
  F -0.008572  0.095782  0.217401
  F -0.108046 -0.405683  0.157670
  F -0.104281  0.304233  0.113641
  F  0.015637 -0.144756  0.183737
  F  0.271408  0.181448 -0.005503
  F  0.070501  0.035256  0.198042
 Pb -0.030869 -0.159760  0.034334
 Pb  0.184373 -0.096843 -0.172085
 Pb -0.102758  0.069510 -0.053270
 Pb -0.257319  0.027488 -0.041019
 Pb  0.074291  0.013972 -0.104660

#--

	15
normal_mode_# 12 - Freq(cm^-1): 461.2123
  F  0.037913  0.086015  0.031405
  F  0.016454  0.048565  0.220044
  F  0.039964  0.040053  0.239279
  F  0.011485 -0.043175  0.109665
  F  0.113544  0.017196  0.218404
  F  0.117563  0.450267 -0.107932
  F -0.164895  0.282149 -0.266241
  F  0.007661 -0.089678  0.129844
  F  0.135354  0.197213 -0.350194
  F  0.122945  0.025071  0.188494
 Pb -0.020985 -0.028326 -0.030497
 Pb -0.151541 -0.171918  0.075165
 Pb -0.026054  0.066663 -0.086079
 Pb  0.052390 -0.230100  0.014461
 Pb  0.013520  0.056744 -0.098017

#--

	15
normal_mode_# 13 - Freq(cm^-1): 444.3567
  F  0.281518 -0.085619 -0.081545
  F  0.055570  0.136566  0.332341
  F -0.003768  0.125516  0.253819
  F  0.157518 -0.047276 -0.045365
  F -0.190972 -0.068130 -0.197312
  F  0.303760 -0.088751 -0.089103
  F -0.040739  0.179665  0.176717
  F -0.228043  0.069022  0.065620
  F -0.209139 -0.104909 -0.105261
  F -0.195868 -0.096790 -0.294193
 Pb  0.199036 -0.059626 -0.058297
 Pb -0.029609  0.178031  0.103818
 Pb  0.006834 -0.067405  0.067850
 Pb -0.160451 -0.120659 -0.047186
 Pb  0.005610  0.063910 -0.071019

#--

	15
normal_mode_# 14 - Freq(cm^-1): 424.1556
  F -0.165307  0.047741  0.049465
  F -0.057359 -0.124237 -0.260508
  F -0.058140  0.043032  0.028181
  F  0.009999 -0.002770 -0.003620
  F -0.073632 -0.001666  0.013920
  F  0.304110 -0.090301 -0.088345
  F -0.234741  0.475758 -0.120017
  F  0.066785 -0.020184 -0.018852
  F -0.345394 -0.297782  0.289825
  F  0.151084  0.094694  0.231980
 Pb  0.195095 -0.059594 -0.058351
 Pb -0.057762 -0.116968  0.000422
 Pb -0.014142  0.035880 -0.015256
 Pb  0.019458  0.128580  0.011133
 Pb -0.020478 -0.025501  0.025201

#--

	15
normal_mode_# 15 - Freq(cm^-1): 392.6521
  F -0.008723 -0.397555  0.380468
  F -0.067438 -0.141465 -0.211916
  F -0.024306  0.119152  0.284963
  F -0.032437  0.081686 -0.194588
  F  0.219326  0.046136  0.213970
  F  0.026350  0.088262  0.003934
  F -0.048553  0.236670  0.212570
  F  0.007872 -0.019495  0.047697
  F  0.266610  0.147818  0.119962
  F -0.130957 -0.123352 -0.196383
 Pb -0.106744 -0.100032 -0.257704
 Pb  0.006362  0.058320  0.023922
 Pb -0.019858 -0.003069  0.015343
 Pb  0.037180  0.048160  0.014738
 Pb  0.020177 -0.014888  0.003633

#--

	15
normal_mode_# 16 - Freq(cm^-1): 331.4672
  F  0.630412 -0.187789 -0.183354
  F -0.108253 -0.151191  0.011938
  F -0.130793  0.174252  0.118307
  F -0.208896  0.062847  0.060599
  F -0.239761 -0.062730 -0.009433
  F -0.174919  0.053426  0.050703
  F  0.003171  0.122867  0.062868
  F  0.426859 -0.128761 -0.124371
  F -0.092910 -0.096718 -0.036020
  F -0.005632  0.184860  0.018691
 Pb -0.024110  0.007189  0.006910
 Pb  0.003671 -0.009341  0.004637
 Pb -0.004276  0.017178 -0.001971
 Pb  0.005346  0.006571 -0.007101
 Pb -0.010870 -0.012735  0.006556

#--

	15
normal_mode_# 17 - Freq(cm^-1): 318.9503
  F  0.142805  0.619404 -0.158467
  F -0.057149 -0.076008 -0.232604
  F  0.219376 -0.044485  0.282889
  F -0.056128  0.082741 -0.291656
  F -0.034572  0.032144  0.364177
  F -0.028714 -0.056785 -0.036990
  F  0.057749 -0.131351  0.042637
  F -0.069212 -0.131771 -0.078911
  F -0.087636 -0.087515  0.086490
  F -0.114689 -0.060656 -0.215916
 Pb -0.004514 -0.005397 -0.009914
 Pb -0.027649 -0.010352  0.016484
 Pb  0.024671 -0.006371  0.027170
 Pb  0.022670 -0.024763  0.002342
 Pb -0.006917  0.002697  0.036059

#--

	15
normal_mode_# 18 - Freq(cm^-1): 313.5406
  F  0.449353 -0.141884 -0.126729
  F -0.026270  0.053025  0.007771
  F -0.096300  0.065369 -0.364004
  F  0.297729 -0.090142 -0.084346
  F  0.080823 -0.057809  0.364694
  F -0.113508  0.034989  0.033920
  F -0.088867  0.076389 -0.026054
  F -0.516039  0.157748  0.148682
  F -0.089940 -0.022517  0.072531
  F -0.047521 -0.030810  0.018959
 Pb -0.008125  0.002376  0.002577
 Pb -0.007710 -0.027643 -0.018941
 Pb  0.032155  0.016276  0.005919
 Pb  0.017650  0.025091  0.015543
 Pb  0.011615 -0.029540 -0.018926

#--

	15
normal_mode_# 19 - Freq(cm^-1): 307.7454
  F  0.138760  0.036825  0.448303
  F -0.032265 -0.056970  0.127051
  F -0.017691  0.240876  0.129373
  F -0.001120 -0.005409  0.007999
  F  0.198620  0.175984  0.062599
  F -0.048102 -0.273403  0.113923
  F -0.015174 -0.140065 -0.405778
  F -0.035112  0.168668 -0.307403
  F -0.261486 -0.065655 -0.335000
  F  0.056605 -0.083063  0.101299
 Pb -0.006408 -0.029654  0.008721
 Pb -0.013401  0.016589 -0.020302
 Pb  0.004087  0.002990  0.029052
 Pb  0.007752  0.009947 -0.026705
 Pb  0.012942  0.000629  0.026597

#--

	15
normal_mode_# 20 - Freq(cm^-1): 293.4622
  F -0.153939 -0.152500 -0.370636
  F -0.091480 -0.077186  0.058715
  F  0.112566  0.078634  0.172157
  F  0.061687 -0.050916  0.266548
  F  0.046054  0.100017  0.191390
  F  0.026822  0.144580 -0.057814
  F -0.075098 -0.011370  0.155500
  F -0.091025  0.311566 -0.638700
  F  0.125290 -0.069952  0.098382
  F  0.054041 -0.120587  0.016412
 Pb  0.004744  0.017058 -0.001877
 Pb  0.016303 -0.026176 -0.009120
 Pb -0.036523 -0.000615  0.031134
 Pb -0.029496 -0.012605  0.004139
 Pb  0.040682 -0.023826  0.008642

#--

	15
normal_mode_# 21 - Freq(cm^-1): 279.6823
  F -0.104250 -0.382794  0.039471
  F  0.032540 -0.099538  0.090663
  F  0.266855  0.112284  0.035372
  F -0.115910  0.136188 -0.538320
  F -0.112785  0.226792  0.142990
  F  0.122827  0.455209 -0.048424
  F -0.102772 -0.113010 -0.058836
  F -0.016310 -0.113219  0.056135
  F -0.015475 -0.140157 -0.085542
  F -0.028908 -0.081967  0.109164
 Pb  0.021293 -0.009722  0.083227
 Pb  0.032202 -0.006027 -0.030700
 Pb  0.045600 -0.012515  0.005524
 Pb -0.041061  0.015828 -0.009564
 Pb -0.035630  0.012268  0.029322

#--

	15
normal_mode_# 22 - Freq(cm^-1): 263.8207
  F  0.089974 -0.104261  0.437945
  F  0.158884  0.101960 -0.395783
  F  0.119068 -0.194169  0.010748
  F  0.015289 -0.185727  0.257843
  F -0.164247 -0.115400  0.101069
  F  0.094949  0.290311  0.025807
  F  0.100392  0.009691 -0.027748
  F -0.083512 -0.086692 -0.206923
  F -0.091281  0.054348  0.013365
  F -0.260214  0.231870 -0.293536
 Pb  0.014567 -0.019546  0.072163
 Pb  0.013722 -0.017065 -0.025613
 Pb -0.032095  0.030748  0.005491
 Pb -0.029964 -0.002545 -0.012471
 Pb  0.039977  0.007969 -0.016176

#--

	15
normal_mode_# 23 - Freq(cm^-1): 259.0513
  F -0.169789  0.051205  0.037772
  F  0.036230 -0.093016  0.418673
  F  0.241651  0.073421 -0.235120
  F -0.113034  0.037913  0.026798
  F  0.256753 -0.216191  0.090478
  F  0.026547 -0.016345 -0.008604
  F  0.048522  0.259352  0.318917
  F  0.080621 -0.021656 -0.018668
  F -0.252124 -0.199469 -0.259207
  F -0.121839  0.113648 -0.378741
 Pb -0.026939  0.008538  0.006147
 Pb  0.007041 -0.038302 -0.010968
 Pb -0.001256  0.022857  0.012248
 Pb  0.031148  0.027231  0.000726
 Pb -0.020381 -0.016813 -0.005530

#--

	15
normal_mode_# 24 - Freq(cm^-1): 242.8990
  F  0.122447 -0.061032 -0.063585
  F  0.083471  0.103566 -0.370625
  F  0.299396  0.046057  0.226738
  F -0.005088  0.002811 -0.007003
  F  0.182614 -0.211498 -0.316066
  F -0.088584  0.020815  0.024895
  F  0.110132  0.247768  0.199566
  F -0.281255  0.115996  0.108302
  F -0.143407 -0.271999 -0.207299
  F  0.179579 -0.145169  0.237886
 Pb -0.068832  0.018585  0.027880
 Pb  0.006108  0.004658  0.029041
 Pb -0.058983 -0.020685 -0.066614
 Pb -0.018964 -0.005770 -0.029998
 Pb  0.001574  0.049507  0.090181

#--

	15
normal_mode_# 25 - Freq(cm^-1): 243.6689
  F -0.130405 -0.180561 -0.205822
  F  0.000633  0.158269 -0.204592
  F -0.431248  0.028412  0.315434
  F -0.017138  0.012589 -0.075121
  F  0.444081 -0.206769  0.120673
  F -0.008240 -0.059981 -0.002737
  F -0.157861 -0.132700 -0.062211
  F  0.150364  0.200811  0.187806
  F  0.045721 -0.129205 -0.068687
  F -0.058839  0.200374 -0.253248
 Pb  0.020340 -0.023097  0.063509
 Pb  0.005819 -0.022029 -0.025892
 Pb  0.050733  0.041155  0.024826
 Pb -0.024891 -0.010969 -0.010022
 Pb -0.002717  0.047811  0.022551

#--

	15
normal_mode_# 26 - Freq(cm^-1): 224.9928
  F  0.127675 -0.036970 -0.036265
  F -0.025578 -0.166140 -0.002836
  F  0.421907 -0.234162 -0.137436
  F -0.197551  0.060677  0.056483
  F  0.485532 -0.039499 -0.127193
  F -0.257861  0.078987  0.074000
  F -0.195505  0.025486 -0.311033
  F  0.048050 -0.011945 -0.012829
  F  0.003565  0.031238  0.366580
  F  0.069421  0.150392 -0.009292
 Pb  0.026280 -0.007975 -0.007836
 Pb -0.051935  0.078331 -0.007572
 Pb -0.010336  0.035186  0.022125
 Pb -0.072838 -0.040887  0.043817
 Pb -0.036614 -0.021605 -0.008635

#--

	15
normal_mode_# 27 - Freq(cm^-1): 220.3442
  F -0.079003 -0.141354 -0.132736
  F  0.122618  0.235670  0.029283
  F  0.182102  0.007401  0.051670
  F -0.048464 -0.239273  0.084439
  F -0.096315  0.087549  0.130015
  F -0.077339 -0.279402  0.026456
  F -0.370155  0.019258 -0.026511
  F -0.179693 -0.509559 -0.084940
  F  0.257509 -0.169518 -0.206694
  F  0.050266  0.257765  0.053869
 Pb  0.004491  0.035055 -0.020799
 Pb -0.026320  0.060109  0.006911
 Pb  0.016837  0.046193  0.026882
 Pb  0.052146  0.035996 -0.015956
 Pb  0.024794  0.043958  0.025334

#--

	15
normal_mode_# 28 - Freq(cm^-1): 204.5068
  F -0.040701 -0.030826  0.032594
  F -0.037660 -0.155312  0.165954
  F  0.172102  0.383683  0.090158
  F -0.042295  0.027311 -0.064697
  F -0.246293 -0.518219 -0.016644
  F -0.029982 -0.074615  0.049324
  F  0.156958 -0.164260 -0.234823
  F -0.203962  0.166034  0.041065
  F  0.383392  0.119340  0.068235
  F -0.043603  0.167042 -0.130037
 Pb  0.068984 -0.003180 -0.011087
 Pb -0.008340 -0.015092 -0.009704
 Pb -0.058814  0.044414 -0.057950
 Pb  0.021046  0.008804 -0.001218
 Pb -0.043366 -0.010870  0.079831

#--

	15
normal_mode_# 29 - Freq(cm^-1): 204.3501
  F -0.019407 -0.180658  0.087736
  F  0.040952  0.000099 -0.024949
  F  0.115002 -0.471330  0.053075
  F -0.057995  0.078789 -0.305298
  F -0.216994 -0.149250  0.199015
  F -0.045679 -0.345288  0.182557
  F -0.076330  0.306475  0.042962
  F  0.141777  0.390119 -0.117013
  F  0.081255  0.181762 -0.082117
  F -0.024823 -0.049418  0.061258
 Pb  0.014791  0.070023  0.033532
 Pb -0.041201  0.010767 -0.001429
 Pb  0.025665 -0.006202 -0.007746
 Pb  0.027521 -0.017410 -0.025215
 Pb -0.007856  0.014917 -0.028825

#--

	15
normal_mode_# 30 - Freq(cm^-1): -68.8792
  F  0.108310 -0.032314 -0.029752
  F  0.137983 -0.097088  0.211180
  F -0.100227 -0.396409  0.187962
  F  0.033590 -0.007526 -0.009211
  F  0.039169  0.411163 -0.167960
  F -0.393617  0.118253  0.114566
  F  0.278729 -0.093632  0.067644
  F -0.164407  0.049409  0.046955
  F  0.210552 -0.054309 -0.208830
  F  0.043938  0.045534 -0.259618
 Pb  0.068571 -0.020704 -0.019625
 Pb -0.082387 -0.085084  0.061380
 Pb -0.012562  0.018005 -0.027556
 Pb -0.044001  0.123970 -0.023630
 Pb -0.004186 -0.012101  0.032635

#--

	15
normal_mode_# 31 - Freq(cm^-1): 180.3300
  F  0.162684  0.261840  0.293292
  F  0.091104 -0.136125 -0.053796
  F -0.041177  0.063179 -0.120812
  F  0.004772 -0.004023  0.019045
  F -0.000335  0.049571 -0.131444
  F -0.022088  0.077490 -0.154827
  F -0.500444 -0.078287  0.214494
  F  0.095906  0.260143  0.059613
  F  0.416584 -0.354718 -0.054725
  F -0.159018 -0.060449  0.018134
 Pb  0.014653  0.029037  0.020444
 Pb -0.012892 -0.000754 -0.009619
 Pb -0.019344 -0.020078 -0.008405
 Pb  0.003829 -0.005583 -0.014773
 Pb -0.000773 -0.025787 -0.013965

#--

	15
normal_mode_# 32 - Freq(cm^-1): 161.2557
  F -0.017619 -0.009060 -0.049700
  F -0.298941  0.088196 -0.012019
  F  0.196803 -0.230485  0.000665
  F  0.218339  0.396714  0.349195
  F -0.257418 -0.094954  0.135617
  F  0.063520  0.131756  0.082666
  F -0.171857 -0.116347 -0.187256
  F  0.104730  0.085350  0.271794
  F -0.032705 -0.157079 -0.228899
  F  0.256320 -0.080138 -0.172738
 Pb -0.021310 -0.029918 -0.042369
 Pb  0.004349  0.020060 -0.037609
 Pb -0.001288 -0.007940  0.030430
 Pb -0.011376  0.024874 -0.033283
 Pb  0.011329 -0.011071  0.025788

#--

	15
normal_mode_# 33 - Freq(cm^-1): 152.3432
  F -0.098280  0.029185  0.028508
  F  0.559805 -0.178663 -0.148440
  F -0.165926  0.191657 -0.150272
  F -0.192951  0.055969  0.053063
  F -0.135796 -0.099260  0.237657
  F -0.156111  0.045823  0.044659
  F  0.019125  0.032811 -0.015644
  F -0.012107  0.001055  0.000838
  F  0.004270 -0.036091  0.011433
  F  0.556376 -0.157386 -0.173667
 Pb -0.008325  0.002890  0.002833
 Pb -0.025490  0.020485  0.021835
 Pb -0.013828 -0.018959  0.054734
 Pb -0.039008 -0.001354 -0.002720
 Pb -0.027465  0.031433 -0.043059

#--

	15
normal_mode_# 34 - Freq(cm^-1): 139.1807
  F  0.005699  0.070782 -0.042587
  F  0.168990  0.104214  0.192636
  F  0.090287 -0.226997  0.055692
  F -0.132667 -0.387546 -0.064891
  F -0.155129 -0.154111  0.129166
  F -0.111958  0.117116 -0.501865
  F  0.056924 -0.184048 -0.094349
  F  0.133702  0.348668  0.092930
  F -0.178767 -0.122644 -0.023674
  F  0.029664  0.146770  0.233941
 Pb -0.038685 -0.072641 -0.054536
 Pb  0.034867  0.043502  0.027097
 Pb -0.004416  0.038367  0.004589
 Pb  0.009931  0.049727  0.034733
 Pb  0.026101  0.028707 -0.004632

#--

	15
normal_mode_# 35 - Freq(cm^-1): 136.2539
  F -0.204697  0.060985  0.060231
  F -0.122349  0.048135  0.011156
  F -0.103993  0.087248 -0.038780
  F  0.214929 -0.058670 -0.059891
  F -0.095299 -0.024821  0.096407
  F -0.170371  0.050914  0.052328
  F  0.419334  0.358151 -0.267647
  F  0.120884 -0.041649 -0.036407
  F  0.247027 -0.555083  0.074161
  F -0.113603  0.019800  0.053289
 Pb -0.045508  0.014628  0.013877
 Pb -0.055306  0.057678 -0.009608
 Pb  0.058782 -0.001827 -0.012385
 Pb -0.063874 -0.022591  0.043417
 Pb  0.047871 -0.031169 -0.018290

#--

	15
normal_mode_# 36 - Freq(cm^-1): 129.8281
  F  0.064958 -0.086041  0.309742
  F -0.336977  0.201319  0.065131
  F -0.048465 -0.039115  0.035833
  F  0.040954  0.208224 -0.071162
  F  0.031369 -0.063807  0.012273
  F -0.206841 -0.130275 -0.581668
  F  0.032182  0.037751  0.152355
  F -0.096150 -0.158307 -0.164820
  F  0.070611  0.028235  0.141352
  F  0.370516 -0.012184 -0.139708
 Pb  0.018825  0.008671  0.055651
 Pb  0.009233 -0.016607  0.016461
 Pb  0.014202  0.007455 -0.013758
 Pb -0.006193 -0.011826  0.021169
 Pb -0.013344  0.015942 -0.005631

#--

	15
normal_mode_# 37 - Freq(cm^-1): 111.3138
  F -0.088458 -0.230140 -0.068982
  F  0.288992 -0.073658 -0.154668
  F  0.236875  0.184718 -0.085102
  F  0.157304  0.363504  0.167887
  F -0.113610  0.289265  0.016406
  F -0.189839 -0.352514 -0.287441
  F  0.094499 -0.090611  0.024817
  F  0.078107  0.110248  0.155186
  F -0.098205 -0.033186  0.083017
  F -0.316833  0.107118  0.020564
 Pb -0.007891 -0.025633 -0.001412
 Pb -0.029687 -0.048760  0.016077
 Pb  0.005117  0.024805  0.010088
 Pb  0.003815 -0.058767  0.006725
 Pb  0.013922  0.022651  0.007536

#--

	15
normal_mode_# 38 - Freq(cm^-1):  81.3552
  F  0.224047 -0.065926 -0.064361
  F  0.120382  0.389791  0.186125
  F -0.012031 -0.099425  0.042251
  F -0.378409  0.108715  0.108039
  F  0.021319  0.099070 -0.046251
  F  0.150588 -0.044123 -0.041659
  F  0.137591  0.137722 -0.289452
  F -0.067622  0.024057  0.020760
  F  0.170778 -0.230889  0.200773
  F -0.204237 -0.362579 -0.163502
 Pb  0.003962 -0.001051 -0.001145
 Pb  0.002493 -0.051093 -0.117541
 Pb -0.093224 -0.092267  0.052749
 Pb  0.086154  0.024748  0.092050
 Pb -0.044092  0.134011 -0.013036

#--

	15
normal_mode_# 39 - Freq(cm^-1):  64.6889
  F -0.014112 -0.076586  0.033045
  F -0.318565  0.185446 -0.136207
  F  0.228752  0.216842 -0.147340
  F -0.156621 -0.449954 -0.078438
  F -0.121373  0.322488 -0.044147
  F  0.019005 -0.128605  0.204976
  F  0.028172 -0.072499  0.095323
  F  0.130499  0.252931  0.184318
  F -0.006808 -0.061413  0.103363
  F  0.254273  0.016080 -0.300177
 Pb -0.002431 -0.009877 -0.000263
 Pb -0.013358 -0.040064  0.020643
 Pb -0.000074  0.015964 -0.003540
 Pb -0.002003 -0.043548  0.016068
 Pb  0.006948  0.012981 -0.005846

#--

	15
normal_mode_# 40 - Freq(cm^-1):  11.2347
  F -0.110969  0.043366  0.061043
  F  0.072218  0.343104  0.149194
  F  0.056152  0.210760  0.066593
  F  0.202064  0.073553 -0.109084
  F -0.137462 -0.248072 -0.117600
  F -0.336082  0.112799  0.257501
  F -0.381664 -0.155757  0.081113
  F  0.150115 -0.033354 -0.150535
  F -0.256375  0.131627  0.216557
  F -0.131503 -0.147753 -0.053621
 Pb -0.040789 -0.016315  0.001503
 Pb -0.100983 -0.037084  0.023279
 Pb  0.021856 -0.051651 -0.059579
 Pb -0.049454  0.079618  0.079424
 Pb  0.072409  0.067502 -0.009584

#--

	15
normal_mode_# 41 - Freq(cm^-1):  -3.4922
  F  0.156448 -0.026036  0.267386
  F  0.181393 -0.021451  0.286845
  F  0.143371 -0.037536  0.278161
  F  0.179076 -0.003770  0.242712
  F  0.135881 -0.024928  0.237128
  F  0.169198 -0.029422  0.293941
  F  0.127530 -0.041354  0.267693
  F  0.142419 -0.022761  0.240047
  F  0.132765 -0.049119  0.294291
  F  0.171472 -0.007010  0.242511
 Pb  0.037800 -0.012277  0.079454
 Pb  0.047165 -0.007352  0.079941
 Pb  0.047957 -0.002355  0.068319
 Pb  0.049364 -0.010805  0.091035
 Pb  0.050089 -0.005792  0.079269

#--

	15
normal_mode_# 42 - Freq(cm^-1):   1.4391
  F  0.156843 -0.164909 -0.122251
  F  0.173515 -0.109146 -0.118306
  F  0.278940 -0.042631 -0.079023
  F  0.245219 -0.309481 -0.073147
  F  0.211132 -0.266602 -0.091954
  F -0.011017 -0.116178 -0.197618
  F  0.111625 -0.121899 -0.144500
  F  0.330679 -0.219263 -0.045522
  F  0.158809  0.027112 -0.139316
  F  0.093862 -0.356468 -0.131437
 Pb  0.075281 -0.028718 -0.027255
 Pb  0.011477 -0.069595 -0.050328
 Pb  0.073772 -0.109067 -0.021140
 Pb  0.031048 -0.006368 -0.047697
 Pb  0.092740 -0.048832 -0.017975

#--

	15
normal_mode_# 43 - Freq(cm^-1):   3.5147
  F -0.185992 -0.221023  0.082693
  F -0.239035 -0.247166  0.044317
  F -0.162016 -0.198655  0.072284
  F -0.237921 -0.281841  0.146200
  F -0.141433 -0.217015  0.153945
  F -0.209068 -0.214586  0.011762
  F -0.124522 -0.171111  0.075803
  F -0.159971 -0.230090  0.157591
  F -0.136045 -0.162125  0.024490
  F -0.219710 -0.265442  0.135239
 Pb -0.036505 -0.053893  0.030821
 Pb -0.054938 -0.065649  0.023731
 Pb -0.058331 -0.079688  0.055436
 Pb -0.060316 -0.062165  0.002148
 Pb -0.063353 -0.075045  0.033333

#--

	15
normal_mode_# 44 - Freq(cm^-1):   7.5345
  F  0.050511 -0.096420 -0.003333
  F  0.005826  0.102810 -0.079540
  F -0.020978 -0.202659 -0.262791
  F -0.042530  0.257476 -0.184952
  F  0.037995 -0.184231 -0.066929
  F  0.149929 -0.121621  0.308456
  F  0.121182 -0.417853  0.117238
  F -0.056750 -0.063231 -0.329078
  F  0.079828 -0.427340 -0.012590
  F  0.075293  0.119077  0.133881
 Pb  0.007965 -0.110153 -0.048921
 Pb  0.040403 -0.044239  0.075530
 Pb -0.004442  0.030745 -0.044590
 Pb  0.023680 -0.047403  0.020970
 Pb -0.020608  0.026502 -0.096812

#--

	15
normal_mode_# 45 - Freq(cm^-1):   8.4519
  F  0.032555 -0.088364 -0.034192
  F  0.259943 -0.276347  0.193150
  F -0.133228 -0.211798  0.238573
  F  0.217935 -0.075459 -0.132192
  F -0.187874  0.106929 -0.269559
  F  0.212906 -0.141649 -0.013507
  F -0.225274  0.021324 -0.114940
  F -0.161261 -0.029400 -0.053272
  F -0.190153 -0.185130  0.215493
  F  0.203094  0.067314 -0.368361
 Pb -0.090878 -0.013860  0.008323
 Pb  0.019908  0.007792 -0.073712
 Pb  0.005526  0.024826 -0.095734
 Pb  0.034946 -0.076895  0.065242
 Pb  0.019944 -0.058950  0.040202

#--

