############################################################
#                                                          #
#                     COMPARE CLUSTERS                     #
#                                                          #
#                     Python Version 1                     #
#                        23.01.2020                        #
#                                                          #
#                     Scott M Woodley                      #
#                       Woongkyu Jee                       #
#                                                          #
############################################################
============================================================
                                                            
 RESULTS FROM COMPARING CLUSTERS                            
                                                            
 Using recentred / rotated structural data                  
                                                            
 CLUSTER FILE INPUTS :
                                                            
 CLUSTER 1 :  B459.xyz
 CLUSTER 2 :  out.xyz
                                                            
============================================================
                                                            
 Degeneracy in the pricipal moment of inertia :  1         
                                                            
 Principal Moment of Inertia
                                                            
 CLUSTER 1 :    77.026996  155.950249  166.624365
 CLUSTER 2 :    60.020211   64.354055   78.750666
                                                            
 RMS PMOI  :     2.845909
                                                            
============================================================
                                                            
 Final Cluster Configurations ( Recentred / Rotated ) 
                                                            
 CLUSTER 1 :
                                                            
  F    3.892291    0.208149    0.739150
  F   -2.208319    0.363728    0.296896
  F    0.619764    0.823837   -0.755062
  F   -2.510716   -1.994140   -1.131925
  F    0.683206   -2.869482    1.634032
  F    0.583860    0.002091    1.812531
  F    2.063134   -1.531613   -0.555438
  F    3.760534    1.339440   -3.542693
  F   -0.774470    4.196321    1.859051
  F   -6.467772    0.233329   -0.938083
 Pb   -0.388209   -1.488668   -0.089175
 Pb    2.583149   -1.437788    1.883288
 Pb    2.991702    0.553350   -1.510118
 Pb   -0.544247    2.047785    1.059966
 Pb   -4.283907   -0.446339   -0.762420
                                                            
 CLUSTER 2 :
                                                            
  F   -0.006649   -2.765096   -0.507816
  F    1.593678    2.036906    1.193390
  F    2.165994   -1.175195   -1.275956
  F   -1.370693    1.354889   -1.426215
  F   -2.012826   -1.027636    1.740868
  F    2.009162   -1.039193    1.739579
  F   -0.000470   -0.126022    0.232197
  F   -2.173425   -1.168840   -1.275303
  F    1.384231    1.355230   -1.424730
  F   -1.589865    2.049164    1.187846
 Pb   -2.753705    0.388387    0.194109
 Pb   -0.004492   -2.002281    1.576337
 Pb   -0.003340   -0.975369   -1.916997
 Pb    2.755606    0.376605    0.195348
 Pb    0.006796    2.718449   -0.232657
                                                            
 RMS CONFIG:     0.355730
                                                            
============================================================
                                                            
 Scaling Factor
                                                            
 Calculating optimised expansion coefficient (Etha)
 on 'cluster 2' with respect to 'cluster 1'
                                                            
 ( Etha          )(x2)   (x1)
 (      Etha     )(y2) = (y1)  Find optimised 'Etha' value
 (          Etha )(z2)   (z1)
                                                            
 Scaling Factor(Etha) Optimisation Log 
                                                            
  Cycle:   1  Gnorm:    54.432525  Etha:     1.000000
  Cycle:   5  Gnorm:     2.457572  Etha:     1.280074
  Cycle:   9  Gnorm:     1.338996  Etha:     1.274568
  Cycle:  13  Gnorm:     0.729545  Etha:     1.271567
  Cycle:  17  Gnorm:     0.397489  Etha:     1.269932
  Cycle:  21  Gnorm:     0.216570  Etha:     1.269042
  Cycle:  25  Gnorm:     0.117997  Etha:     1.268557
  Cycle:  29  Gnorm:     0.064290  Etha:     1.268292
  Cycle:  33  Gnorm:     0.035028  Etha:     1.268148
  Cycle:  37  Gnorm:     0.019085  Etha:     1.268070
  Cycle:  41  Gnorm:     0.010398  Etha:     1.268027
  Cycle:  45  Gnorm:     0.005665  Etha:     1.268003
  Cycle:  49  Gnorm:     0.003087  Etha:     1.267991
  Cycle:  53  Gnorm:     0.001682  Etha:     1.267984
  Cycle:  57  Gnorm:     0.000916  Etha:     1.267980
  Cycle:  61  Gnorm:     0.000499  Etha:     1.267978
  Cycle:  65  Gnorm:     0.000272  Etha:     1.267977
  Cycle:  69  Gnorm:     0.000148  Etha:     1.267976
  Cycle:  73  Gnorm:     0.000081  Etha:     1.267976
  Cycle:  77  Gnorm:     0.000044  Etha:     1.267976
  Cycle:  81  Gnorm:     0.000024  Etha:     1.267976
  Cycle:  85  Gnorm:     0.000013  Etha:     1.267976
  Cycle:  89  Gnorm:     0.000007  Etha:     1.267976
  Cycle:  93  Gnorm:     0.000005  Etha:     1.267976
  Cycle:  97  Gnorm:     0.000003  Etha:     1.267976
  Cycle: 101  Gnorm:     0.000002  Etha:     1.267976
  Cycle: 105  Gnorm:     0.000001  Etha:     1.267976
                                                            
 Scaling Factor :     1.267976
                                                            
============================================================
############################################################
#               COMPLETE SUCCESS - ALL DONE                #
############################################################
#             THANK YOU FOR USING CF-CLUSTERS              #
############################################################
