#############################################################################

 Sp Lone pair involved Atomistic Model ( S L A M ) 

 Author (c)     :   Woongkyu Jee
 Affiliation    :   Universitiy College London, Department of Chemistry
 Contact        :   woong.jee.16@ucl.ac.uk / wldndrb1@gmail.com
 Version        :   slam_v_2.2  ( Lastest Update : 04. 28. 2020 SNAPSHOT )

#############################################################################

 Initiating SLAM Calculation

 Number of CPUs Requested   : 2

 Making Integral Table ( Using Cubic Spline Interpolation Algorithm )

 Table Set Up Wtime : 1.546992 s

#############################################################################

 General Input Info

-----------------------------------------------------------------------------
 QM - Born-Mayer potential on sp-lone pair density
-----------------------------------------------------------------------------
   F        122.000000          0.089000
  Pb        422.000000        422.000000          0.098000          0.098000
-----------------------------------------------------------------------------
 MM - Buckingham potential is used as default
-----------------------------------------------------------------------------
  SHELL     F   SHELL       F       1127.700000    0.275300  -15.830000
     SP    Pb   SHELL       F       4494.000000    0.264000  -20.400000
-----------------------------------------------------------------------------

 MM atoms/ions

-----------------------------------------------------------------------------
 Species.       x           y           z          Charge      Spring(k2/k4)
-----------------------------------------------------------------------------
  F c       1.754585    0.006711    1.831735       0.590000
  F s       1.787376    0.133545    1.879804      -1.590000    20.7700/0.0000
  F c       1.653216    5.255197    2.810250       0.590000
  F s       1.692085    5.186840    2.694974      -1.590000    20.7700/0.0000
  F c       0.554980    2.112898    0.430619       0.590000
  F s       0.637905    2.192680    0.497307      -1.590000    20.7700/0.0000
  F c       4.696594    3.250969    1.126238       0.590000
  F s       4.645742    3.281925    1.228819      -1.590000    20.7700/0.0000
  F c       3.662062    1.261058    4.456279       0.590000
  F s       3.636757    1.296229    4.346523      -1.590000    20.7700/0.0000
  F c       0.033053    2.609567    3.366170       0.590000
  F s       0.124109    2.601664    3.291608      -1.590000    20.7700/0.0000
  F c       2.532093    2.568625    2.418631       0.590000
  F s       2.509065    2.479469    2.384982      -1.590000    20.7700/0.0000
  F c       4.468359    0.652167    1.606340       0.590000
  F s       4.432149    0.776696    1.637049      -1.590000    20.7700/0.0000
  F c       2.213284    4.182667    0.381442       0.590000
  F s       2.213952    4.194545    0.500102      -1.590000    20.7700/0.0000
  F c       4.528383    4.189779    3.666653       0.590000
  F s       4.517865    4.138986    3.537182      -1.590000    20.7700/0.0000
-----------------------------------------------------------------------------

 SP atoms/ions

-----------------------------------------------------------------------------
 Species.       x           y           z        q_c/q_sp           Esp
-----------------------------------------------------------------------------
 Pb         5.209380    2.111402    3.103796     3.640/-1.640    14.090000
 Pb         1.536996    1.009765    3.799506     3.640/-1.640    14.090000
 Pb         2.734285    1.475675    0.392548     3.640/-1.640    14.090000
 Pb         0.239130    3.962775    1.613266     3.640/-1.640    14.090000
 Pb         3.667920    5.152999    1.837198     3.640/-1.640    14.090000
-----------------------------------------------------------------------------
#############################################################################

 Initialising Gradient Descent Optimiser ... 

 Position Integral Reference : -0.735202298537

 Internal Tolerances

 SCF Max Trials		   (-)		:	3600
 SCF Eigenvalue  Tolerance (eV)		:	1.000000e-11
 SCF Eigenvector Tolerance (-)		:	1.000000e-11
 Gnorm		 Tolerance (eV/Angs)	:	2.500000e-05

#############################################################################
-----------------------------------------------------------------------------

 Cycle              :   1
 Gnorm  (eV/Angs)   :   0.000049
 Energy (eV)        :  -127.530186006898

-----------------------------------------------------------------------------

 Lone Pair Molecular Orbital Info ( Lowest EigenValue / EigenVector Set )

-----------------------------------------------------------------------------
 Species.   Energy(eV)       s           px           py          pz 
-----------------------------------------------------------------------------
 Pb         10.556110    0.973868    -0.221083     0.008338    -0.051329
 Pb         10.479141    0.978777     0.082240     0.087676    -0.165966
 Pb          9.994207    0.974683    -0.073957    -0.030723     0.208758
 Pb         10.564171    0.973785     0.169475    -0.137037     0.065130
 Pb          9.990826    0.970375    -0.100939    -0.202893     0.083780
-----------------------------------------------------------------------------

 Initiate Line Search ( Armijo-Goldstein-Wolfe )

 Wolfe-Condition is Achieved !

 Trial Count            :    13
 Original Energy (eV)   :   -127.530186006898
 Trial    Energy (eV)   :   -127.530187098130
 Diff     Energy (eV)   :   -0.000001091233

 Line Search Wtime	:  0.109371 s

-----------------------------------------------------------------------------

 Positive Definiteness ( TRUE )  :    0.000002

 Config RMS ( current_step - previous_step ) : 0.000007

 Finalising Optimisation Step ... 

#############################################################################
-----------------------------------------------------------------------------

 Cycle              :   2
 Gnorm  (eV/Angs)   :   0.000124
 Energy (eV)        :  -127.530187098130

-----------------------------------------------------------------------------

 Lone Pair Molecular Orbital Info ( Lowest EigenValue / EigenVector Set )

-----------------------------------------------------------------------------
 Species.   Energy(eV)       s           px           py          pz 
-----------------------------------------------------------------------------
 Pb         10.556646    0.973855    -0.221133     0.008356    -0.051348
 Pb         10.479119    0.978776     0.082239     0.087684    -0.165967
 Pb          9.995342    0.974678    -0.073960    -0.030685     0.208785
 Pb         10.564635    0.973777     0.169501    -0.137053     0.065149
 Pb          9.991536    0.970361    -0.100956    -0.202943     0.083792
-----------------------------------------------------------------------------

 Initiate Line Search ( Armijo-Goldstein-Wolfe )

 Wolfe-Condition is Achieved !

 Trial Count            :    26
 Original Energy (eV)   :   -127.530187098130
 Trial    Energy (eV)   :   -127.530187923325
 Diff     Energy (eV)   :   -0.000000825194

 Line Search Wtime	:  0.178219 s

-----------------------------------------------------------------------------

 Positive Definiteness ( TRUE )  :    0.000001

 Config RMS ( current_step - previous_step ) : 0.000002

 Finalising Optimisation Step ... 

#############################################################################
-----------------------------------------------------------------------------

 Cycle              :   3
 Gnorm  (eV/Angs)   :   0.000045
 Energy (eV)        :  -127.530187923325

-----------------------------------------------------------------------------

 Lone Pair Molecular Orbital Info ( Lowest EigenValue / EigenVector Set )

-----------------------------------------------------------------------------
 Species.   Energy(eV)       s           px           py          pz 
-----------------------------------------------------------------------------
 Pb         10.556173    0.973863    -0.221100     0.008343    -0.051336
 Pb         10.479157    0.978777     0.082236     0.087674    -0.165971
 Pb          9.994362    0.974683    -0.073964    -0.030717     0.208755
 Pb         10.564111    0.973786     0.169462    -0.137039     0.065139
 Pb          9.990767    0.970375    -0.100934    -0.202894     0.083780
-----------------------------------------------------------------------------

 Initiate Line Search ( Armijo-Goldstein-Wolfe )

 Wolfe-Condition is Achieved !

 Trial Count            :    1
 Original Energy (eV)   :   -127.530187923325
 Trial    Energy (eV)   :   -127.530195608380
 Diff     Energy (eV)   :   -0.000007685055

 Line Search Wtime	:  0.048686 s

-----------------------------------------------------------------------------

 Positive Definiteness ( TRUE )  :    0.000007

 Config RMS ( current_step - previous_step ) : 0.000045

 Finalising Optimisation Step ... 

#############################################################################
-----------------------------------------------------------------------------

 Cycle              :   4
 Gnorm  (eV/Angs)   :   0.000215
 Energy (eV)        :  -127.530195608380

-----------------------------------------------------------------------------

 Lone Pair Molecular Orbital Info ( Lowest EigenValue / EigenVector Set )

-----------------------------------------------------------------------------
 Species.   Energy(eV)       s           px           py          pz 
-----------------------------------------------------------------------------
 Pb         10.557043    0.973828    -0.221242     0.008381    -0.051382
 Pb         10.479051    0.978774     0.082204     0.087677    -0.166000
 Pb          9.996501    0.974676    -0.074004    -0.030650     0.208782
 Pb         10.564259    0.973785     0.169428    -0.137062     0.065205
 Pb          9.991451    0.970361    -0.100924    -0.202959     0.083798
-----------------------------------------------------------------------------

 Initiate Line Search ( Armijo-Goldstein-Wolfe )

 Wolfe-Condition is Achieved !

 Trial Count            :    26
 Original Energy (eV)   :   -127.530195608380
 Trial    Energy (eV)   :   -127.530197857579
 Diff     Energy (eV)   :   -0.000002249199

 Line Search Wtime	:  0.180521 s

-----------------------------------------------------------------------------

 Positive Definiteness ( TRUE )  :    0.000004

 Config RMS ( current_step - previous_step ) : 0.000004

 Finalising Optimisation Step ... 

#############################################################################
-----------------------------------------------------------------------------

 Cycle              :   5
 Gnorm  (eV/Angs)   :   0.000036
 Energy (eV)        :  -127.530197857579

-----------------------------------------------------------------------------

 Lone Pair Molecular Orbital Info ( Lowest EigenValue / EigenVector Set )

-----------------------------------------------------------------------------
 Species.   Energy(eV)       s           px           py          pz 
-----------------------------------------------------------------------------
 Pb         10.556185    0.973843    -0.221179     0.008360    -0.051370
 Pb         10.479160    0.978775     0.082205     0.087659    -0.166006
 Pb          9.994790    0.974688    -0.074008    -0.030703     0.208717
 Pb         10.563390    0.973800     0.169361    -0.137040     0.065189
 Pb          9.989984    0.970385    -0.100885    -0.202870     0.083774
-----------------------------------------------------------------------------

 Initiate Line Search ( Armijo-Goldstein-Wolfe )

 Wolfe-Condition is Achieved !

 Trial Count            :    13
 Original Energy (eV)   :   -127.530197857579
 Trial    Energy (eV)   :   -127.530198414826
 Diff     Energy (eV)   :   -0.000000557248

 Line Search Wtime	:  0.108236 s

-----------------------------------------------------------------------------

 Positive Definiteness ( TRUE )  :    0.000001

 Config RMS ( current_step - previous_step ) : 0.000005

 Finalising Optimisation Step ... 

#############################################################################
-----------------------------------------------------------------------------

 Cycle              :   6
 Gnorm  (eV/Angs)   :   0.000081
 Energy (eV)        :  -127.530198414826

-----------------------------------------------------------------------------

 Lone Pair Molecular Orbital Info ( Lowest EigenValue / EigenVector Set )

-----------------------------------------------------------------------------
 Species.   Energy(eV)       s           px           py          pz 
-----------------------------------------------------------------------------
 Pb         10.556553    0.973836    -0.221205     0.008373    -0.051397
 Pb         10.479382    0.978773     0.082218     0.087655    -0.166012
 Pb          9.995260    0.974689    -0.074013    -0.030676     0.208717
 Pb         10.563559    0.973797     0.169365    -0.137052     0.065205
 Pb          9.990234    0.970380    -0.100893    -0.202890     0.083774
-----------------------------------------------------------------------------

 Initiate Line Search ( Armijo-Goldstein-Wolfe )

 Wolfe-Condition is Achieved !

 Trial Count            :    24
 Original Energy (eV)   :   -127.530198414826
 Trial    Energy (eV)   :   -127.530198853517
 Diff     Energy (eV)   :   -0.000000438691

 Line Search Wtime	:  0.166007 s

-----------------------------------------------------------------------------

 Positive Definiteness ( TRUE )  :    0.000001

 Config RMS ( current_step - previous_step ) : 0.000002

 Finalising Optimisation Step ... 

#############################################################################
-----------------------------------------------------------------------------

 Cycle              :   7
 Gnorm  (eV/Angs)   :   0.000038
 Energy (eV)        :  -127.530198853517

-----------------------------------------------------------------------------

 Lone Pair Molecular Orbital Info ( Lowest EigenValue / EigenVector Set )

-----------------------------------------------------------------------------
 Species.   Energy(eV)       s           px           py          pz 
-----------------------------------------------------------------------------
 Pb         10.556235    0.973842    -0.221185     0.008362    -0.051377
 Pb         10.479254    0.978774     0.082205     0.087653    -0.166012
 Pb          9.994582    0.974690    -0.074014    -0.030703     0.208707
 Pb         10.563244    0.973803     0.169343    -0.137041     0.065197
 Pb          9.989801    0.970388    -0.100878    -0.202862     0.083770
-----------------------------------------------------------------------------

 Initiate Line Search ( Armijo-Goldstein-Wolfe )

 Wolfe-Condition is Achieved !

 Trial Count            :    19
 Original Energy (eV)   :   -127.530198853517
 Trial    Energy (eV)   :   -127.530199084895
 Diff     Energy (eV)   :   -0.000000231377

 Line Search Wtime	:  0.138705 s

-----------------------------------------------------------------------------

 Positive Definiteness ( TRUE )  :    0.000000

 Config RMS ( current_step - previous_step ) : 0.000002

 Finalising Optimisation Step ... 

#############################################################################
-----------------------------------------------------------------------------

 Cycle              :   8
 Gnorm  (eV/Angs)   :   0.000055
 Energy (eV)        :  -127.530199084895

-----------------------------------------------------------------------------

 Lone Pair Molecular Orbital Info ( Lowest EigenValue / EigenVector Set )

-----------------------------------------------------------------------------
 Species.   Energy(eV)       s           px           py          pz 
-----------------------------------------------------------------------------
 Pb         10.556447    0.973836    -0.221208     0.008370    -0.051385
 Pb         10.479230    0.978774     0.082205     0.087659    -0.166011
 Pb          9.995250    0.974687    -0.074013    -0.030684     0.208722
 Pb         10.563514    0.973798     0.169362    -0.137047     0.065202
 Pb          9.990154    0.970381    -0.100887    -0.202887     0.083777
-----------------------------------------------------------------------------

 Initiate Line Search ( Armijo-Goldstein-Wolfe )

 Wolfe-Condition is Achieved !

 Trial Count            :    24
 Original Energy (eV)   :   -127.530199084895
 Trial    Energy (eV)   :   -127.530199296048
 Diff     Energy (eV)   :   -0.000000211154

 Line Search Wtime	:  0.165661 s

-----------------------------------------------------------------------------

 Positive Definiteness ( TRUE )  :    0.000000

 Config RMS ( current_step - previous_step ) : 0.000001

 Finalising Optimisation Step ... 

#############################################################################
-----------------------------------------------------------------------------

 Cycle              :   9
 Gnorm  (eV/Angs)   :   0.000037
 Energy (eV)        :  -127.530199296048

-----------------------------------------------------------------------------

 Lone Pair Molecular Orbital Info ( Lowest EigenValue / EigenVector Set )

-----------------------------------------------------------------------------
 Species.   Energy(eV)       s           px           py          pz 
-----------------------------------------------------------------------------
 Pb         10.556205    0.973841    -0.221190     0.008363    -0.051379
 Pb         10.479228    0.978774     0.082203     0.087652    -0.166014
 Pb          9.994688    0.974690    -0.074016    -0.030701     0.208705
 Pb         10.563227    0.973804     0.169340    -0.137040     0.065199
 Pb          9.989774    0.970389    -0.100875    -0.202862     0.083770
-----------------------------------------------------------------------------

 Initiate Line Search ( Armijo-Goldstein-Wolfe )

 Wolfe-Condition is Achieved !

 Trial Count            :    19
 Original Energy (eV)   :   -127.530199296048
 Trial    Energy (eV)   :   -127.530199521901
 Diff     Energy (eV)   :   -0.000000225853

 Line Search Wtime	:  0.138888 s

-----------------------------------------------------------------------------

 Positive Definiteness ( TRUE )  :    0.000000

 Config RMS ( current_step - previous_step ) : 0.000002

 Finalising Optimisation Step ... 

#############################################################################
-----------------------------------------------------------------------------

 Cycle              :   10
 Gnorm  (eV/Angs)   :   0.000052
 Energy (eV)        :  -127.530199521901

-----------------------------------------------------------------------------

 Lone Pair Molecular Orbital Info ( Lowest EigenValue / EigenVector Set )

-----------------------------------------------------------------------------
 Species.   Energy(eV)       s           px           py          pz 
-----------------------------------------------------------------------------
 Pb         10.556461    0.973835    -0.221211     0.008371    -0.051386
 Pb         10.479216    0.978774     0.082203     0.087656    -0.166013
 Pb          9.995230    0.974688    -0.074016    -0.030684     0.208720
 Pb         10.563451    0.973799     0.169355    -0.137047     0.065206
 Pb          9.990123    0.970382    -0.100884    -0.202885     0.083776
-----------------------------------------------------------------------------

 Initiate Line Search ( Armijo-Goldstein-Wolfe )

 Wolfe-Condition is Achieved !

 Trial Count            :    24
 Original Energy (eV)   :   -127.530199521901
 Trial    Energy (eV)   :   -127.530199717787
 Diff     Energy (eV)   :   -0.000000195887

 Line Search Wtime	:  0.165380 s

-----------------------------------------------------------------------------

 Positive Definiteness ( TRUE )  :    0.000000

 Config RMS ( current_step - previous_step ) : 0.000001

 Finalising Optimisation Step ... 

#############################################################################
-----------------------------------------------------------------------------

 Cycle              :   11
 Gnorm  (eV/Angs)   :   0.000036
 Energy (eV)        :  -127.530199717787

-----------------------------------------------------------------------------

 Lone Pair Molecular Orbital Info ( Lowest EigenValue / EigenVector Set )

-----------------------------------------------------------------------------
 Species.   Energy(eV)       s           px           py          pz 
-----------------------------------------------------------------------------
 Pb         10.556220    0.973839    -0.221194     0.008364    -0.051381
 Pb         10.479230    0.978774     0.082201     0.087651    -0.166016
 Pb          9.994719    0.974691    -0.074018    -0.030700     0.208703
 Pb         10.563191    0.973804     0.169335    -0.137040     0.065202
 Pb          9.989743    0.970389    -0.100873    -0.202861     0.083769
-----------------------------------------------------------------------------

 Initiate Line Search ( Armijo-Goldstein-Wolfe )

 Wolfe-Condition is Achieved !

 Trial Count            :    18
 Original Energy (eV)   :   -127.530199717787
 Trial    Energy (eV)   :   -127.530199945723
 Diff     Energy (eV)   :   -0.000000227936

 Line Search Wtime	:  0.133567 s

-----------------------------------------------------------------------------

 Positive Definiteness ( TRUE )  :    0.000000

 Config RMS ( current_step - previous_step ) : 0.000002

 Finalising Optimisation Step ... 

#############################################################################
-----------------------------------------------------------------------------

 Cycle              :   12
 Gnorm  (eV/Angs)   :   0.000059
 Energy (eV)        :  -127.530199945723

-----------------------------------------------------------------------------

 Lone Pair Molecular Orbital Info ( Lowest EigenValue / EigenVector Set )

-----------------------------------------------------------------------------
 Species.   Energy(eV)       s           px           py          pz 
-----------------------------------------------------------------------------
 Pb         10.556505    0.973833    -0.221218     0.008373    -0.051389
 Pb         10.479213    0.978774     0.082202     0.087655    -0.166016
 Pb          9.995313    0.974688    -0.074018    -0.030681     0.208720
 Pb         10.563442    0.973800     0.169352    -0.137048     0.065210
 Pb          9.990141    0.970382    -0.100883    -0.202888     0.083776
-----------------------------------------------------------------------------

 Initiate Line Search ( Armijo-Goldstein-Wolfe )

 Wolfe-Condition is Achieved !

 Trial Count            :    25
 Original Energy (eV)   :   -127.530199945723
 Trial    Energy (eV)   :   -127.530200162140
 Diff     Energy (eV)   :   -0.000000216417

 Line Search Wtime	:  0.170791 s

-----------------------------------------------------------------------------

 Positive Definiteness ( TRUE )  :    0.000000

 Config RMS ( current_step - previous_step ) : 0.000001

 Finalising Optimisation Step ... 

#############################################################################
-----------------------------------------------------------------------------

 Cycle              :   13
 Gnorm  (eV/Angs)   :   0.000032
 Energy (eV)        :  -127.530200162140

-----------------------------------------------------------------------------

 Lone Pair Molecular Orbital Info ( Lowest EigenValue / EigenVector Set )

-----------------------------------------------------------------------------
 Species.   Energy(eV)       s           px           py          pz 
-----------------------------------------------------------------------------
 Pb         10.556259    0.973838    -0.221201     0.008366    -0.051384
 Pb         10.479229    0.978774     0.082200     0.087650    -0.166018
 Pb          9.994802    0.974691    -0.074020    -0.030697     0.208703
 Pb         10.563182    0.973804     0.169332    -0.137041     0.065205
 Pb          9.989750    0.970389    -0.100871    -0.202863     0.083769
-----------------------------------------------------------------------------

 Initiate Line Search ( Armijo-Goldstein-Wolfe )

 Wolfe-Condition is Achieved !

 Trial Count            :    13
 Original Energy (eV)   :   -127.530200162140
 Trial    Energy (eV)   :   -127.530200573535
 Diff     Energy (eV)   :   -0.000000411395

 Line Search Wtime	:  0.108842 s

-----------------------------------------------------------------------------

 Positive Definiteness ( TRUE )  :    0.000001

 Config RMS ( current_step - previous_step ) : 0.000005

 Finalising Optimisation Step ... 

#############################################################################
-----------------------------------------------------------------------------

 Cycle              :   14
 Gnorm  (eV/Angs)   :   0.000085
 Energy (eV)        :  -127.530200573535

-----------------------------------------------------------------------------

 Lone Pair Molecular Orbital Info ( Lowest EigenValue / EigenVector Set )

-----------------------------------------------------------------------------
 Species.   Energy(eV)       s           px           py          pz 
-----------------------------------------------------------------------------
 Pb         10.556650    0.973829    -0.221236     0.008378    -0.051396
 Pb         10.479206    0.978773     0.082200     0.087654    -0.166019
 Pb          9.995598    0.974687    -0.074022    -0.030671     0.208724
 Pb         10.563489    0.973799     0.169350    -0.137051     0.065218
 Pb          9.990269    0.970380    -0.100883    -0.202898     0.083777
-----------------------------------------------------------------------------

 Initiate Line Search ( Armijo-Goldstein-Wolfe )

 Wolfe-Condition is Achieved !

 Trial Count            :    26
 Original Energy (eV)   :   -127.530200573535
 Trial    Energy (eV)   :   -127.530200956324
 Diff     Energy (eV)   :   -0.000000382789

 Line Search Wtime	:  0.177004 s

-----------------------------------------------------------------------------

 Positive Definiteness ( TRUE )  :    0.000001

 Config RMS ( current_step - previous_step ) : 0.000001

 Finalising Optimisation Step ... 

#############################################################################
-----------------------------------------------------------------------------

 Cycle              :   15
 Gnorm  (eV/Angs)   :   0.000029
 Energy (eV)        :  -127.530200956324

-----------------------------------------------------------------------------

 Lone Pair Molecular Orbital Info ( Lowest EigenValue / EigenVector Set )

-----------------------------------------------------------------------------
 Species.   Energy(eV)       s           px           py          pz 
-----------------------------------------------------------------------------
 Pb         10.556312    0.973835    -0.221212     0.008369    -0.051389
 Pb         10.479228    0.978774     0.082198     0.087647    -0.166022
 Pb          9.994907    0.974691    -0.074024    -0.030693     0.208702
 Pb         10.563143    0.973805     0.169324    -0.137042     0.065212
 Pb          9.989732    0.970389    -0.100867    -0.202864     0.083769
-----------------------------------------------------------------------------

 Initiate Line Search ( Armijo-Goldstein-Wolfe )

 Wolfe-Condition is Achieved !

 Trial Count            :    1
 Original Energy (eV)   :   -127.530200956324
 Trial    Energy (eV)   :   -127.530204075812
 Diff     Energy (eV)   :   -0.000003119488

 Line Search Wtime	:  0.048866 s

-----------------------------------------------------------------------------

 Positive Definiteness ( TRUE )  :    0.000003

 Config RMS ( current_step - previous_step ) : 0.000029

 Finalising Optimisation Step ... 

#############################################################################
-----------------------------------------------------------------------------

 Cycle              :   16
 Gnorm  (eV/Angs)   :   0.000146
 Energy (eV)        :  -127.530204075812

-----------------------------------------------------------------------------

 Lone Pair Molecular Orbital Info ( Lowest EigenValue / EigenVector Set )

-----------------------------------------------------------------------------
 Species.   Energy(eV)       s           px           py          pz 
-----------------------------------------------------------------------------
 Pb         10.557038    0.973811    -0.221308     0.008398    -0.051427
 Pb         10.479211    0.978772     0.082185     0.087639    -0.166045
 Pb          9.996340    0.974687    -0.074047    -0.030643     0.208717
 Pb         10.563304    0.973802     0.169309    -0.137059     0.065260
 Pb          9.990291    0.970379    -0.100862    -0.202912     0.083774
-----------------------------------------------------------------------------

 Initiate Line Search ( Armijo-Goldstein-Wolfe )

 Wolfe-Condition is Achieved !

 Trial Count            :    27
 Original Energy (eV)   :   -127.530204075812
 Trial    Energy (eV)   :   -127.530205072397
 Diff     Energy (eV)   :   -0.000000996585

 Line Search Wtime	:  0.183837 s

-----------------------------------------------------------------------------

 Positive Definiteness ( TRUE )  :    0.000001

 Config RMS ( current_step - previous_step ) : 0.000002

 Finalising Optimisation Step ... 

#############################################################################
-----------------------------------------------------------------------------

 Cycle              :   17
 Gnorm  (eV/Angs)   :   0.000028
 Energy (eV)        :  -127.530205072397

-----------------------------------------------------------------------------

 Lone Pair Molecular Orbital Info ( Lowest EigenValue / EigenVector Set )

-----------------------------------------------------------------------------
 Species.   Energy(eV)       s           px           py          pz 
-----------------------------------------------------------------------------
 Pb         10.556522    0.973820    -0.221270     0.008384    -0.051415
 Pb         10.479231    0.978772     0.082182     0.087629    -0.166048
 Pb          9.995291    0.974693    -0.074050    -0.030676     0.208683
 Pb         10.562782    0.973811     0.169270    -0.137045     0.065250
 Pb          9.989453    0.970393    -0.100839    -0.202860     0.083761
-----------------------------------------------------------------------------

 Initiate Line Search ( Armijo-Goldstein-Wolfe )

 Wolfe-Condition is Achieved !

 Trial Count            :    21
 Original Energy (eV)   :   -127.530205072397
 Trial    Energy (eV)   :   -127.530205162373
 Diff     Energy (eV)   :   -0.000000089976

 Line Search Wtime	:  0.148531 s

-----------------------------------------------------------------------------

 Positive Definiteness ( TRUE )  :    0.000000

 Config RMS ( current_step - previous_step ) : 0.000001

 Finalising Optimisation Step ... 

#############################################################################
-----------------------------------------------------------------------------

 Cycle              :   18
 Gnorm  (eV/Angs)   :   0.000032
 Energy (eV)        :  -127.530205162373

-----------------------------------------------------------------------------

 Lone Pair Molecular Orbital Info ( Lowest EigenValue / EigenVector Set )

-----------------------------------------------------------------------------
 Species.   Energy(eV)       s           px           py          pz 
-----------------------------------------------------------------------------
 Pb         10.556358    0.973823    -0.221259     0.008380    -0.051412
 Pb         10.479236    0.978773     0.082181     0.087625    -0.166050
 Pb          9.994951    0.974695    -0.074051    -0.030687     0.208671
 Pb         10.562599    0.973815     0.169256    -0.137040     0.065248
 Pb          9.989164    0.970398    -0.100830    -0.202843     0.083756
-----------------------------------------------------------------------------

 Initiate Line Search ( Armijo-Goldstein-Wolfe )

 Wolfe-Condition is Achieved !

 Trial Count            :    23
 Original Energy (eV)   :   -127.530205162373
 Trial    Energy (eV)   :   -127.530205248582
 Diff     Energy (eV)   :   -0.000000086208

 Line Search Wtime	:  0.158292 s

-----------------------------------------------------------------------------

 Positive Definiteness ( TRUE )  :    0.000000

 Config RMS ( current_step - previous_step ) : 0.000001

 Finalising Optimisation Step ... 

#############################################################################
-----------------------------------------------------------------------------

 Cycle              :   19
 Gnorm  (eV/Angs)   :   0.000027
 Energy (eV)        :  -127.530205248582

-----------------------------------------------------------------------------

 Lone Pair Molecular Orbital Info ( Lowest EigenValue / EigenVector Set )

-----------------------------------------------------------------------------
 Species.   Energy(eV)       s           px           py          pz 
-----------------------------------------------------------------------------
 Pb         10.556525    0.973820    -0.221272     0.008384    -0.051416
 Pb         10.479230    0.978772     0.082181     0.087628    -0.166049
 Pb          9.995285    0.974694    -0.074051    -0.030676     0.208681
 Pb         10.562752    0.973812     0.169267    -0.137045     0.065252
 Pb          9.989421    0.970394    -0.100837    -0.202859     0.083760
-----------------------------------------------------------------------------

 Initiate Line Search ( Armijo-Goldstein-Wolfe )

 Wolfe-Condition is Achieved !

 Trial Count            :    20
 Original Energy (eV)   :   -127.530205248582
 Trial    Energy (eV)   :   -127.530205339614
 Diff     Energy (eV)   :   -0.000000091032

 Line Search Wtime	:  0.143371 s

-----------------------------------------------------------------------------

 Positive Definiteness ( TRUE )  :    0.000000

 Config RMS ( current_step - previous_step ) : 0.000001

 Finalising Optimisation Step ... 

#############################################################################
-----------------------------------------------------------------------------

 Cycle              :   20
 Gnorm  (eV/Angs)   :   0.000035
 Energy (eV)        :  -127.530205339614

-----------------------------------------------------------------------------

 Lone Pair Molecular Orbital Info ( Lowest EigenValue / EigenVector Set )

-----------------------------------------------------------------------------
 Species.   Energy(eV)       s           px           py          pz 
-----------------------------------------------------------------------------
 Pb         10.556352    0.973823    -0.221261     0.008380    -0.051413
 Pb         10.479236    0.978773     0.082180     0.087623    -0.166051
 Pb          9.994926    0.974696    -0.074052    -0.030687     0.208669
 Pb         10.562558    0.973815     0.169252    -0.137040     0.065250
 Pb          9.989120    0.970399    -0.100827    -0.202841     0.083755
-----------------------------------------------------------------------------

 Initiate Line Search ( Armijo-Goldstein-Wolfe )

 Wolfe-Condition is Achieved !

 Trial Count            :    24
 Original Energy (eV)   :   -127.530205339614
 Trial    Energy (eV)   :   -127.530205428314
 Diff     Energy (eV)   :   -0.000000088700

 Line Search Wtime	:  0.163623 s

-----------------------------------------------------------------------------

 Positive Definiteness ( TRUE )  :    0.000000

 Config RMS ( current_step - previous_step ) : 0.000001

 Finalising Optimisation Step ... 

#############################################################################

 Optimisation Meets Termination Condition, Final Configuration is

 Geometric Derivatives ( eV / Angstrom )

-----------------------------------------------------------------------------
 Species.        x           y           z          |r| 
-----------------------------------------------------------------------------
  F  c   9.341688e-07  -2.141383e-04   1.482823e-05   2.146531e-04
  F  s   4.699225e-05  -1.486909e-04  -7.468543e-05   1.729022e-04
  F  c   1.230400e-04  -1.230190e-04   3.422663e-04   3.839514e-04
  F  s   2.777900e-04  -4.176668e-04   2.207351e-04   5.480300e-04
  F  c   1.816201e-04   8.150362e-05  -2.080435e-05   2.001537e-04
  F  s   3.730941e-04   1.210355e-04   7.645288e-05   3.996171e-04
  F  c  -2.143596e-04  -7.969847e-05  -2.326068e-04   3.262021e-04
  F  s  -6.451006e-04  -1.596079e-04   1.481973e-05   6.647173e-04
  F  c  -2.116673e-04   6.228164e-05   2.258161e-04   3.157135e-04
  F  s  -2.175663e-04   1.812621e-04   1.025122e-04   3.011641e-04
  F  c  -5.466946e-05  -8.632526e-05  -9.192803e-05   1.374466e-04
  F  s   8.739949e-05  -7.908042e-06  -1.371862e-04   1.628535e-04
  F  c   2.088612e-05  -3.625162e-04   7.368047e-05   3.705172e-04
  F  s   2.637537e-04   4.848811e-05  -1.247483e-04   2.957689e-04
  F  c   1.515520e-04  -2.693628e-04   1.158028e-04   3.300524e-04
  F  s  -1.432506e-05  -6.866879e-05   9.317014e-05   1.166245e-04
  F  c  -2.185652e-04   6.037517e-04  -2.525345e-04   6.899714e-04
  F  s  -1.272444e-04   3.420448e-04   2.162402e-04   4.241999e-04
  F  c   3.158841e-04   3.547883e-04  -1.155651e-04   4.888893e-04
  F  s  -4.807776e-06   1.526182e-04  -3.150001e-04   3.500579e-04
 Pb     -1.301731e-04   1.533735e-05   1.135135e-04   1.733943e-04
 Pb     -1.611181e-04  -1.745713e-04  -9.731566e-06   2.377581e-04
 Pb      1.211340e-04  -3.124111e-04  -3.398472e-05   3.367924e-04
 Pb     -5.161690e-05   1.224234e-04  -2.386673e-05   1.349867e-04
 Pb      8.713399e-05   3.390501e-04  -1.771957e-04   3.923591e-04
-----------------------------------------------------------------------------

 Cycle              :   20
 Gnorm  (eV/Angs)   :   0.000024
 Energy (eV)        :  -127.530205428310

-----------------------------------------------------------------------------

 Lone Pair Molecular Orbital ( Lowest Eigenvalue / EigenVector )

-----------------------------------------------------------------------------
 Species.   Energy(eV)       s           px           py          pz 
-----------------------------------------------------------------------------
 Pb         10.556518    0.973819    -0.221273     0.008385    -0.051417
 Pb         10.479229    0.978772     0.082181     0.087626    -0.166051
 Pb          9.995259    0.974694    -0.074052    -0.030676     0.208679
 Pb         10.562712    0.973813     0.169263    -0.137044     0.065254
 Pb          9.989375    0.970395    -0.100834    -0.202857     0.083759
-----------------------------------------------------------------------------

 CONFIGURATION_XYZ_INFO ( final / number of atoms )   :   25
	15
 SCF DONE -127.530205
  F    1.754566    0.007656    1.831569
  F    1.652379    5.256600    2.808706
  F    0.553666    2.112360    0.430535
  F    4.698429    3.251397    1.126826
  F    3.663010    1.260568    4.455428
  F    0.032988    2.609663    3.366903
  F    2.531373    2.569628    2.418751
  F    4.467801    0.653127    1.605922
  F    2.214214    4.180140    0.381814
  F    4.527537    4.188516    3.667567
 Pb    5.210620    2.111058    3.103582
 Pb    1.537590    1.010099    3.799632
 Pb    2.733707    1.476968    0.392332
 Pb    0.238790    3.962272    1.613429
 Pb    3.667936    5.152243    1.837798

 CONFIGURATION_XYZ_SC_INFO
 20	5
  F  c    1.754566    0.007656    1.831569
  F  s    1.787357    0.134462    1.879708
  F  c    1.652379    5.256600    2.808706
  F  s    1.691337    5.187951    2.693658
  F  c    0.553666    2.112360    0.430535
  F  s    0.636660    2.192269    0.497224
  F  c    4.698429    3.251397    1.126826
  F  s    4.647491    3.282344    1.229525
  F  c    3.663010    1.260568    4.455428
  F  s    3.637722    1.295818    4.345743
  F  c    0.032988    2.609663    3.366903
  F  s    0.124034    2.601788    3.292252
  F  c    2.531373    2.569628    2.418751
  F  s    2.508243    2.480584    2.385058
  F  c    4.467801    0.653127    1.605922
  F  s    4.431752    0.777621    1.636715
  F  c    2.214214    4.180140    0.381814
  F  s    2.214935    4.191897    0.500306
  F  c    4.527537    4.188516    3.667567
  F  s    4.517187    4.137805    3.538039
 Pb       5.210620    2.111058    3.103582
 Pb       1.537590    1.010099    3.799632
 Pb       2.733707    1.476968    0.392332
 Pb       0.238790    3.962272    1.613429
 Pb       3.667936    5.152243    1.837798

-----------------------------------------------------------------------------
#############################################################################

 Computation Wtime :    2.935192 s

 Date		   :	2021-01-26 07:33:24

 output xyz 	   :	out.xyz
 next config	   :	geo.txt.next

#############################################################################
