#############################################################################

 Sp Lone pair involved Atomistic Model ( S L A M ) 

 Author (c)     :   Woongkyu Jee
 Affiliation    :   Universitiy College London, Department of Chemistry
 Contact        :   woong.jee.16@ucl.ac.uk / wldndrb1@gmail.com
 Version        :   slam_v_2.2  ( Lastest Update : 04. 28. 2020 SNAPSHOT )

#############################################################################

 Initiating SLAM Calculation

 Number of CPUs Requested   : 2

 Making Integral Table ( Using Cubic Spline Interpolation Algorithm )

 Table Set Up Wtime : 2.126095 s

#############################################################################

 General Input Info

-----------------------------------------------------------------------------
 QM - Born-Mayer potential on sp-lone pair density
-----------------------------------------------------------------------------
  F              122.000000          0.089000
 Pb              422.000000          0.098000
-----------------------------------------------------------------------------
 MM - Buckingham potential is used as default
-----------------------------------------------------------------------------
  SHELL     F   SHELL       F       1127.700000    0.275300  -15.830000
     SP    Pb   SHELL       F       4494.000000    0.264000  -20.400000
-----------------------------------------------------------------------------

 MM atoms/ions

-----------------------------------------------------------------------------
 Species.       x           y           z          Charge      Spring(k2/k4)
-----------------------------------------------------------------------------
  F c       1.754585    0.006711    1.831735       0.590000
  F s       1.787376    0.133545    1.879804      -1.590000    20.7700/0.0000
  F c       1.653216    5.255197    2.810250       0.590000
  F s       1.692085    5.186840    2.694974      -1.590000    20.7700/0.0000
  F c       0.554980    2.112898    0.430619       0.590000
  F s       0.637905    2.192680    0.497307      -1.590000    20.7700/0.0000
  F c       4.696594    3.250969    1.126238       0.590000
  F s       4.645742    3.281925    1.228819      -1.590000    20.7700/0.0000
  F c       3.662062    1.261058    4.456279       0.590000
  F s       3.636757    1.296229    4.346523      -1.590000    20.7700/0.0000
  F c       0.033053    2.609567    3.366170       0.590000
  F s       0.124109    2.601664    3.291608      -1.590000    20.7700/0.0000
  F c       2.532093    2.568625    2.418631       0.590000
  F s       2.509065    2.479469    2.384982      -1.590000    20.7700/0.0000
  F c       4.468359    0.652167    1.606340       0.590000
  F s       4.432149    0.776696    1.637049      -1.590000    20.7700/0.0000
  F c       2.213284    4.182667    0.381442       0.590000
  F s       2.213952    4.194545    0.500102      -1.590000    20.7700/0.0000
  F c       4.528383    4.189779    3.666653       0.590000
  F s       4.517865    4.138986    3.537182      -1.590000    20.7700/0.0000
-----------------------------------------------------------------------------

 SP atoms/ions

-----------------------------------------------------------------------------
 Species.       x           y           z        q_c/q_sp           Esp
-----------------------------------------------------------------------------
 Pb         5.209380    2.111402    3.103796     3.640/-1.640    14.090000
 Pb         1.536996    1.009765    3.799506     3.640/-1.640    14.090000
 Pb         2.734285    1.475675    0.392548     3.640/-1.640    14.090000
 Pb         0.239130    3.962775    1.613266     3.640/-1.640    14.090000
 Pb         3.667920    5.152999    1.837198     3.640/-1.640    14.090000
-----------------------------------------------------------------------------
#############################################################################

 Initialising Gradient Descent Optimiser ... 

 Position Integral Reference      : -0.735202298537
 Internal Integral Grid Tolerance : 111

 Internal Tolerances

 SCF Max Trials		   (-)		:	1200
 SCF Eigenvalue  Tolerance (eV)		:	1.000000e-11
 SCF Eigenvector Tolerance (-)		:	1.000000e-11
 Gnorm		 Tolerance (eV/Angs)	:	2.500000e-05

#############################################################################
-----------------------------------------------------------------------------

 Cycle              :   1
 Gnorm  (eV/Angs)   :   0.000049
 Energy (eV)        :  -127.530186012014
 SCF Count          :   14

-----------------------------------------------------------------------------

 Lone Pair Molecular Orbital Info ( Lowest EigenValue / EigenVector Set )

-----------------------------------------------------------------------------
 Species.   Energy(eV)       s           px           py          pz 
-----------------------------------------------------------------------------
 Pb         10.556110    0.973868    -0.221083     0.008338    -0.051329
 Pb         10.479141    0.978777     0.082240     0.087676    -0.165966
 Pb          9.994207    0.974683    -0.073957    -0.030723     0.208758
 Pb         10.564171    0.973785     0.169475    -0.137037     0.065130
 Pb          9.990826    0.970375    -0.100939    -0.202893     0.083780
-----------------------------------------------------------------------------

 Initiate Line Search ( Armijo-Goldstein-Wolfe )

 Wolfe-Condition is Achieved !

 Trial Count            :    13
 Original Energy (eV)   :   -127.530186012014
 Trial    Energy (eV)   :   -127.530187101879
 Diff     Energy (eV)   :   -0.000001089865

 Line Search Wtime	:  0.110636 s

-----------------------------------------------------------------------------

 Positive Definiteness ( TRUE )  :    0.000002

 Config RMS ( current_step - previous_step ) : 0.000007

 Finalising Optimisation Step ... 

#############################################################################
-----------------------------------------------------------------------------

 Cycle              :   2
 Gnorm  (eV/Angs)   :   0.000124
 Energy (eV)        :  -127.530187101879
 SCF Count          :   9

-----------------------------------------------------------------------------

 Lone Pair Molecular Orbital Info ( Lowest EigenValue / EigenVector Set )

-----------------------------------------------------------------------------
 Species.   Energy(eV)       s           px           py          pz 
-----------------------------------------------------------------------------
 Pb         10.556639    0.973855    -0.221133     0.008356    -0.051347
 Pb         10.479119    0.978776     0.082239     0.087684    -0.165967
 Pb          9.995356    0.974678    -0.073961    -0.030685     0.208785
 Pb         10.564628    0.973777     0.169501    -0.137052     0.065149
 Pb          9.991538    0.970361    -0.100956    -0.202943     0.083792
-----------------------------------------------------------------------------

 Initiate Line Search ( Armijo-Goldstein-Wolfe )

 Wolfe-Condition is Achieved !

 Trial Count            :    26
 Original Energy (eV)   :   -127.530187101879
 Trial    Energy (eV)   :   -127.530187928361
 Diff     Energy (eV)   :   -0.000000826483

 Line Search Wtime	:  0.180055 s

-----------------------------------------------------------------------------

 Positive Definiteness ( TRUE )  :    0.000001

 Config RMS ( current_step - previous_step ) : 0.000002

 Finalising Optimisation Step ... 

#############################################################################
-----------------------------------------------------------------------------

 Cycle              :   3
 Gnorm  (eV/Angs)   :   0.000045
 Energy (eV)        :  -127.530187928361
 SCF Count          :   9

-----------------------------------------------------------------------------

 Lone Pair Molecular Orbital Info ( Lowest EigenValue / EigenVector Set )

-----------------------------------------------------------------------------
 Species.   Energy(eV)       s           px           py          pz 
-----------------------------------------------------------------------------
 Pb         10.556171    0.973863    -0.221100     0.008343    -0.051336
 Pb         10.479157    0.978777     0.082236     0.087675    -0.165971
 Pb          9.994367    0.974683    -0.073964    -0.030717     0.208755
 Pb         10.564109    0.973786     0.169462    -0.137039     0.065139
 Pb          9.990767    0.970375    -0.100933    -0.202894     0.083780
-----------------------------------------------------------------------------

 Initiate Line Search ( Armijo-Goldstein-Wolfe )

 Wolfe-Condition is Achieved !

 Trial Count            :    1
 Original Energy (eV)   :   -127.530187928361
 Trial    Energy (eV)   :   -127.530195607444
 Diff     Energy (eV)   :   -0.000007679082

 Line Search Wtime	:  0.049356 s

-----------------------------------------------------------------------------

 Positive Definiteness ( TRUE )  :    0.000007

 Config RMS ( current_step - previous_step ) : 0.000045

 Finalising Optimisation Step ... 

#############################################################################
-----------------------------------------------------------------------------

 Cycle              :   4
 Gnorm  (eV/Angs)   :   0.000215
 Energy (eV)        :  -127.530195607444
 SCF Count          :   10

-----------------------------------------------------------------------------

 Lone Pair Molecular Orbital Info ( Lowest EigenValue / EigenVector Set )

-----------------------------------------------------------------------------
 Species.   Energy(eV)       s           px           py          pz 
-----------------------------------------------------------------------------
 Pb         10.557075    0.973828    -0.221243     0.008380    -0.051383
 Pb         10.479050    0.978774     0.082205     0.087676    -0.166001
 Pb          9.996456    0.974677    -0.074003    -0.030648     0.208781
 Pb         10.564289    0.973784     0.169428    -0.137064     0.065205
 Pb          9.991467    0.970361    -0.100924    -0.202959     0.083800
-----------------------------------------------------------------------------

 Initiate Line Search ( Armijo-Goldstein-Wolfe )

 Wolfe-Condition is Achieved !

 Trial Count            :    26
 Original Energy (eV)   :   -127.530195607444
 Trial    Energy (eV)   :   -127.530197862219
 Diff     Energy (eV)   :   -0.000002254775

 Line Search Wtime	:  0.182520 s

-----------------------------------------------------------------------------

 Positive Definiteness ( TRUE )  :    0.000004

 Config RMS ( current_step - previous_step ) : 0.000004

 Finalising Optimisation Step ... 

#############################################################################
-----------------------------------------------------------------------------

 Cycle              :   5
 Gnorm  (eV/Angs)   :   0.000036
 Energy (eV)        :  -127.530197862219
 SCF Count          :   10

-----------------------------------------------------------------------------

 Lone Pair Molecular Orbital Info ( Lowest EigenValue / EigenVector Set )

-----------------------------------------------------------------------------
 Species.   Energy(eV)       s           px           py          pz 
-----------------------------------------------------------------------------
 Pb         10.556197    0.973843    -0.221179     0.008359    -0.051371
 Pb         10.479164    0.978775     0.082205     0.087659    -0.166006
 Pb          9.994769    0.974688    -0.074008    -0.030702     0.208717
 Pb         10.563401    0.973800     0.169361    -0.137040     0.065189
 Pb          9.989994    0.970385    -0.100885    -0.202870     0.083775
-----------------------------------------------------------------------------

 Initiate Line Search ( Armijo-Goldstein-Wolfe )

 Wolfe-Condition is Achieved !

 Trial Count            :    13
 Original Energy (eV)   :   -127.530197862219
 Trial    Energy (eV)   :   -127.530198417089
 Diff     Energy (eV)   :   -0.000000554870

 Line Search Wtime	:  0.109286 s

-----------------------------------------------------------------------------

 Positive Definiteness ( TRUE )  :    0.000001

 Config RMS ( current_step - previous_step ) : 0.000005

 Finalising Optimisation Step ... 

#############################################################################
-----------------------------------------------------------------------------

 Cycle              :   6
 Gnorm  (eV/Angs)   :   0.000081
 Energy (eV)        :  -127.530198417089
 SCF Count          :   9

-----------------------------------------------------------------------------

 Lone Pair Molecular Orbital Info ( Lowest EigenValue / EigenVector Set )

-----------------------------------------------------------------------------
 Species.   Energy(eV)       s           px           py          pz 
-----------------------------------------------------------------------------
 Pb         10.556530    0.973836    -0.221204     0.008374    -0.051397
 Pb         10.479383    0.978773     0.082218     0.087657    -0.166010
 Pb          9.995310    0.974689    -0.074014    -0.030679     0.208717
 Pb         10.563538    0.973797     0.169365    -0.137050     0.065205
 Pb          9.990219    0.970381    -0.100892    -0.202891     0.083771
-----------------------------------------------------------------------------

 Initiate Line Search ( Armijo-Goldstein-Wolfe )

 Wolfe-Condition is Achieved !

 Trial Count            :    24
 Original Energy (eV)   :   -127.530198417089
 Trial    Energy (eV)   :   -127.530198858466
 Diff     Energy (eV)   :   -0.000000441377

 Line Search Wtime	:  0.167926 s

-----------------------------------------------------------------------------

 Positive Definiteness ( TRUE )  :    0.000001

 Config RMS ( current_step - previous_step ) : 0.000002

 Finalising Optimisation Step ... 

#############################################################################
-----------------------------------------------------------------------------

 Cycle              :   7
 Gnorm  (eV/Angs)   :   0.000038
 Energy (eV)        :  -127.530198858466
 SCF Count          :   9

-----------------------------------------------------------------------------

 Lone Pair Molecular Orbital Info ( Lowest EigenValue / EigenVector Set )

-----------------------------------------------------------------------------
 Species.   Energy(eV)       s           px           py          pz 
-----------------------------------------------------------------------------
 Pb         10.556228    0.973842    -0.221185     0.008363    -0.051377
 Pb         10.479248    0.978774     0.082205     0.087653    -0.166012
 Pb          9.994602    0.974690    -0.074014    -0.030703     0.208707
 Pb         10.563237    0.973803     0.169343    -0.137040     0.065197
 Pb          9.989798    0.970388    -0.100878    -0.202862     0.083770
-----------------------------------------------------------------------------

 Initiate Line Search ( Armijo-Goldstein-Wolfe )

 Wolfe-Condition is Achieved !

 Trial Count            :    19
 Original Energy (eV)   :   -127.530198858466
 Trial    Energy (eV)   :   -127.530199089158
 Diff     Energy (eV)   :   -0.000000230692

 Line Search Wtime	:  0.140259 s

-----------------------------------------------------------------------------

 Positive Definiteness ( TRUE )  :    0.000000

 Config RMS ( current_step - previous_step ) : 0.000002

 Finalising Optimisation Step ... 

#############################################################################
-----------------------------------------------------------------------------

 Cycle              :   8
 Gnorm  (eV/Angs)   :   0.000055
 Energy (eV)        :  -127.530199089158
 SCF Count          :   9

-----------------------------------------------------------------------------

 Lone Pair Molecular Orbital Info ( Lowest EigenValue / EigenVector Set )

-----------------------------------------------------------------------------
 Species.   Energy(eV)       s           px           py          pz 
-----------------------------------------------------------------------------
 Pb         10.556441    0.973836    -0.221208     0.008370    -0.051385
 Pb         10.479232    0.978774     0.082205     0.087659    -0.166011
 Pb          9.995257    0.974687    -0.074014    -0.030685     0.208722
 Pb         10.563508    0.973799     0.169362    -0.137046     0.065202
 Pb          9.990156    0.970381    -0.100887    -0.202887     0.083777
-----------------------------------------------------------------------------

 Initiate Line Search ( Armijo-Goldstein-Wolfe )

 Wolfe-Condition is Achieved !

 Trial Count            :    24
 Original Energy (eV)   :   -127.530199089158
 Trial    Energy (eV)   :   -127.530199300675
 Diff     Energy (eV)   :   -0.000000211516

 Line Search Wtime	:  0.167600 s

-----------------------------------------------------------------------------

 Positive Definiteness ( TRUE )  :    0.000000

 Config RMS ( current_step - previous_step ) : 0.000001

 Finalising Optimisation Step ... 

#############################################################################
-----------------------------------------------------------------------------

 Cycle              :   9
 Gnorm  (eV/Angs)   :   0.000037
 Energy (eV)        :  -127.530199300675
 SCF Count          :   9

-----------------------------------------------------------------------------

 Lone Pair Molecular Orbital Info ( Lowest EigenValue / EigenVector Set )

-----------------------------------------------------------------------------
 Species.   Energy(eV)       s           px           py          pz 
-----------------------------------------------------------------------------
 Pb         10.556204    0.973841    -0.221190     0.008363    -0.051379
 Pb         10.479227    0.978774     0.082203     0.087652    -0.166014
 Pb          9.994690    0.974690    -0.074016    -0.030702     0.208705
 Pb         10.563226    0.973804     0.169340    -0.137040     0.065199
 Pb          9.989776    0.970389    -0.100875    -0.202862     0.083770
-----------------------------------------------------------------------------

 Initiate Line Search ( Armijo-Goldstein-Wolfe )

 Wolfe-Condition is Achieved !

 Trial Count            :    19
 Original Energy (eV)   :   -127.530199300675
 Trial    Energy (eV)   :   -127.530199526311
 Diff     Energy (eV)   :   -0.000000225636

 Line Search Wtime	:  0.140309 s

-----------------------------------------------------------------------------

 Positive Definiteness ( TRUE )  :    0.000000

 Config RMS ( current_step - previous_step ) : 0.000002

 Finalising Optimisation Step ... 

#############################################################################
-----------------------------------------------------------------------------

 Cycle              :   10
 Gnorm  (eV/Angs)   :   0.000052
 Energy (eV)        :  -127.530199526311
 SCF Count          :   9

-----------------------------------------------------------------------------

 Lone Pair Molecular Orbital Info ( Lowest EigenValue / EigenVector Set )

-----------------------------------------------------------------------------
 Species.   Energy(eV)       s           px           py          pz 
-----------------------------------------------------------------------------
 Pb         10.556458    0.973835    -0.221211     0.008371    -0.051386
 Pb         10.479216    0.978774     0.082203     0.087656    -0.166013
 Pb          9.995235    0.974688    -0.074016    -0.030684     0.208720
 Pb         10.563447    0.973799     0.169355    -0.137047     0.065206
 Pb          9.990127    0.970382    -0.100884    -0.202886     0.083776
-----------------------------------------------------------------------------

 Initiate Line Search ( Armijo-Goldstein-Wolfe )

 Wolfe-Condition is Achieved !

 Trial Count            :    24
 Original Energy (eV)   :   -127.530199526311
 Trial    Energy (eV)   :   -127.530199722391
 Diff     Energy (eV)   :   -0.000000196080

 Line Search Wtime	:  0.167256 s

-----------------------------------------------------------------------------

 Positive Definiteness ( TRUE )  :    0.000000

 Config RMS ( current_step - previous_step ) : 0.000001

 Finalising Optimisation Step ... 

#############################################################################
-----------------------------------------------------------------------------

 Cycle              :   11
 Gnorm  (eV/Angs)   :   0.000036
 Energy (eV)        :  -127.530199722391
 SCF Count          :   9

-----------------------------------------------------------------------------

 Lone Pair Molecular Orbital Info ( Lowest EigenValue / EigenVector Set )

-----------------------------------------------------------------------------
 Species.   Energy(eV)       s           px           py          pz 
-----------------------------------------------------------------------------
 Pb         10.556219    0.973839    -0.221194     0.008364    -0.051381
 Pb         10.479229    0.978774     0.082201     0.087651    -0.166016
 Pb          9.994722    0.974691    -0.074018    -0.030700     0.208704
 Pb         10.563190    0.973804     0.169335    -0.137040     0.065202
 Pb          9.989745    0.970389    -0.100872    -0.202861     0.083769
-----------------------------------------------------------------------------

 Initiate Line Search ( Armijo-Goldstein-Wolfe )

 Wolfe-Condition is Achieved !

 Trial Count            :    18
 Original Energy (eV)   :   -127.530199722391
 Trial    Energy (eV)   :   -127.530199950040
 Diff     Energy (eV)   :   -0.000000227649

 Line Search Wtime	:  0.135187 s

-----------------------------------------------------------------------------

 Positive Definiteness ( TRUE )  :    0.000000

 Config RMS ( current_step - previous_step ) : 0.000002

 Finalising Optimisation Step ... 

#############################################################################
-----------------------------------------------------------------------------

 Cycle              :   12
 Gnorm  (eV/Angs)   :   0.000059
 Energy (eV)        :  -127.530199950040
 SCF Count          :   9

-----------------------------------------------------------------------------

 Lone Pair Molecular Orbital Info ( Lowest EigenValue / EigenVector Set )

-----------------------------------------------------------------------------
 Species.   Energy(eV)       s           px           py          pz 
-----------------------------------------------------------------------------
 Pb         10.556503    0.973833    -0.221218     0.008373    -0.051389
 Pb         10.479213    0.978774     0.082202     0.087655    -0.166016
 Pb          9.995317    0.974688    -0.074018    -0.030681     0.208720
 Pb         10.563439    0.973800     0.169352    -0.137048     0.065210
 Pb          9.990145    0.970382    -0.100883    -0.202888     0.083776
-----------------------------------------------------------------------------

 Initiate Line Search ( Armijo-Goldstein-Wolfe )

 Wolfe-Condition is Achieved !

 Trial Count            :    25
 Original Energy (eV)   :   -127.530199950040
 Trial    Energy (eV)   :   -127.530200166739
 Diff     Energy (eV)   :   -0.000000216700

 Line Search Wtime	:  0.172646 s

-----------------------------------------------------------------------------

 Positive Definiteness ( TRUE )  :    0.000000

 Config RMS ( current_step - previous_step ) : 0.000001

 Finalising Optimisation Step ... 

#############################################################################
-----------------------------------------------------------------------------

 Cycle              :   13
 Gnorm  (eV/Angs)   :   0.000032
 Energy (eV)        :  -127.530200166739
 SCF Count          :   9

-----------------------------------------------------------------------------

 Lone Pair Molecular Orbital Info ( Lowest EigenValue / EigenVector Set )

-----------------------------------------------------------------------------
 Species.   Energy(eV)       s           px           py          pz 
-----------------------------------------------------------------------------
 Pb         10.556258    0.973838    -0.221201     0.008366    -0.051384
 Pb         10.479228    0.978774     0.082200     0.087650    -0.166018
 Pb          9.994805    0.974691    -0.074020    -0.030697     0.208703
 Pb         10.563182    0.973804     0.169332    -0.137041     0.065205
 Pb          9.989752    0.970389    -0.100871    -0.202863     0.083769
-----------------------------------------------------------------------------

 Initiate Line Search ( Armijo-Goldstein-Wolfe )

 Wolfe-Condition is Achieved !

 Trial Count            :    13
 Original Energy (eV)   :   -127.530200166739
 Trial    Energy (eV)   :   -127.530200577495
 Diff     Energy (eV)   :   -0.000000410756

 Line Search Wtime	:  0.110154 s

-----------------------------------------------------------------------------

 Positive Definiteness ( TRUE )  :    0.000001

 Config RMS ( current_step - previous_step ) : 0.000005

 Finalising Optimisation Step ... 

#############################################################################
-----------------------------------------------------------------------------

 Cycle              :   14
 Gnorm  (eV/Angs)   :   0.000085
 Energy (eV)        :  -127.530200577495
 SCF Count          :   9

-----------------------------------------------------------------------------

 Lone Pair Molecular Orbital Info ( Lowest EigenValue / EigenVector Set )

-----------------------------------------------------------------------------
 Species.   Energy(eV)       s           px           py          pz 
-----------------------------------------------------------------------------
 Pb         10.556649    0.973829    -0.221236     0.008378    -0.051396
 Pb         10.479206    0.978774     0.082200     0.087654    -0.166019
 Pb          9.995602    0.974687    -0.074022    -0.030671     0.208724
 Pb         10.563488    0.973799     0.169351    -0.137051     0.065218
 Pb          9.990273    0.970380    -0.100883    -0.202898     0.083777
-----------------------------------------------------------------------------

 Initiate Line Search ( Armijo-Goldstein-Wolfe )

 Wolfe-Condition is Achieved !

 Trial Count            :    26
 Original Energy (eV)   :   -127.530200577495
 Trial    Energy (eV)   :   -127.530200960947
 Diff     Energy (eV)   :   -0.000000383452

 Line Search Wtime	:  0.179726 s

-----------------------------------------------------------------------------

 Positive Definiteness ( TRUE )  :    0.000001

 Config RMS ( current_step - previous_step ) : 0.000001

 Finalising Optimisation Step ... 

#############################################################################
-----------------------------------------------------------------------------

 Cycle              :   15
 Gnorm  (eV/Angs)   :   0.000029
 Energy (eV)        :  -127.530200960947
 SCF Count          :   9

-----------------------------------------------------------------------------

 Lone Pair Molecular Orbital Info ( Lowest EigenValue / EigenVector Set )

-----------------------------------------------------------------------------
 Species.   Energy(eV)       s           px           py          pz 
-----------------------------------------------------------------------------
 Pb         10.556311    0.973835    -0.221212     0.008369    -0.051389
 Pb         10.479228    0.978774     0.082198     0.087647    -0.166022
 Pb          9.994910    0.974691    -0.074024    -0.030693     0.208702
 Pb         10.563142    0.973805     0.169324    -0.137042     0.065212
 Pb          9.989735    0.970389    -0.100867    -0.202864     0.083768
-----------------------------------------------------------------------------

 Initiate Line Search ( Armijo-Goldstein-Wolfe )

 Wolfe-Condition is Achieved !

 Trial Count            :    1
 Original Energy (eV)   :   -127.530200960947
 Trial    Energy (eV)   :   -127.530204078633
 Diff     Energy (eV)   :   -0.000003117686

 Line Search Wtime	:  0.049476 s

-----------------------------------------------------------------------------

 Positive Definiteness ( TRUE )  :    0.000003

 Config RMS ( current_step - previous_step ) : 0.000029

 Finalising Optimisation Step ... 

#############################################################################
-----------------------------------------------------------------------------

 Cycle              :   16
 Gnorm  (eV/Angs)   :   0.000146
 Energy (eV)        :  -127.530204078633
 SCF Count          :   10

-----------------------------------------------------------------------------

 Lone Pair Molecular Orbital Info ( Lowest EigenValue / EigenVector Set )

-----------------------------------------------------------------------------
 Species.   Energy(eV)       s           px           py          pz 
-----------------------------------------------------------------------------
 Pb         10.557042    0.973811    -0.221308     0.008398    -0.051427
 Pb         10.479210    0.978772     0.082185     0.087639    -0.166045
 Pb          9.996342    0.974687    -0.074047    -0.030643     0.208717
 Pb         10.563307    0.973802     0.169309    -0.137059     0.065260
 Pb          9.990291    0.970379    -0.100862    -0.202912     0.083774
-----------------------------------------------------------------------------

 Initiate Line Search ( Armijo-Goldstein-Wolfe )

 Wolfe-Condition is Achieved !

 Trial Count            :    27
 Original Energy (eV)   :   -127.530204078633
 Trial    Energy (eV)   :   -127.530205077103
 Diff     Energy (eV)   :   -0.000000998470

 Line Search Wtime	:  0.185725 s

-----------------------------------------------------------------------------

 Positive Definiteness ( TRUE )  :    0.000001

 Config RMS ( current_step - previous_step ) : 0.000002

 Finalising Optimisation Step ... 

#############################################################################
-----------------------------------------------------------------------------

 Cycle              :   17
 Gnorm  (eV/Angs)   :   0.000028
 Energy (eV)        :  -127.530205077103
 SCF Count          :   9

-----------------------------------------------------------------------------

 Lone Pair Molecular Orbital Info ( Lowest EigenValue / EigenVector Set )

-----------------------------------------------------------------------------
 Species.   Energy(eV)       s           px           py          pz 
-----------------------------------------------------------------------------
 Pb         10.556522    0.973820    -0.221270     0.008384    -0.051415
 Pb         10.479230    0.978772     0.082182     0.087629    -0.166048
 Pb          9.995293    0.974693    -0.074050    -0.030676     0.208683
 Pb         10.562782    0.973811     0.169270    -0.137045     0.065250
 Pb          9.989455    0.970393    -0.100839    -0.202860     0.083761
-----------------------------------------------------------------------------

 Initiate Line Search ( Armijo-Goldstein-Wolfe )

 Wolfe-Condition is Achieved !

 Trial Count            :    21
 Original Energy (eV)   :   -127.530205077103
 Trial    Energy (eV)   :   -127.530205167129
 Diff     Energy (eV)   :   -0.000000090026

 Line Search Wtime	:  0.150054 s

-----------------------------------------------------------------------------

 Positive Definiteness ( TRUE )  :    0.000000

 Config RMS ( current_step - previous_step ) : 0.000001

 Finalising Optimisation Step ... 

#############################################################################
-----------------------------------------------------------------------------

 Cycle              :   18
 Gnorm  (eV/Angs)   :   0.000032
 Energy (eV)        :  -127.530205167129
 SCF Count          :   9

-----------------------------------------------------------------------------

 Lone Pair Molecular Orbital Info ( Lowest EigenValue / EigenVector Set )

-----------------------------------------------------------------------------
 Species.   Energy(eV)       s           px           py          pz 
-----------------------------------------------------------------------------
 Pb         10.556356    0.973823    -0.221259     0.008380    -0.051412
 Pb         10.479236    0.978773     0.082181     0.087625    -0.166049
 Pb          9.994954    0.974695    -0.074051    -0.030687     0.208671
 Pb         10.562597    0.973815     0.169256    -0.137040     0.065248
 Pb          9.989167    0.970398    -0.100830    -0.202843     0.083756
-----------------------------------------------------------------------------

 Initiate Line Search ( Armijo-Goldstein-Wolfe )

 Wolfe-Condition is Achieved !

 Trial Count            :    23
 Original Energy (eV)   :   -127.530205167129
 Trial    Energy (eV)   :   -127.530205253317
 Diff     Energy (eV)   :   -0.000000086188

 Line Search Wtime	:  0.160122 s

-----------------------------------------------------------------------------

 Positive Definiteness ( TRUE )  :    0.000000

 Config RMS ( current_step - previous_step ) : 0.000001

 Finalising Optimisation Step ... 

#############################################################################
-----------------------------------------------------------------------------

 Cycle              :   19
 Gnorm  (eV/Angs)   :   0.000027
 Energy (eV)        :  -127.530205253317
 SCF Count          :   9

-----------------------------------------------------------------------------

 Lone Pair Molecular Orbital Info ( Lowest EigenValue / EigenVector Set )

-----------------------------------------------------------------------------
 Species.   Energy(eV)       s           px           py          pz 
-----------------------------------------------------------------------------
 Pb         10.556525    0.973820    -0.221272     0.008385    -0.051416
 Pb         10.479229    0.978772     0.082181     0.087628    -0.166049
 Pb          9.995287    0.974694    -0.074051    -0.030676     0.208681
 Pb         10.562752    0.973812     0.169267    -0.137045     0.065252
 Pb          9.989424    0.970394    -0.100837    -0.202859     0.083760
-----------------------------------------------------------------------------

 Initiate Line Search ( Armijo-Goldstein-Wolfe )

 Wolfe-Condition is Achieved !

 Trial Count            :    20
 Original Energy (eV)   :   -127.530205253317
 Trial    Energy (eV)   :   -127.530205344379
 Diff     Energy (eV)   :   -0.000000091063

 Line Search Wtime	:  0.144984 s

-----------------------------------------------------------------------------

 Positive Definiteness ( TRUE )  :    0.000000

 Config RMS ( current_step - previous_step ) : 0.000001

 Finalising Optimisation Step ... 

#############################################################################
-----------------------------------------------------------------------------

 Cycle              :   20
 Gnorm  (eV/Angs)   :   0.000035
 Energy (eV)        :  -127.530205344379
 SCF Count          :   9

-----------------------------------------------------------------------------

 Lone Pair Molecular Orbital Info ( Lowest EigenValue / EigenVector Set )

-----------------------------------------------------------------------------
 Species.   Energy(eV)       s           px           py          pz 
-----------------------------------------------------------------------------
 Pb         10.556350    0.973823    -0.221260     0.008380    -0.051413
 Pb         10.479235    0.978773     0.082180     0.087623    -0.166051
 Pb          9.994929    0.974696    -0.074052    -0.030687     0.208669
 Pb         10.562557    0.973815     0.169252    -0.137040     0.065250
 Pb          9.989123    0.970399    -0.100827    -0.202841     0.083755
-----------------------------------------------------------------------------

 Initiate Line Search ( Armijo-Goldstein-Wolfe )

 Wolfe-Condition is Achieved !

 Trial Count            :    24
 Original Energy (eV)   :   -127.530205344379
 Trial    Energy (eV)   :   -127.530205433057
 Diff     Energy (eV)   :   -0.000000088677

 Line Search Wtime	:  0.165622 s

-----------------------------------------------------------------------------

 Positive Definiteness ( TRUE )  :    0.000000

 Config RMS ( current_step - previous_step ) : 0.000001

 Finalising Optimisation Step ... 

#############################################################################

 Optimisation Meets Termination Condition, Final Configuration is

 Geometric Derivatives ( eV / Angstrom )

-----------------------------------------------------------------------------
 Species.        x           y           z          |r| 
-----------------------------------------------------------------------------
  F  c   9.640766e-07  -2.141458e-04   1.472098e-05   2.146533e-04
  F  s   4.706704e-05  -1.484967e-04  -7.470419e-05   1.727637e-04
  F  c   1.231851e-04  -1.227948e-04   3.423419e-04   3.839936e-04
  F  s   2.776041e-04  -4.179472e-04   2.206443e-04   5.481130e-04
  F  c   1.815046e-04   8.126199e-05  -2.096443e-05   1.999673e-04
  F  s   3.729700e-04   1.212980e-04   7.664937e-05   3.996185e-04
  F  c  -2.143819e-04  -7.957499e-05  -2.327951e-04   3.263209e-04
  F  s  -6.452043e-04  -1.599091e-04   1.519742e-05   6.648989e-04
  F  c  -2.117392e-04   6.216279e-05   2.258969e-04   3.157960e-04
  F  s  -2.173355e-04   1.814259e-04   1.023112e-04   3.010276e-04
  F  c  -5.473736e-05  -8.644451e-05  -9.184765e-05   1.374948e-04
  F  s   8.745071e-05  -7.679792e-06  -1.374413e-04   1.630850e-04
  F  c   2.084681e-05  -3.625729e-04   7.373034e-05   3.705804e-04
  F  s   2.638102e-04   4.865930e-05  -1.247296e-04   2.958395e-04
  F  c   1.515545e-04  -2.696479e-04   1.156812e-04   3.302437e-04
  F  s  -1.417969e-05  -6.849641e-05   9.344983e-05   1.167291e-04
  F  c  -2.183860e-04   6.037987e-04  -2.526559e-04   6.900002e-04
  F  s  -1.275440e-04   3.418170e-04   2.165615e-04   4.242702e-04
  F  c   3.158929e-04   3.550640e-04  -1.155351e-04   4.890881e-04
  F  s  -4.813522e-06   1.522680e-04  -3.150418e-04   3.499429e-04
 Pb     -1.300531e-04   1.527480e-05   1.135429e-04   1.733179e-04
 Pb     -1.611549e-04  -1.746299e-04  -9.682083e-06   2.378239e-04
 Pb      1.211812e-04  -3.123958e-04  -3.412354e-05   3.368092e-04
 Pb     -5.174183e-05   1.224525e-04  -2.391165e-05   1.350689e-04
 Pb      8.724003e-05   3.392528e-04  -1.772954e-04   3.926028e-04
-----------------------------------------------------------------------------

 Cycle              :   20
 Gnorm  (eV/Angs)   :   0.000024
 Energy (eV)        :  -127.530205433053

-----------------------------------------------------------------------------

 Lone Pair Molecular Orbital ( Lowest Eigenvalue / EigenVector )

-----------------------------------------------------------------------------
 Species.   Energy(eV)       s           px           py          pz 
-----------------------------------------------------------------------------
 Pb         10.556517    0.973819    -0.221273     0.008385    -0.051417
 Pb         10.479228    0.978772     0.082181     0.087626    -0.166051
 Pb          9.995262    0.974694    -0.074052    -0.030677     0.208679
 Pb         10.562712    0.973813     0.169263    -0.137044     0.065254
 Pb          9.989378    0.970395    -0.100834    -0.202857     0.083759
-----------------------------------------------------------------------------

 CONFIGURATION_XYZ_INFO ( final / number of atoms )   :   25
	15
 SCF DONE -127.530205
  F    1.754566    0.007656    1.831569
  F    1.652379    5.256600    2.808706
  F    0.553666    2.112360    0.430535
  F    4.698429    3.251398    1.126825
  F    3.663010    1.260568    4.455429
  F    0.032988    2.609662    3.366903
  F    2.531373    2.569628    2.418751
  F    4.467801    0.653128    1.605922
  F    2.214214    4.180141    0.381814
  F    4.527537    4.188516    3.667567
 Pb    5.210620    2.111058    3.103582
 Pb    1.537590    1.010099    3.799633
 Pb    2.733706    1.476967    0.392332
 Pb    0.238791    3.962272    1.613429
 Pb    3.667936    5.152243    1.837798

 CONFIGURATION_XYZ_SC_INFO
 20	5
  F  c    1.754566    0.007656    1.831569
  F  s    1.787357    0.134461    1.879708
  F  c    1.652379    5.256600    2.808706
  F  s    1.691337    5.187951    2.693658
  F  c    0.553666    2.112360    0.430535
  F  s    0.636661    2.192269    0.497224
  F  c    4.698429    3.251398    1.126825
  F  s    4.647491    3.282345    1.229525
  F  c    3.663010    1.260568    4.455429
  F  s    3.637721    1.295818    4.345743
  F  c    0.032988    2.609662    3.366903
  F  s    0.124035    2.601788    3.292252
  F  c    2.531373    2.569628    2.418751
  F  s    2.508243    2.480584    2.385057
  F  c    4.467801    0.653128    1.605922
  F  s    4.431751    0.777621    1.636715
  F  c    2.214214    4.180141    0.381814
  F  s    2.214935    4.191897    0.500306
  F  c    4.527537    4.188516    3.667567
  F  s    4.517187    4.137805    3.538039
 Pb       5.210620    2.111058    3.103582
 Pb       1.537590    1.010099    3.799633
 Pb       2.733706    1.476967    0.392332
 Pb       0.238791    3.962272    1.613429
 Pb       3.667936    5.152243    1.837798

-----------------------------------------------------------------------------
#############################################################################

 Computation Wtime :    2.969336 s

 Date		   :	2022-02-04 05:31:36

 output xyz 	   :	slam.xyz
 next config	   :	geo.txt.next

#############################################################################
