############################################################
#                                                          #
#                     COMPARE CLUSTERS                     #
#                                                          #
#                     Python Version 1                     #
#                        23.01.2020                        #
#                                                          #
#                     Scott M Woodley                      #
#                       Woongkyu Jee                       #
#                                                          #
############################################################
============================================================
                                                            
 RESULTS FROM COMPARING CLUSTERS                            
                                                            
 Using recentred / rotated structural data                  
                                                            
 CLUSTER FILE INPUTS :
                                                            
 CLUSTER 1 :  B1497.xyz
 CLUSTER 2 :  out.xyz
                                                            
============================================================
                                                            
 Degeneracy in the pricipal moment of inertia :  1         
                                                            
 Principal Moment of Inertia
                                                            
 CLUSTER 1 :    60.784256  114.252796  134.463619
 CLUSTER 2 :    58.627950   70.873642   83.872465
                                                            
 RMS PMOI  :     1.481718
                                                            
============================================================
                                                            
 Final Cluster Configurations ( Recentred / Rotated ) 
                                                            
 CLUSTER 1 :
                                                            
  F    0.952545    0.421486   -0.635731
  F   -0.054512    3.288885   -0.381125
  F   -1.533486    0.940438    0.600426
  F   -2.970830    0.391092   -1.926413
  F   -5.261404   -0.826451    1.640414
  F    1.452842   -0.486496    1.575089
  F    3.143196   -2.529412    0.421122
  F   -1.593225   -2.239856   -0.141773
  F    3.093937    1.919064    1.101953
  F    2.206996   -1.221571   -1.933227
 Pb   -3.424782   -0.683781    0.229738
 Pb   -0.892189    1.534636   -1.781517
 Pb    0.801647   -2.173935   -0.149659
 Pb    0.672900    1.837902    1.446196
 Pb    3.406368   -0.172003   -0.065495
                                                            
 CLUSTER 2 :
                                                            
  F    0.217059    2.525387   -1.208036
  F   -2.003958    1.579130    1.418530
  F   -0.604538   -0.000166   -0.222910
  F   -2.780857   -0.002103   -1.643961
  F   -1.999120   -1.585646    1.416435
  F    0.943671   -1.523801    1.410028
  F    3.278104    0.004128    0.472692
  F    0.224249   -2.524864   -1.207716
  F    0.938647    1.525989    1.409888
  F    1.674672    0.001515   -1.663357
 Pb   -1.848160   -1.873439   -0.781777
 Pb   -1.853686    1.870540   -0.779278
 Pb    2.171105   -1.785579   -0.387296
 Pb   -0.522784   -0.001432    2.154305
 Pb    2.165595    1.790339   -0.387547
                                                            
 RMS CONFIG:     0.183450
                                                            
============================================================
                                                            
 Scaling Factor
                                                            
 Calculating optimised expansion coefficient (Etha)
 on 'cluster 2' with respect to 'cluster 1'
                                                            
 ( Etha          )(x2)   (x1)
 (      Etha     )(y2) = (y1)  Find optimised 'Etha' value
 (          Etha )(z2)   (z1)
                                                            
 Scaling Factor(Etha) Optimisation Log 
                                                            
  Cycle:   1  Gnorm:    31.843044  Etha:     1.000000
  Cycle:   5  Gnorm:    14.044582  Etha:     1.083414
  Cycle:   9  Gnorm:     8.226572  Etha:     1.110681
  Cycle:  13  Gnorm:     4.818690  Etha:     1.126652
  Cycle:  17  Gnorm:     2.822533  Etha:     1.136008
  Cycle:  21  Gnorm:     1.653290  Etha:     1.141487
  Cycle:  25  Gnorm:     0.968410  Etha:     1.144697
  Cycle:  29  Gnorm:     0.567243  Etha:     1.146577
  Cycle:  33  Gnorm:     0.332261  Etha:     1.147679
  Cycle:  37  Gnorm:     0.194621  Etha:     1.148324
  Cycle:  41  Gnorm:     0.113999  Etha:     1.148702
  Cycle:  45  Gnorm:     0.066774  Etha:     1.148923
  Cycle:  49  Gnorm:     0.039113  Etha:     1.149052
  Cycle:  53  Gnorm:     0.022910  Etha:     1.149128
  Cycle:  57  Gnorm:     0.013420  Etha:     1.149173
  Cycle:  61  Gnorm:     0.007860  Etha:     1.149199
  Cycle:  65  Gnorm:     0.004604  Etha:     1.149214
  Cycle:  69  Gnorm:     0.002697  Etha:     1.149223
  Cycle:  73  Gnorm:     0.001580  Etha:     1.149228
  Cycle:  77  Gnorm:     0.000925  Etha:     1.149231
  Cycle:  81  Gnorm:     0.000542  Etha:     1.149233
  Cycle:  85  Gnorm:     0.000317  Etha:     1.149234
  Cycle:  89  Gnorm:     0.000186  Etha:     1.149235
  Cycle:  93  Gnorm:     0.000109  Etha:     1.149235
  Cycle:  97  Gnorm:     0.000064  Etha:     1.149235
  Cycle: 101  Gnorm:     0.000037  Etha:     1.149236
  Cycle: 105  Gnorm:     0.000022  Etha:     1.149236
  Cycle: 109  Gnorm:     0.000013  Etha:     1.149236
  Cycle: 113  Gnorm:     0.000008  Etha:     1.149236
  Cycle: 117  Gnorm:     0.000004  Etha:     1.149236
  Cycle: 121  Gnorm:     0.000003  Etha:     1.149236
  Cycle: 125  Gnorm:     0.000001  Etha:     1.149236
                                                            
 Scaling Factor :     1.149236
                                                            
============================================================
############################################################
#               COMPLETE SUCCESS - ALL DONE                #
############################################################
#             THANK YOU FOR USING CF-CLUSTERS              #
############################################################
