	15
normal_mode_# 1 - Freq(cm^-1): 599.9591
  F -0.058057 -0.014520 -0.183002
  F  0.034594  0.227410  0.102857
  F  0.085318  0.176020  0.194136
  F  0.033529  0.053800  0.058527
  F  0.126628  0.163073  0.181580
  F  0.018052  0.042424  0.019629
  F  0.141728  0.020614  0.283870
  F  0.044242  0.081779  0.067464
  F  0.051647  0.047069  0.310428
  F  0.143012  0.194651  0.071340
 Pb -0.025475 -0.313002  0.237044
 Pb -0.240099  0.209807 -0.091168
 Pb -0.122666 -0.119004 -0.112818
 Pb  0.231093  0.068328 -0.228215
 Pb -0.030887 -0.146765 -0.139964

#--

	15
normal_mode_# 2 - Freq(cm^-1): 571.8688
  F  0.002025  0.015223 -0.008337
  F -0.156092 -0.271222  0.117802
  F -0.195718 -0.119662 -0.320672
  F -0.073600  0.069544 -0.325134
  F -0.081827 -0.153941 -0.351948
  F  0.029408  0.089878  0.008153
  F  0.093599 -0.029160  0.168434
  F -0.024242 -0.086529  0.003904
  F  0.002837 -0.001748  0.193868
  F  0.029022 -0.327687  0.064737
 Pb -0.009907 -0.060202  0.028176
 Pb -0.127672  0.002944 -0.079479
 Pb -0.077772  0.231174  0.210420
 Pb  0.051853 -0.050954 -0.131051
 Pb  0.276987  0.123974  0.107992

#--

	15
normal_mode_# 3 - Freq(cm^-1): 553.9066
  F -0.111072  0.033602  0.031910
  F -0.132987 -0.241123  0.095023
  F -0.222072 -0.110685 -0.330705
  F -0.401528  0.121128  0.116131
  F  0.063791  0.158347  0.374550
  F -0.218713  0.065898  0.063505
  F -0.084713  0.093602 -0.057759
  F -0.076056  0.023289  0.021490
  F -0.077751 -0.043295  0.104185
  F -0.016618  0.287945 -0.052301
 Pb  0.079151 -0.024443 -0.022954
 Pb  0.088344  0.041645  0.032580
 Pb -0.002138 -0.190949 -0.202985
 Pb  0.024980 -0.075541 -0.064979
 Pb  0.196655  0.131546  0.147492

#--

	15
normal_mode_# 4 - Freq(cm^-1): 538.3012
  F  0.063015 -0.017663 -0.014335
  F -0.072097 -0.158228 -0.193663
  F -0.063999 -0.027786 -0.135939
  F -0.012529  0.001591  0.007846
  F  0.036585  0.035092  0.146227
  F  0.182127 -0.053575 -0.051640
  F  0.189678 -0.220074  0.471388
  F  0.048168 -0.013902 -0.015753
  F  0.011483  0.156695 -0.517980
  F  0.128802  0.147291  0.185330
 Pb  0.079059 -0.023614 -0.025319
 Pb -0.164769  0.084135 -0.208056
 Pb -0.023083 -0.015434 -0.052711
 Pb -0.058056 -0.019599  0.265583
 Pb  0.012097  0.020135  0.056491

#--

	15
normal_mode_# 5 - Freq(cm^-1): 537.0388
  F -0.078370 -0.041625 -0.231971
  F -0.134790 -0.133638 -0.231747
  F -0.018413  0.048386 -0.039608
  F -0.028381  0.159256 -0.268126
  F  0.020401  0.038440 -0.044876
  F -0.040302 -0.082570 -0.070183
  F -0.174903  0.174465 -0.348029
  F  0.025249 -0.038274  0.119937
  F  0.040942  0.116617 -0.430862
  F -0.082908 -0.140458 -0.238134
 Pb  0.032125 -0.033460  0.140998
 Pb  0.090988  0.058887  0.212495
 Pb -0.228019  0.000368  0.037022
 Pb  0.069056  0.064473  0.228533
 Pb  0.178439 -0.120743 -0.079122

#--

	15
normal_mode_# 6 - Freq(cm^-1): 525.9708
  F  0.019435  0.181071 -0.122371
  F  0.069575  0.152497 -0.064241
  F -0.032542 -0.031419 -0.322283
  F -0.004685  0.008314 -0.026386
  F -0.152372  0.004221 -0.288401
  F  0.005960  0.034446 -0.018346
  F -0.154338  0.425002 -0.084531
  F -0.047704  0.119698 -0.287243
  F  0.284752  0.293492 -0.212343
  F -0.002612  0.171693 -0.043481
 Pb -0.059788 -0.243387  0.047607
 Pb  0.013657 -0.043317  0.048083
 Pb  0.138135 -0.076350  0.116202
 Pb -0.008227 -0.036405  0.054497
 Pb -0.079305 -0.012097  0.178643

#--

	15
normal_mode_# 7 - Freq(cm^-1): 508.6344
  F -0.005850  0.002111  0.002452
  F -0.151637 -0.395992  0.012365
  F  0.028557 -0.048268 -0.057543
  F  0.649786 -0.195030 -0.190398
  F  0.072708  0.017582  0.026996
  F  0.049195 -0.014501 -0.014108
  F  0.007859 -0.007964 -0.053346
  F  0.158054 -0.047315 -0.046196
  F  0.035528 -0.005753  0.042275
  F  0.091979  0.420468  0.006732
 Pb -0.053261  0.016369  0.014933
 Pb -0.007092 -0.024488  0.017116
 Pb -0.142170 -0.119235  0.083091
 Pb -0.001604  0.026107 -0.015752
 Pb -0.079404  0.184474 -0.017327

#--

	15
normal_mode_# 8 - Freq(cm^-1): 503.7382
  F  0.018238 -0.004395  0.065487
  F  0.222573  0.543471  0.082933
  F -0.048740  0.012479  0.005506
  F -0.051884  0.167832 -0.340018
  F  0.041777 -0.015158 -0.022250
  F  0.020233  0.065329  0.003361
  F  0.047418 -0.070857  0.006618
  F  0.016164  0.042429  0.015017
  F -0.066989 -0.036787  0.039137
  F  0.161406  0.554803  0.099587
 Pb  0.001469  0.088969 -0.088982
 Pb -0.030596 -0.075885 -0.042208
 Pb -0.122792 -0.128332  0.121820
 Pb -0.038302 -0.074077 -0.040008
 Pb  0.081077 -0.192011  0.062822

#--

	15
normal_mode_# 9 - Freq(cm^-1): 480.1302
  F -0.165429  0.048935  0.048146
  F -0.141378 -0.234451 -0.069712
  F  0.078508  0.075654  0.320228
  F -0.070437  0.021200  0.020423
  F -0.141102 -0.057325 -0.301679
  F -0.531151  0.162603  0.153721
  F -0.010407  0.073510  0.104432
  F -0.319507  0.096310  0.092186
  F -0.096893 -0.040511 -0.075938
  F  0.055459  0.259944  0.094310
 Pb  0.066502 -0.019745 -0.019697
 Pb  0.080576 -0.022093 -0.105595
 Pb  0.093497 -0.058884  0.105724
 Pb  0.122273 -0.040036  0.047776
 Pb  0.043501  0.017901 -0.145145

#--

	15
normal_mode_# 10 - Freq(cm^-1): 468.4055
  F -0.108494  0.029731  0.032047
  F  0.117550  0.271863 -0.009186
  F -0.116734 -0.055858 -0.086398
  F  0.385099 -0.116640 -0.108938
  F -0.007019  0.092417  0.124051
  F -0.549561  0.176113  0.157430
  F -0.045705  0.091055  0.092135
  F  0.282292 -0.084428 -0.082357
  F -0.126723 -0.038596 -0.051753
  F -0.051237 -0.292859 -0.010008
 Pb  0.118410 -0.034406 -0.035389
 Pb  0.105069  0.053743 -0.050816
 Pb -0.117499  0.090434 -0.025258
 Pb  0.078870 -0.112985  0.001179
 Pb -0.118105 -0.018843  0.093042

#--

	15
normal_mode_# 11 - Freq(cm^-1): 466.3665
  F  0.082586  0.305252 -0.024626
  F  0.070300  0.047632  0.198476
  F  0.157373  0.042976  0.170216
  F -0.016194  0.017838 -0.099448
  F -0.007308  0.094551  0.217654
  F -0.093052 -0.412297  0.153814
  F -0.103519  0.301845  0.110946
  F  0.013573 -0.144299  0.183996
  F  0.274866  0.182415 -0.002506
  F  0.071032  0.039232  0.198060
 Pb -0.034032 -0.158869  0.034892
 Pb  0.182467 -0.098048 -0.170743
 Pb -0.101385  0.068293 -0.053514
 Pb -0.259519  0.031208 -0.041267
 Pb  0.076199  0.013621 -0.104490

#--

	15
normal_mode_# 12 - Freq(cm^-1): 461.2634
  F  0.039012  0.087105  0.030757
  F  0.017109  0.050018  0.221492
  F  0.039983  0.039948  0.240446
  F  0.012506 -0.043447  0.109121
  F  0.112389  0.016750  0.217872
  F  0.116390  0.449863 -0.107249
  F -0.165052  0.283054 -0.265152
  F  0.007355 -0.089936  0.130475
  F  0.134810  0.197179 -0.350272
  F  0.122716  0.024963  0.188152
 Pb -0.020053 -0.028807 -0.030552
 Pb -0.150939 -0.171487  0.074791
 Pb -0.026409  0.066716 -0.085884
 Pb  0.051433 -0.230756  0.014140
 Pb  0.013585  0.056842 -0.098392

#--

	15
normal_mode_# 13 - Freq(cm^-1): 444.1365
  F  0.281378 -0.085136 -0.081329
  F  0.056580  0.137690  0.333344
  F -0.003604  0.124987  0.253440
  F  0.157473 -0.047224 -0.046144
  F -0.190275 -0.067432 -0.197236
  F  0.300997 -0.090580 -0.087575
  F -0.039292  0.177439  0.179692
  F -0.228244  0.069245  0.065703
  F -0.208127 -0.103730 -0.106286
  F -0.197053 -0.097845 -0.295583
 Pb  0.198433 -0.059906 -0.058220
 Pb -0.028180  0.179005  0.102789
 Pb  0.006724 -0.067525  0.068103
 Pb -0.161049 -0.120694 -0.047146
 Pb  0.005705  0.063819 -0.070938

#--

	15
normal_mode_# 14 - Freq(cm^-1): 423.9896
  F -0.164135  0.047558  0.049241
  F -0.057332 -0.123540 -0.259821
  F -0.058355  0.043711  0.028485
  F  0.010920 -0.003010 -0.003817
  F -0.073637 -0.002344  0.013533
  F  0.303452 -0.089997 -0.088498
  F -0.235203  0.476473 -0.119505
  F  0.065603 -0.019917 -0.018855
  F -0.347325 -0.298659  0.289147
  F  0.150501  0.093916  0.230914
 Pb  0.195938 -0.059695 -0.058604
 Pb -0.057996 -0.116174  0.000821
 Pb -0.014043  0.035776 -0.014996
 Pb  0.019341  0.127899  0.011111
 Pb -0.020623 -0.025362  0.025113

#--

	15
normal_mode_# 15 - Freq(cm^-1): 392.4191
  F -0.009479 -0.397924  0.380783
  F -0.067680 -0.141393 -0.212040
  F -0.024020  0.119166  0.284903
  F -0.032648  0.081826 -0.194511
  F  0.218797  0.046379  0.214079
  F  0.026806  0.089934  0.003513
  F -0.048575  0.235767  0.212455
  F  0.008461 -0.019392  0.046996
  F  0.266725  0.148049  0.120278
  F -0.130760 -0.123160 -0.196251
 Pb -0.106613 -0.099754 -0.257501
 Pb  0.006157  0.057949  0.023970
 Pb -0.019827 -0.003098  0.015227
 Pb  0.037255  0.047981  0.014715
 Pb  0.020112 -0.014904  0.003712

#--

	15
normal_mode_# 16 - Freq(cm^-1): 331.5062
  F  0.633993 -0.188469 -0.183195
  F -0.107889 -0.150470  0.012859
  F -0.131760  0.174799  0.115718
  F -0.206865  0.062308  0.059098
  F -0.239459 -0.062703 -0.006798
  F -0.175207  0.052458  0.051092
  F  0.002948  0.123390  0.062743
  F  0.423671 -0.128194 -0.122566
  F -0.093973 -0.096889 -0.036942
  F -0.006284  0.184401  0.018841
 Pb -0.024059  0.007070  0.006886
 Pb  0.003738 -0.009477  0.004454
 Pb -0.003957  0.017254 -0.001922
 Pb  0.005621  0.006808 -0.007061
 Pb -0.010830 -0.012819  0.006484

#--

	15
normal_mode_# 17 - Freq(cm^-1): 319.2078
  F  0.143248  0.620724 -0.158311
  F -0.056899 -0.075146 -0.232854
  F  0.219062 -0.045519  0.281663
  F -0.056426  0.082381 -0.291968
  F -0.035323  0.031647  0.362826
  F -0.028833 -0.057720 -0.036781
  F  0.058111 -0.130795  0.043207
  F -0.069269 -0.134069 -0.075867
  F -0.086934 -0.086940  0.086681
  F -0.114856 -0.059813 -0.215755
 Pb -0.004651 -0.005277 -0.010205
 Pb -0.027678 -0.010091  0.016674
 Pb  0.024678 -0.006308  0.026877
 Pb  0.022903 -0.024680  0.002349
 Pb -0.007118  0.002842  0.036041

#--

	15
normal_mode_# 18 - Freq(cm^-1): 313.5412
  F  0.445780 -0.140468 -0.124599
  F -0.024949  0.053985  0.008162
  F -0.095036  0.064383 -0.364342
  F  0.298962 -0.090634 -0.084908
  F  0.082779 -0.057263  0.364554
  F -0.112247  0.033535  0.033809
  F -0.088560  0.075051 -0.027047
  F -0.519447  0.158442  0.149742
  F -0.088716 -0.021675  0.071746
  F -0.047642 -0.031832  0.018488
 Pb -0.008060  0.002236  0.002398
 Pb -0.007697 -0.027520 -0.018993
 Pb  0.032188  0.016136  0.005954
 Pb  0.017788  0.025120  0.015513
 Pb  0.011704 -0.029280 -0.018956

#--

	15
normal_mode_# 19 - Freq(cm^-1): 307.7372
  F  0.136734  0.037874  0.445393
  F -0.033275 -0.057241  0.127517
  F -0.016557  0.240689  0.131735
  F -0.000849 -0.005343  0.008913
  F  0.198706  0.176763  0.064210
  F -0.048029 -0.273714  0.113347
  F -0.015205 -0.141038 -0.405182
  F -0.035622  0.169978 -0.311289
  F -0.260198 -0.065365 -0.334294
  F  0.057165 -0.084563  0.101400
 Pb -0.006427 -0.029476  0.008319
 Pb -0.013405  0.016453 -0.020222
 Pb  0.003876  0.002905  0.029225
 Pb  0.007763  0.009725 -0.026678
 Pb  0.013137  0.000512  0.026732

#--

	15
normal_mode_# 20 - Freq(cm^-1): 293.5197
  F -0.151784 -0.150561 -0.372967
  F -0.090335 -0.077450  0.055602
  F  0.114436  0.076484  0.172365
  F  0.061492 -0.051194  0.266089
  F  0.043594  0.098709  0.192793
  F  0.026770  0.147958 -0.058430
  F -0.074689 -0.010316  0.158012
  F -0.090958  0.310070 -0.637893
  F  0.125813 -0.070342  0.100832
  F  0.052385 -0.119783  0.014778
 Pb  0.004759  0.017188 -0.001543
 Pb  0.016296 -0.026355 -0.009051
 Pb -0.036516 -0.000557  0.031033
 Pb -0.029628 -0.012690  0.004318
 Pb  0.040669 -0.023791  0.008544

#--

	15
normal_mode_# 21 - Freq(cm^-1): 279.7745
  F -0.104645 -0.381036  0.037058
  F  0.031979 -0.100342  0.092559
  F  0.266607  0.112941  0.035453
  F -0.116440  0.137237 -0.540046
  F -0.110123  0.226666  0.143377
  F  0.122477  0.453606 -0.048454
  F -0.103258 -0.112982 -0.059381
  F -0.015879 -0.112654  0.057602
  F -0.016637 -0.141060 -0.086207
  F -0.027944 -0.082576  0.109667
 Pb  0.021283 -0.009689  0.083152
 Pb  0.032088 -0.005937 -0.030674
 Pb  0.045868 -0.012551  0.005607
 Pb -0.040955  0.015753 -0.009508
 Pb -0.035901  0.012256  0.029428

#--

	15
normal_mode_# 22 - Freq(cm^-1): 263.7895
  F  0.090532 -0.105033  0.439522
  F  0.158481  0.102410 -0.396387
  F  0.118620 -0.192753  0.011680
  F  0.015120 -0.184745  0.254521
  F -0.164959 -0.114639  0.100810
  F  0.096129  0.291646  0.025728
  F  0.100861  0.008334 -0.028974
  F -0.083606 -0.087960 -0.204414
  F -0.093245  0.053231  0.011565
  F -0.260447  0.231893 -0.293296
 Pb  0.014504 -0.019796  0.072760
 Pb  0.014006 -0.017195 -0.025794
 Pb -0.031804  0.030678  0.005312
 Pb -0.030073 -0.002406 -0.012645
 Pb  0.039758  0.008149 -0.015840

#--

	15
normal_mode_# 23 - Freq(cm^-1): 258.9968
  F -0.169284  0.053559  0.040429
  F  0.035222 -0.094732  0.420390
  F  0.243653  0.073143 -0.237682
  F -0.112720  0.037956  0.028226
  F  0.254571 -0.214874  0.090044
  F  0.026059 -0.016211 -0.008658
  F  0.049159  0.259084  0.318506
  F  0.080197 -0.021750 -0.020172
  F -0.250979 -0.197934 -0.258104
  F -0.121956  0.113089 -0.378544
 Pb -0.026923  0.008612  0.005692
 Pb  0.006810 -0.038261 -0.010758
 Pb -0.001620  0.022760  0.012160
 Pb  0.031291  0.027244  0.000806
 Pb -0.020366 -0.017420 -0.005807

#--

	15
normal_mode_# 24 - Freq(cm^-1): 242.9540
  F  0.115319 -0.070271 -0.073939
  F  0.084618  0.111923 -0.377820
  F  0.277011  0.048447  0.242396
  F -0.006017  0.003311 -0.010999
  F  0.203532 -0.221445 -0.309248
  F -0.088366  0.015487  0.024879
  F  0.102024  0.241477  0.197705
  F -0.273782  0.124522  0.117817
  F -0.139712 -0.279198 -0.213537
  F  0.175792 -0.134392  0.223717
 Pb -0.067839  0.017529  0.030822
 Pb  0.006450  0.003322  0.027678
 Pb -0.056282 -0.018478 -0.065325
 Pb -0.019491 -0.005884 -0.030653
 Pb  0.001468  0.052034  0.091321

#--

	15
normal_mode_# 25 - Freq(cm^-1): 243.7607
  F -0.136158 -0.176377 -0.203902
  F -0.002102  0.151915 -0.185293
  F -0.442345  0.025101  0.303420
  F -0.018161  0.012983 -0.074445
  F  0.439161 -0.197521  0.135697
  F -0.005334 -0.061866 -0.003288
  F -0.162220 -0.141498 -0.069643
  F  0.164483  0.196878  0.182087
  F  0.049519 -0.117168 -0.059642
  F -0.066980  0.206971 -0.266061
 Pb  0.023157 -0.023836  0.062006
 Pb  0.005319 -0.022313 -0.027190
 Pb  0.053379  0.042132  0.028113
 Pb -0.023961 -0.010686 -0.008533
 Pb -0.002966  0.045377  0.018251

#--

	15
normal_mode_# 26 - Freq(cm^-1): 224.8905
  F  0.130135 -0.037791 -0.036686
  F -0.024058 -0.165633 -0.004683
  F  0.424742 -0.233387 -0.137063
  F -0.197820  0.059745  0.058293
  F  0.483825 -0.039934 -0.128383
  F -0.257951  0.077976  0.075404
  F -0.193991  0.025579 -0.311274
  F  0.045887 -0.014369 -0.013091
  F  0.003517  0.031620  0.365341
  F  0.069756  0.150711 -0.008612
 Pb  0.026142 -0.008030 -0.008134
 Pb -0.051831  0.078381 -0.007494
 Pb -0.010909  0.035166  0.021868
 Pb -0.072656 -0.040790  0.043562
 Pb -0.036425 -0.021324 -0.008238

#--

	15
normal_mode_# 27 - Freq(cm^-1): 220.5856
  F -0.081325 -0.143487 -0.132227
  F  0.122666  0.235746  0.030775
  F  0.179129  0.007293  0.051816
  F -0.048019 -0.239129  0.084055
  F -0.097083  0.088176  0.130773
  F -0.076276 -0.279980  0.026102
  F -0.368493  0.019230 -0.025825
  F -0.179249 -0.510665 -0.086268
  F  0.257577 -0.168615 -0.206664
  F  0.049105  0.258481  0.052208
 Pb  0.004646  0.034913 -0.020609
 Pb -0.026213  0.059731  0.006851
 Pb  0.017034  0.046248  0.026915
 Pb  0.052349  0.035851 -0.015894
 Pb  0.024761  0.043867  0.025066

#--

	15
normal_mode_# 28 - Freq(cm^-1): 204.4003
  F -0.006724 -0.165015  0.076322
  F  0.050635  0.044957 -0.073049
  F  0.062121 -0.566349  0.023283
  F -0.043876  0.067911 -0.274692
  F -0.137409  0.007875  0.196568
  F -0.035532 -0.310992  0.161236
  F -0.119161  0.343793  0.109903
  F  0.195840  0.326547 -0.124892
  F -0.033864  0.139925 -0.097794
  F -0.011310 -0.097106  0.096279
 Pb -0.005965  0.068325  0.035625
 Pb -0.037395  0.014749  0.001430
 Pb  0.041731 -0.019093  0.009483
 Pb  0.020307 -0.019642 -0.023768
 Pb  0.005031  0.017405 -0.051236

#--

	15
normal_mode_# 29 - Freq(cm^-1): 204.5000
  F -0.045934 -0.087296  0.057221
  F -0.023822 -0.145448  0.148206
  F  0.197046  0.212869  0.103243
  F -0.057526  0.050819 -0.156943
  F -0.301436 -0.534923  0.047614
  F -0.042455 -0.179088  0.103703
  F  0.124994 -0.058665 -0.208153
  F -0.147387  0.278049  0.001810
  F  0.385239  0.171040  0.038809
  F -0.049036  0.142275 -0.103566
 Pb  0.069774  0.018930  0.000222
 Pb -0.020770 -0.010844 -0.009604
 Pb -0.047120  0.039952 -0.056953
 Pb  0.028373  0.002681 -0.009057
 Pb -0.043238 -0.005516  0.066234

#--

	15
normal_mode_# 30 - Freq(cm^-1): 180.5596
  F  0.163181  0.261585  0.294008
  F  0.087718 -0.134743 -0.053583
  F -0.040015  0.062383 -0.119919
  F  0.004880 -0.002891  0.019402
  F -0.001410  0.048189 -0.131308
  F -0.021851  0.077618 -0.153616
  F -0.501574 -0.078826  0.211457
  F  0.095209  0.259846  0.060205
  F  0.418843 -0.355166 -0.055050
  F -0.158099 -0.059326  0.017272
 Pb  0.014930  0.029064  0.020457
 Pb -0.012986 -0.000358 -0.009920
 Pb -0.019428 -0.019773 -0.008481
 Pb  0.003770 -0.005456 -0.014814
 Pb -0.000911 -0.025750 -0.013633

#--

	15
normal_mode_# 31 - Freq(cm^-1): -68.6546
  F -0.106162  0.031916  0.027395
  F -0.127708  0.093391 -0.209773
  F  0.099423  0.395962 -0.186213
  F -0.028940  0.010287  0.006911
  F -0.039652 -0.410708  0.164127
  F  0.400306 -0.120406 -0.115762
  F -0.280587  0.095090 -0.070797
  F  0.162992 -0.048945 -0.049541
  F -0.212762  0.049985  0.212449
  F -0.039442 -0.042665  0.254861
 Pb -0.070102  0.020602  0.019478
 Pb  0.083558  0.086025 -0.062744
 Pb  0.013040 -0.017103  0.026006
 Pb  0.045439 -0.125458  0.024788
 Pb  0.004878  0.011986 -0.032557

#--

	15
normal_mode_# 32 - Freq(cm^-1): 161.3282
  F -0.018646 -0.011007 -0.050551
  F -0.305257  0.090649 -0.012108
  F  0.197779 -0.229998  0.001748
  F  0.220504  0.396055  0.348392
  F -0.256890 -0.093267  0.134918
  F  0.063725  0.129475  0.083507
  F -0.169727 -0.114635 -0.187414
  F  0.104464  0.082852  0.271581
  F -0.033142 -0.157000 -0.227803
  F  0.254707 -0.078777 -0.172768
 Pb -0.021411 -0.029722 -0.042094
 Pb  0.004252  0.020030 -0.037608
 Pb -0.000739 -0.007703  0.030135
 Pb -0.011394  0.024396 -0.033128
 Pb  0.011604 -0.011293  0.026128

#--

	15
normal_mode_# 33 - Freq(cm^-1): 152.5274
  F  0.096777 -0.029928 -0.027011
  F -0.562065  0.179716  0.147738
  F  0.163943 -0.188826  0.149927
  F  0.192161 -0.058438 -0.055749
  F  0.138056  0.098875 -0.237093
  F  0.155183 -0.047178 -0.046259
  F -0.017124 -0.030285  0.017389
  F  0.012166 -0.002663 -0.003119
  F -0.004156  0.037237 -0.008440
  F -0.555101  0.157671  0.175025
 Pb  0.008377 -0.002423 -0.002044
 Pb  0.025421 -0.020321 -0.021368
 Pb  0.014359  0.019008 -0.054699
 Pb  0.038722  0.000748  0.003056
 Pb  0.027367 -0.031401  0.042762

#--

	15
normal_mode_# 34 - Freq(cm^-1): 139.1907
  F -0.008845 -0.068745  0.042395
  F -0.168936 -0.104847 -0.192428
  F -0.093620  0.230198 -0.055707
  F  0.134582  0.383976  0.063212
  F  0.154545  0.153641 -0.127701
  F  0.110537 -0.114580  0.504462
  F -0.050964  0.189568  0.090672
  F -0.132124 -0.348785 -0.093861
  F  0.181104  0.117162  0.024949
  F -0.031469 -0.146741 -0.232470
 Pb  0.038045  0.073050  0.054818
 Pb -0.035499 -0.042531 -0.027169
 Pb  0.005241 -0.038460 -0.004669
 Pb -0.010934 -0.049905 -0.034171
 Pb -0.025469 -0.029172  0.004377

#--

	15
normal_mode_# 35 - Freq(cm^-1): 136.4253
  F  0.203477 -0.061229 -0.060188
  F  0.118808 -0.049963 -0.013512
  F  0.103767 -0.085084  0.038656
  F -0.210767  0.065053  0.062284
  F  0.096077  0.026339 -0.097872
  F  0.172868 -0.051853 -0.045202
  F -0.421580 -0.355914  0.268809
  F -0.121649  0.037300  0.036262
  F -0.244705  0.556857 -0.075842
  F  0.111016 -0.021279 -0.054960
 Pb  0.045902 -0.013471 -0.013319
 Pb  0.054854 -0.058073  0.009130
 Pb -0.058481  0.001377  0.012276
 Pb  0.063827  0.022174 -0.044284
 Pb -0.047848  0.030348  0.018674

#--

	15
normal_mode_# 36 - Freq(cm^-1): 130.0998
  F -0.064184  0.086564 -0.310213
  F  0.336926 -0.200305 -0.062856
  F  0.048789  0.035572 -0.034721
  F -0.039374 -0.206848  0.071410
  F -0.032555  0.063259 -0.013499
  F  0.207586  0.130408  0.578679
  F -0.031663 -0.036863 -0.155002
  F  0.096136  0.158500  0.164557
  F -0.069387 -0.030484 -0.143295
  F -0.374535  0.012431  0.140383
 Pb -0.019008 -0.008765 -0.056206
 Pb -0.009163  0.016720 -0.017225
 Pb -0.014299 -0.007538  0.013360
 Pb  0.006807  0.012451 -0.021149
 Pb  0.013655 -0.015896  0.005749

#--

	15
normal_mode_# 37 - Freq(cm^-1): 111.4003
  F -0.087810 -0.229302 -0.068704
  F  0.290100 -0.075679 -0.153765
  F  0.234536  0.183028 -0.084250
  F  0.158881  0.366152  0.167364
  F -0.113069  0.289658  0.014241
  F -0.189697 -0.351798 -0.288540
  F  0.094120 -0.090485  0.024500
  F  0.076345  0.108156  0.153268
  F -0.096933 -0.034468  0.082211
  F -0.318863  0.106501  0.019909
 Pb -0.007826 -0.025566 -0.001442
 Pb -0.029768 -0.049056  0.015635
 Pb  0.005018  0.024575  0.009604
 Pb  0.003881 -0.058721  0.006583
 Pb  0.013872  0.022250  0.007484

#--

	15
normal_mode_# 38 - Freq(cm^-1):  81.7547
  F -0.224814  0.066213  0.064278
  F -0.121687 -0.386286 -0.189023
  F  0.014557  0.104048 -0.045337
  F  0.375592 -0.113213 -0.108213
  F -0.022236 -0.097298  0.048265
  F -0.152468  0.044044  0.047382
  F -0.136987 -0.138351  0.290880
  F  0.070450 -0.020005 -0.018617
  F -0.170770  0.228945 -0.199374
  F  0.203858  0.362500  0.165281
 Pb -0.004125  0.000916  0.001138
 Pb -0.003123  0.051088  0.118415
 Pb  0.093169  0.092186 -0.052091
 Pb -0.086751 -0.024928 -0.091611
 Pb  0.044233 -0.133161  0.012532

#--

	15
normal_mode_# 39 - Freq(cm^-1):  65.6388
  F  0.016080  0.076265 -0.030785
  F  0.317486 -0.188430  0.138208
  F -0.228129 -0.222105  0.149278
  F  0.163420  0.448593  0.076031
  F  0.122469 -0.324620  0.042072
  F -0.017083  0.128567 -0.204558
  F -0.027876  0.070808 -0.093936
  F -0.129049 -0.254721 -0.185966
  F  0.008362  0.058970 -0.103598
  F -0.246950 -0.014646  0.296981
 Pb  0.002610  0.009370  0.000363
 Pb  0.014002  0.040103 -0.020241
 Pb  0.001530 -0.015589  0.002275
 Pb  0.002212  0.043225 -0.016004
 Pb -0.005791 -0.014515  0.006048

#--

	15
normal_mode_# 40 - Freq(cm^-1):  -4.8679
  F  0.179999  0.013668  0.243985
  F  0.200160 -0.013616  0.264046
  F  0.183724  0.021996  0.285894
  F  0.202844 -0.025566  0.257434
  F  0.170325  0.032348  0.237730
  F  0.174049  0.014276  0.214487
  F  0.157841  0.051962  0.226938
  F  0.186552  0.013347  0.278276
  F  0.164820  0.046801  0.258654
  F  0.185166 -0.003872  0.210536
 Pb  0.050641  0.013360  0.079822
 Pb  0.051127  0.006704  0.062761
 Pb  0.057276 -0.000493  0.073795
 Pb  0.054633  0.004805  0.075853
 Pb  0.060454 -0.002705  0.086697

#--

	15
normal_mode_# 41 - Freq(cm^-1):  14.3748
  F  0.123882 -0.061886 -0.062820
  F  0.174438 -0.352131  0.044794
  F -0.130318 -0.293768  0.088224
  F  0.052859  0.010526 -0.080908
  F -0.037984  0.263379 -0.157528
  F  0.427040 -0.152441 -0.092018
  F  0.109166  0.070428 -0.107883
  F -0.221011  0.044284 -0.023498
  F  0.047112 -0.272588  0.032129
  F  0.282902  0.236516 -0.230530
 Pb -0.038827 -0.009778 -0.005678
 Pb  0.092610  0.035305 -0.052667
 Pb -0.005292  0.078308 -0.049578
 Pb  0.068444 -0.103249  0.007228
 Pb -0.029610 -0.065663  0.015763

#--

	15
normal_mode_# 42 - Freq(cm^-1):  12.8922
  F  0.048737 -0.004778 -0.019032
  F -0.241838 -0.048797 -0.252809
  F  0.021858 -0.066222 -0.266357
  F -0.321010  0.052447  0.126975
  F  0.211723  0.050317  0.252785
  F  0.121026 -0.026777 -0.101485
  F  0.430761 -0.009072  0.047324
  F -0.035083  0.018179  0.067640
  F  0.307935 -0.082755 -0.296826
  F -0.044169  0.080436  0.321556
 Pb  0.084682 -0.007841 -0.017089
 Pb  0.063930  0.009162  0.050196
 Pb -0.026845  0.025109  0.097178
 Pb  0.012585 -0.021622 -0.094246
 Pb -0.076676 -0.005743 -0.042039

#--

	15
normal_mode_# 43 - Freq(cm^-1):   5.0603
  F -0.153542 -0.230336  0.122578
  F -0.175173 -0.280388  0.114109
  F -0.179491 -0.252172  0.130141
  F -0.195104 -0.241842  0.150155
  F -0.152135 -0.189789  0.147481
  F -0.115067 -0.241053  0.090971
  F -0.123093 -0.194509  0.115804
  F -0.191106 -0.220738  0.158639
  F -0.138604 -0.240164  0.107811
  F -0.149876 -0.207453  0.134982
 Pb -0.047679 -0.064104  0.041059
 Pb -0.036237 -0.061307  0.033403
 Pb -0.054367 -0.061640  0.048381
 Pb -0.043501 -0.081141  0.029918
 Pb -0.060977 -0.079119  0.043538

#--

	15
normal_mode_# 44 - Freq(cm^-1):   6.7329
  F  0.158432 -0.196938 -0.115602
  F  0.169772 -0.102338 -0.122515
  F  0.253050 -0.109355 -0.127019
  F  0.228778 -0.253718 -0.119126
  F  0.196908 -0.304301 -0.114518
  F  0.029499 -0.159305 -0.110753
  F  0.121551 -0.230196 -0.110282
  F  0.291946 -0.236882 -0.121502
  F  0.159139 -0.097572 -0.124641
  F  0.114648 -0.321619 -0.110945
 Pb  0.068864 -0.058390 -0.036734
 Pb  0.019861 -0.081322 -0.031975
 Pb  0.068411 -0.099435 -0.034708
 Pb  0.035317 -0.024561 -0.037118
 Pb  0.083354 -0.046711 -0.038028

#--

	15
normal_mode_# 45 - Freq(cm^-1):  10.1680
  F -0.024288  0.015760 -0.075147
  F -0.040672 -0.248954 -0.037252
  F  0.019034  0.089905  0.166134
  F -0.020112 -0.353325  0.158943
  F  0.012482  0.159814  0.051987
  F -0.084426  0.028217 -0.445281
  F -0.008950  0.383119 -0.196772
  F  0.035010 -0.005534  0.308862
  F -0.000628  0.336817 -0.124985
  F -0.057466 -0.168186 -0.159222
 Pb  0.009673  0.093114  0.028537
 Pb -0.016885  0.029985 -0.096780
 Pb -0.000408 -0.044252  0.047289
 Pb -0.014098  0.010572 -0.066389
 Pb  0.002309 -0.063544  0.077583

#--

